Using pre-set license
Built from '2020.3/staging' branch; Version is '2020.3.3f1 (76626098c1c4) revision 7758432'; Using compiler version '192528614'; Build Type 'Release'
OS: 'Windows 10 Home; OS build 19042.867; Version 2009; 64bit' Language: 'en' Physical Memory: 16286 MB
BatchMode: 1, IsHumanControllingUs: 0, StartBugReporterOnCrash: 0, Is64bit: 1, IsPro: 0

 COMMAND LINE ARGUMENTS:
C:\Unity\Hub\Editor\Editor\2020.3.3f1\Editor\Unity.exe
-adb2
-batchMode
-noUpm
-name
AssetImportWorker0
-projectPath
C:/GitHub/Hevraya-2d/ProjectSettings/Hevraya 2d
-logFile
Logs/AssetImportWorker0.log
-srvPort
51598
Successfully changed project path to: C:/GitHub/Hevraya-2d/ProjectSettings/Hevraya 2d
C:/GitHub/Hevraya-2d/ProjectSettings/Hevraya 2d
Using Asset Import Pipeline V2.
Refreshing native plugins compatible for Editor in 65.59 ms, found 1 plugins.
Preloading 0 native plugins for Editor in 0.00 ms.
Initialize engine version: 2020.3.3f1 (76626098c1c4)
[Subsystems] Discovering subsystems at path C:/Unity/Hub/Editor/Editor/2020.3.3f1/Editor/Data/Resources/UnitySubsystems
[Subsystems] Discovering subsystems at path C:/GitHub/Hevraya-2d/ProjectSettings/Hevraya 2d/Assets
GfxDevice: creating device client; threaded=0
Direct3D:
    Version:  Direct3D 11.0 [level 11.1]
    Renderer: NVIDIA GeForce GTX 1060 6GB (ID=0x1c03)
    Vendor:   
    VRAM:     6052 MB
    Driver:   27.21.14.6589
Initialize mono
Mono path[0] = 'C:/Unity/Hub/Editor/Editor/2020.3.3f1/Editor/Data/Managed'
Mono path[1] = 'C:/Unity/Hub/Editor/Editor/2020.3.3f1/Editor/Data/MonoBleedingEdge/lib/mono/unityjit'
Mono config path = 'C:/Unity/Hub/Editor/Editor/2020.3.3f1/Editor/Data/MonoBleedingEdge/etc'
Using monoOptions --debugger-agent=transport=dt_socket,embedding=1,server=y,suspend=n,address=127.0.0.1:56780
Begin MonoManager ReloadAssembly
Registering precompiled unity dll's ...
Register platform support module: C:/Unity/Hub/Editor/Editor/2020.3.3f1/Editor/Data/PlaybackEngines/WindowsStandaloneSupport/UnityEditor.WindowsStandalone.Extensions.dll
Registered in 0.003461 seconds.
Native extension for WindowsStandalone target not found
Refreshing native plugins compatible for Editor in 47.78 ms, found 1 plugins.
Preloading 0 native plugins for Editor in 0.00 ms.
Invoked RoslynAnalysisRunner static constructor.
RoslynAnalysisRunner will not be running.
RoslynAnalysisRunner has terminated.
Mono: successfully reloaded assembly
- Completed reload, in  1.759 seconds
Platform modules already initialized, skipping
Registering precompiled user dll's ...
Registered in 0.001741 seconds.
Begin MonoManager ReloadAssembly
Native extension for WindowsStandalone target not found
Refreshing native plugins compatible for Editor in 50.06 ms, found 1 plugins.
Preloading 0 native plugins for Editor in 0.00 ms.
Invoked RoslynAnalysisRunner static constructor.
RoslynAnalysisRunner will not be running.
RoslynAnalysisRunner has terminated.
Mono: successfully reloaded assembly
- Completed reload, in  1.366 seconds
Platform modules already initialized, skipping
========================================================================
Worker process is ready to serve import requests
Launched and connected shader compiler UnityShaderCompiler.exe after 0.12 seconds
Refreshing native plugins compatible for Editor in 0.34 ms, found 1 plugins.
Preloading 0 native plugins for Editor in 0.00 ms.
Unloading 1815 Unused Serialized files (Serialized files now loaded: 0)
System memory in use before: 85.1 MB.
System memory in use after: 85.0 MB.

Unloading 24 unused Assets to reduce memory usage. Loaded Objects now: 2258.
Total: 2.920500 ms (FindLiveObjects: 0.263200 ms CreateObjectMapping: 0.149200 ms MarkObjects: 2.303100 ms  DeleteObjects: 0.203400 ms)

========================================================================
Received Import Request.
  path: Assets/Title_Image.png
  artifactKey: Guid(73e380a3c1300284d9e5fceaacdfd8ac) Importer(815301076,1909f56bfc062723c751e8b465ee728b)
Start importing Assets/Title_Image.png using Guid(73e380a3c1300284d9e5fceaacdfd8ac) Importer(815301076,1909f56bfc062723c751e8b465ee728b)  -> (artifact id: '7958457b2ae5e688ced3987ef04fc90e') in 0.256572 seconds
  Import took 0.261026 seconds .

========================================================================
Received Prepare
Registering precompiled user dll's ...
Registered in 0.001693 seconds.
Begin MonoManager ReloadAssembly
Native extension for WindowsStandalone target not found
Refreshing native plugins compatible for Editor in 0.34 ms, found 1 plugins.
Preloading 0 native plugins for Editor in 0.00 ms.
Invoked RoslynAnalysisRunner static constructor.
RoslynAnalysisRunner will not be running.
RoslynAnalysisRunner has terminated.
Mono: successfully reloaded assembly
- Completed reload, in  1.160 seconds
Platform modules already initialized, skipping
Refreshing native plugins compatible for Editor in 0.43 ms, found 1 plugins.
Preloading 0 native plugins for Editor in 0.00 ms.
Unloading 1810 Unused Serialized files (Serialized files now loaded: 0)
System memory in use before: 88.1 MB.
System memory in use after: 88.1 MB.

Unloading 12 unused Assets to reduce memory usage. Loaded Objects now: 2268.
Total: 3.091700 ms (FindLiveObjects: 0.328800 ms CreateObjectMapping: 0.138400 ms MarkObjects: 2.474100 ms  DeleteObjects: 0.148100 ms)

========================================================================
Received Prepare
Registering precompiled user dll's ...
Registered in 0.002143 seconds.
Begin MonoManager ReloadAssembly
Native extension for WindowsStandalone target not found
Refreshing native plugins compatible for Editor in 0.34 ms, found 1 plugins.
Preloading 0 native plugins for Editor in 0.00 ms.
Invoked RoslynAnalysisRunner static constructor.
RoslynAnalysisRunner will not be running.
RoslynAnalysisRunner has terminated.
Mono: successfully reloaded assembly
- Completed reload, in  1.159 seconds
Platform modules already initialized, skipping
Refreshing native plugins compatible for Editor in 0.50 ms, found 1 plugins.
Preloading 0 native plugins for Editor in 0.00 ms.
Unloading 1810 Unused Serialized files (Serialized files now loaded: 0)
System memory in use before: 88.1 MB.
System memory in use after: 88.1 MB.

Unloading 12 unused Assets to reduce memory usage. Loaded Objects now: 2272.
Total: 3.352500 ms (FindLiveObjects: 0.440300 ms CreateObjectMapping: 0.080100 ms MarkObjects: 2.685800 ms  DeleteObjects: 0.145000 ms)

========================================================================
Received Prepare
Registering precompiled user dll's ...
Registered in 0.001120 seconds.
Begin MonoManager ReloadAssembly
Native extension for WindowsStandalone target not found
Refreshing native plugins compatible for Editor in 0.76 ms, found 1 plugins.
Preloading 0 native plugins for Editor in 0.00 ms.
Invoked RoslynAnalysisRunner static constructor.
RoslynAnalysisRunner will not be running.
RoslynAnalysisRunner has terminated.
Mono: successfully reloaded assembly
- Completed reload, in  1.119 seconds
Platform modules already initialized, skipping
Refreshing native plugins compatible for Editor in 0.69 ms, found 1 plugins.
Preloading 0 native plugins for Editor in 0.00 ms.
Unloading 1810 Unused Serialized files (Serialized files now loaded: 0)
System memory in use before: 88.2 MB.
System memory in use after: 88.1 MB.

Unloading 12 unused Assets to reduce memory usage. Loaded Objects now: 2276.
Total: 2.596700 ms (FindLiveObjects: 0.318200 ms CreateObjectMapping: 0.099200 ms MarkObjects: 1.989900 ms  DeleteObjects: 0.188300 ms)

========================================================================
Received Import Request.
  Time since last request: 341.051610 seconds.
  path: Assets/Animations/walking up tho.anim
  artifactKey: Guid(55f381073e4c48f419ef055c34ae90e2) Importer(815301076,1909f56bfc062723c751e8b465ee728b)
Start importing Assets/Animations/walking up tho.anim using Guid(55f381073e4c48f419ef055c34ae90e2) Importer(815301076,1909f56bfc062723c751e8b465ee728b)  -> (artifact id: 'b47e11c272124753b5f6fa2742717c35') in 0.022363 seconds
  Import took 0.026004 seconds .

========================================================================
Received Prepare
Registering precompiled user dll's ...
Registered in 0.001703 seconds.
Begin MonoManager ReloadAssembly
Native extension for WindowsStandalone target not found
Refreshing native plugins compatible for Editor in 0.43 ms, found 1 plugins.
Preloading 0 native plugins for Editor in 0.00 ms.
Invoked RoslynAnalysisRunner static constructor.
RoslynAnalysisRunner will not be running.
RoslynAnalysisRunner has terminated.
Mono: successfully reloaded assembly
- Completed reload, in  1.013 seconds
Platform modules already initialized, skipping
Refreshing native plugins compatible for Editor in 0.73 ms, found 1 plugins.
Preloading 0 native plugins for Editor in 0.00 ms.
Unloading 1810 Unused Serialized files (Serialized files now loaded: 0)
System memory in use before: 88.2 MB.
System memory in use after: 88.2 MB.

Unloading 12 unused Assets to reduce memory usage. Loaded Objects now: 2280.
Total: 2.887100 ms (FindLiveObjects: 0.306000 ms CreateObjectMapping: 0.098300 ms MarkObjects: 2.349700 ms  DeleteObjects: 0.131800 ms)

========================================================================
Received Import Request.
  Time since last request: 6.359080 seconds.
  path: Assets/Animations/up.anim
  artifactKey: Guid(55f381073e4c48f419ef055c34ae90e2) Importer(815301076,1909f56bfc062723c751e8b465ee728b)
Start importing Assets/Animations/up.anim using Guid(55f381073e4c48f419ef055c34ae90e2) Importer(815301076,1909f56bfc062723c751e8b465ee728b)  -> (artifact id: '07588f204c2050192153bf132873c5cd') in 0.013276 seconds
  Import took 0.017515 seconds .

========================================================================
Received Import Request.
  Time since last request: 2.837776 seconds.
  path: Assets/Animations/normal.anim
  artifactKey: Guid(b677250566a35d14d8ba341069c00c68) Importer(815301076,1909f56bfc062723c751e8b465ee728b)
Start importing Assets/Animations/normal.anim using Guid(b677250566a35d14d8ba341069c00c68) Importer(815301076,1909f56bfc062723c751e8b465ee728b)  -> (artifact id: '21758586832ab1820e83cef2cec7f0a6') in 0.003385 seconds
  Import took 0.006843 seconds .

========================================================================
Received Import Request.
  Time since last request: 2.989005 seconds.
  path: Assets/Animations/Knight_up_walk_0.controller
  artifactKey: Guid(35422e7617c17a74697e9db7aa885385) Importer(815301076,1909f56bfc062723c751e8b465ee728b)
Start importing Assets/Animations/Knight_up_walk_0.controller using Guid(35422e7617c17a74697e9db7aa885385) Importer(815301076,1909f56bfc062723c751e8b465ee728b)  -> (artifact id: 'c74a4032e7b97a6afb9ecf4fe158aec8') in 0.005720 seconds
  Import took 0.008735 seconds .

========================================================================
Received Import Request.
  Time since last request: 2.894237 seconds.
  path: Assets/Animations/Knight_front_walk_0.controller
  artifactKey: Guid(68b20f42919c3ae41ad67486eb1ea3ec) Importer(815301076,1909f56bfc062723c751e8b465ee728b)
Start importing Assets/Animations/Knight_front_walk_0.controller using Guid(68b20f42919c3ae41ad67486eb1ea3ec) Importer(815301076,1909f56bfc062723c751e8b465ee728b)  -> (artifact id: '63edc7fe2dc3e45bc401967c4bee85ea') in 0.003105 seconds
  Import took 0.006620 seconds .

========================================================================
Received Import Request.
  Time since last request: 56.633170 seconds.
  path: Assets/Animations/Player.controller
  artifactKey: Guid(186665075fc10f144b904747f678337c) Importer(815301076,1909f56bfc062723c751e8b465ee728b)
Start importing Assets/Animations/Player.controller using Guid(186665075fc10f144b904747f678337c) Importer(815301076,1909f56bfc062723c751e8b465ee728b)  -> (artifact id: 'ffefae32a056144c9df626593d578de1') in 0.004118 seconds
  Import took 0.007614 seconds .

========================================================================
Received Prepare
Registering precompiled user dll's ...
Registered in 0.001299 seconds.
Begin MonoManager ReloadAssembly
Native extension for WindowsStandalone target not found
Refreshing native plugins compatible for Editor in 0.43 ms, found 1 plugins.
Preloading 0 native plugins for Editor in 0.00 ms.
Invoked RoslynAnalysisRunner static constructor.
RoslynAnalysisRunner will not be running.
RoslynAnalysisRunner has terminated.
Mono: successfully reloaded assembly
- Completed reload, in  0.965 seconds
Platform modules already initialized, skipping
Refreshing native plugins compatible for Editor in 0.55 ms, found 1 plugins.
Preloading 0 native plugins for Editor in 0.00 ms.
Unloading 1810 Unused Serialized files (Serialized files now loaded: 0)
System memory in use before: 88.2 MB.
System memory in use after: 88.2 MB.

Unloading 12 unused Assets to reduce memory usage. Loaded Objects now: 2284.
Total: 2.518500 ms (FindLiveObjects: 0.227800 ms CreateObjectMapping: 0.092500 ms MarkObjects: 2.058600 ms  DeleteObjects: 0.138200 ms)

========================================================================
Received Prepare
Registering precompiled user dll's ...
Registered in 0.001128 seconds.
Begin MonoManager ReloadAssembly
Native extension for WindowsStandalone target not found
Refreshing native plugins compatible for Editor in 0.43 ms, found 1 plugins.
Preloading 0 native plugins for Editor in 0.00 ms.
Invoked RoslynAnalysisRunner static constructor.
RoslynAnalysisRunner will not be running.
RoslynAnalysisRunner has terminated.
Mono: successfully reloaded assembly
- Completed reload, in  1.076 seconds
Platform modules already initialized, skipping
Refreshing native plugins compatible for Editor in 0.51 ms, found 1 plugins.
Preloading 0 native plugins for Editor in 0.00 ms.
Unloading 1810 Unused Serialized files (Serialized files now loaded: 0)
System memory in use before: 88.2 MB.
System memory in use after: 88.2 MB.

Unloading 12 unused Assets to reduce memory usage. Loaded Objects now: 2288.
Total: 3.276400 ms (FindLiveObjects: 0.564000 ms CreateObjectMapping: 0.124100 ms MarkObjects: 2.421800 ms  DeleteObjects: 0.165000 ms)

========================================================================
Received Prepare
Registering precompiled user dll's ...
Registered in 0.001776 seconds.
Begin MonoManager ReloadAssembly
Native extension for WindowsStandalone target not found
Refreshing native plugins compatible for Editor in 0.34 ms, found 1 plugins.
Preloading 0 native plugins for Editor in 0.00 ms.
Invoked RoslynAnalysisRunner static constructor.
RoslynAnalysisRunner will not be running.
RoslynAnalysisRunner has terminated.
Mono: successfully reloaded assembly
- Completed reload, in  1.192 seconds
Platform modules already initialized, skipping
Refreshing native plugins compatible for Editor in 0.76 ms, found 1 plugins.
Preloading 0 native plugins for Editor in 0.00 ms.
Unloading 1810 Unused Serialized files (Serialized files now loaded: 0)
System memory in use before: 88.3 MB.
System memory in use after: 88.2 MB.

Unloading 12 unused Assets to reduce memory usage. Loaded Objects now: 2292.
Total: 2.781000 ms (FindLiveObjects: 0.345300 ms CreateObjectMapping: 0.107900 ms MarkObjects: 2.132600 ms  DeleteObjects: 0.193300 ms)

========================================================================
Received Prepare
Registering precompiled user dll's ...
Registered in 0.001519 seconds.
Begin MonoManager ReloadAssembly
Native extension for WindowsStandalone target not found
Refreshing native plugins compatible for Editor in 0.33 ms, found 1 plugins.
Preloading 0 native plugins for Editor in 0.00 ms.
Invoked RoslynAnalysisRunner static constructor.
RoslynAnalysisRunner will not be running.
RoslynAnalysisRunner has terminated.
Mono: successfully reloaded assembly
- Completed reload, in  0.993 seconds
Platform modules already initialized, skipping
Refreshing native plugins compatible for Editor in 0.78 ms, found 1 plugins.
Preloading 0 native plugins for Editor in 0.00 ms.
Unloading 1810 Unused Serialized files (Serialized files now loaded: 0)
System memory in use before: 88.3 MB.
System memory in use after: 88.2 MB.

Unloading 12 unused Assets to reduce memory usage. Loaded Objects now: 2296.
Total: 2.767800 ms (FindLiveObjects: 0.250200 ms CreateObjectMapping: 0.077800 ms MarkObjects: 2.264100 ms  DeleteObjects: 0.174400 ms)

========================================================================
Received Prepare
Registering precompiled user dll's ...
Registered in 0.001071 seconds.
Begin MonoManager ReloadAssembly
Native extension for WindowsStandalone target not found
Refreshing native plugins compatible for Editor in 0.34 ms, found 1 plugins.
Preloading 0 native plugins for Editor in 0.00 ms.
Invoked RoslynAnalysisRunner static constructor.
RoslynAnalysisRunner will not be running.
RoslynAnalysisRunner has terminated.
Mono: successfully reloaded assembly
- Completed reload, in  0.950 seconds
Platform modules already initialized, skipping
Refreshing native plugins compatible for Editor in 0.51 ms, found 1 plugins.
Preloading 0 native plugins for Editor in 0.00 ms.
Unloading 1810 Unused Serialized files (Serialized files now loaded: 0)
System memory in use before: 88.3 MB.
System memory in use after: 88.2 MB.

Unloading 12 unused Assets to reduce memory usage. Loaded Objects now: 2300.
Total: 2.582800 ms (FindLiveObjects: 0.333700 ms CreateObjectMapping: 0.208800 ms MarkObjects: 1.912700 ms  DeleteObjects: 0.126300 ms)

========================================================================
Received Import Request.
  Time since last request: 655.345482 seconds.
  path: Assets/Animations/down.anim
  artifactKey: Guid(b677250566a35d14d8ba341069c00c68) Importer(815301076,1909f56bfc062723c751e8b465ee728b)
Start importing Assets/Animations/down.anim using Guid(b677250566a35d14d8ba341069c00c68) Importer(815301076,1909f56bfc062723c751e8b465ee728b)  -> (artifact id: 'c97507b8eb6a7d1355c58571781a1a34') in 0.016666 seconds
  Import took 0.020196 seconds .

========================================================================
Received Prepare
Registering precompiled user dll's ...
Registered in 0.001531 seconds.
Begin MonoManager ReloadAssembly
Native extension for WindowsStandalone target not found
Refreshing native plugins compatible for Editor in 0.39 ms, found 1 plugins.
Preloading 0 native plugins for Editor in 0.00 ms.
Invoked RoslynAnalysisRunner static constructor.
RoslynAnalysisRunner will not be running.
RoslynAnalysisRunner has terminated.
Mono: successfully reloaded assembly
- Completed reload, in  1.011 seconds
Platform modules already initialized, skipping
Refreshing native plugins compatible for Editor in 0.38 ms, found 1 plugins.
Preloading 0 native plugins for Editor in 0.00 ms.
Unloading 1810 Unused Serialized files (Serialized files now loaded: 0)
System memory in use before: 88.3 MB.
System memory in use after: 88.3 MB.

Unloading 12 unused Assets to reduce memory usage. Loaded Objects now: 2304.
Total: 3.117400 ms (FindLiveObjects: 0.435100 ms CreateObjectMapping: 0.154600 ms MarkObjects: 1.967700 ms  DeleteObjects: 0.558300 ms)

========================================================================
Received Prepare
Registering precompiled user dll's ...
Registered in 0.001386 seconds.
Begin MonoManager ReloadAssembly
Native extension for WindowsStandalone target not found
Refreshing native plugins compatible for Editor in 0.35 ms, found 1 plugins.
Preloading 0 native plugins for Editor in 0.00 ms.
Invoked RoslynAnalysisRunner static constructor.
RoslynAnalysisRunner will not be running.
RoslynAnalysisRunner has terminated.
Mono: successfully reloaded assembly
- Completed reload, in  1.047 seconds
Platform modules already initialized, skipping
Refreshing native plugins compatible for Editor in 0.37 ms, found 1 plugins.
Preloading 0 native plugins for Editor in 0.00 ms.
Unloading 1810 Unused Serialized files (Serialized files now loaded: 0)
System memory in use before: 88.3 MB.
System memory in use after: 88.3 MB.

Unloading 12 unused Assets to reduce memory usage. Loaded Objects now: 2308.
Total: 2.133900 ms (FindLiveObjects: 0.208300 ms CreateObjectMapping: 0.072600 ms MarkObjects: 1.737300 ms  DeleteObjects: 0.114400 ms)

========================================================================
Received Prepare
Registering precompiled user dll's ...
Registered in 0.002048 seconds.
Begin MonoManager ReloadAssembly
Native extension for WindowsStandalone target not found
Refreshing native plugins compatible for Editor in 0.46 ms, found 1 plugins.
Preloading 0 native plugins for Editor in 0.00 ms.
Invoked RoslynAnalysisRunner static constructor.
RoslynAnalysisRunner will not be running.
RoslynAnalysisRunner has terminated.
Mono: successfully reloaded assembly
- Completed reload, in  1.220 seconds
Platform modules already initialized, skipping
Refreshing native plugins compatible for Editor in 0.45 ms, found 1 plugins.
Preloading 0 native plugins for Editor in 0.00 ms.
Unloading 1810 Unused Serialized files (Serialized files now loaded: 0)
System memory in use before: 88.3 MB.
System memory in use after: 88.3 MB.

Unloading 12 unused Assets to reduce memory usage. Loaded Objects now: 2312.
Total: 2.496400 ms (FindLiveObjects: 0.189200 ms CreateObjectMapping: 0.061100 ms MarkObjects: 2.110500 ms  DeleteObjects: 0.134100 ms)

========================================================================
Received Prepare
Registering precompiled user dll's ...
Registered in 0.002053 seconds.
Begin MonoManager ReloadAssembly
Native extension for WindowsStandalone target not found
Refreshing native plugins compatible for Editor in 0.41 ms, found 1 plugins.
Preloading 0 native plugins for Editor in 0.00 ms.
Invoked RoslynAnalysisRunner static constructor.
RoslynAnalysisRunner will not be running.
RoslynAnalysisRunner has terminated.
Mono: successfully reloaded assembly
- Completed reload, in  1.313 seconds
Platform modules already initialized, skipping
Refreshing native plugins compatible for Editor in 0.53 ms, found 1 plugins.
Preloading 0 native plugins for Editor in 0.00 ms.
Unloading 1810 Unused Serialized files (Serialized files now loaded: 0)
System memory in use before: 88.3 MB.
System memory in use after: 88.3 MB.

Unloading 12 unused Assets to reduce memory usage. Loaded Objects now: 2316.
Total: 2.434500 ms (FindLiveObjects: 0.215700 ms CreateObjectMapping: 0.090500 ms MarkObjects: 1.944700 ms  DeleteObjects: 0.182300 ms)

========================================================================
Received Prepare
Registering precompiled user dll's ...
Registered in 0.001573 seconds.
Begin MonoManager ReloadAssembly
Native extension for WindowsStandalone target not found
Refreshing native plugins compatible for Editor in 0.40 ms, found 1 plugins.
Preloading 0 native plugins for Editor in 0.00 ms.
Invoked RoslynAnalysisRunner static constructor.
RoslynAnalysisRunner will not be running.
RoslynAnalysisRunner has terminated.
Mono: successfully reloaded assembly
- Completed reload, in  1.019 seconds
Platform modules already initialized, skipping
Refreshing native plugins compatible for Editor in 0.35 ms, found 1 plugins.
Preloading 0 native plugins for Editor in 0.00 ms.
Unloading 1810 Unused Serialized files (Serialized files now loaded: 0)
System memory in use before: 88.3 MB.
System memory in use after: 88.3 MB.

Unloading 12 unused Assets to reduce memory usage. Loaded Objects now: 2320.
Total: 2.218200 ms (FindLiveObjects: 0.191200 ms CreateObjectMapping: 0.058700 ms MarkObjects: 1.810300 ms  DeleteObjects: 0.156600 ms)

========================================================================
Received Prepare
Registering precompiled user dll's ...
Registered in 0.002112 seconds.
Begin MonoManager ReloadAssembly
Native extension for WindowsStandalone target not found
Refreshing native plugins compatible for Editor in 0.36 ms, found 1 plugins.
Preloading 0 native plugins for Editor in 0.00 ms.
Invoked RoslynAnalysisRunner static constructor.
RoslynAnalysisRunner will not be running.
RoslynAnalysisRunner has terminated.
Mono: successfully reloaded assembly
- Completed reload, in  1.166 seconds
Platform modules already initialized, skipping
Refreshing native plugins compatible for Editor in 0.40 ms, found 1 plugins.
Preloading 0 native plugins for Editor in 0.00 ms.
Unloading 1810 Unused Serialized files (Serialized files now loaded: 0)
System memory in use before: 88.3 MB.
System memory in use after: 88.3 MB.

Unloading 12 unused Assets to reduce memory usage. Loaded Objects now: 2324.
Total: 2.577300 ms (FindLiveObjects: 0.286600 ms CreateObjectMapping: 0.205300 ms MarkObjects: 1.846200 ms  DeleteObjects: 0.237700 ms)

========================================================================
Received Prepare
Registering precompiled user dll's ...
Registered in 0.001382 seconds.
Begin MonoManager ReloadAssembly
Native extension for WindowsStandalone target not found
Refreshing native plugins compatible for Editor in 0.49 ms, found 1 plugins.
Preloading 0 native plugins for Editor in 0.00 ms.
Invoked RoslynAnalysisRunner static constructor.
RoslynAnalysisRunner will not be running.
RoslynAnalysisRunner has terminated.
Mono: successfully reloaded assembly
- Completed reload, in  1.014 seconds
Platform modules already initialized, skipping
Refreshing native plugins compatible for Editor in 0.46 ms, found 1 plugins.
Preloading 0 native plugins for Editor in 0.00 ms.
Unloading 1810 Unused Serialized files (Serialized files now loaded: 0)
System memory in use before: 88.3 MB.
System memory in use after: 88.3 MB.

Unloading 12 unused Assets to reduce memory usage. Loaded Objects now: 2328.
Total: 2.297700 ms (FindLiveObjects: 0.239500 ms CreateObjectMapping: 0.057000 ms MarkObjects: 1.812100 ms  DeleteObjects: 0.187900 ms)

========================================================================
Received Prepare
Registering precompiled user dll's ...
Registered in 0.001258 seconds.
Begin MonoManager ReloadAssembly
Native extension for WindowsStandalone target not found
Refreshing native plugins compatible for Editor in 0.42 ms, found 1 plugins.
Preloading 0 native plugins for Editor in 0.00 ms.
Invoked RoslynAnalysisRunner static constructor.
RoslynAnalysisRunner will not be running.
RoslynAnalysisRunner has terminated.
Mono: successfully reloaded assembly
- Completed reload, in  1.057 seconds
Platform modules already initialized, skipping
Refreshing native plugins compatible for Editor in 0.47 ms, found 1 plugins.
Preloading 0 native plugins for Editor in 0.00 ms.
Unloading 1810 Unused Serialized files (Serialized files now loaded: 0)
System memory in use before: 88.3 MB.
System memory in use after: 88.3 MB.

Unloading 12 unused Assets to reduce memory usage. Loaded Objects now: 2332.
Total: 2.635500 ms (FindLiveObjects: 0.289500 ms CreateObjectMapping: 0.090500 ms MarkObjects: 2.133200 ms  DeleteObjects: 0.120600 ms)

========================================================================
Received Prepare
Registering precompiled user dll's ...
Registered in 0.001460 seconds.
Begin MonoManager ReloadAssembly
Native extension for WindowsStandalone target not found
Refreshing native plugins compatible for Editor in 0.37 ms, found 1 plugins.
Preloading 0 native plugins for Editor in 0.00 ms.
Invoked RoslynAnalysisRunner static constructor.
RoslynAnalysisRunner will not be running.
RoslynAnalysisRunner has terminated.
Mono: successfully reloaded assembly
- Completed reload, in  1.062 seconds
Platform modules already initialized, skipping
Refreshing native plugins compatible for Editor in 0.38 ms, found 1 plugins.
Preloading 0 native plugins for Editor in 0.00 ms.
Unloading 1810 Unused Serialized files (Serialized files now loaded: 0)
System memory in use before: 88.3 MB.
System memory in use after: 88.3 MB.

Unloading 12 unused Assets to reduce memory usage. Loaded Objects now: 2336.
Total: 3.041900 ms (FindLiveObjects: 0.173800 ms CreateObjectMapping: 0.061400 ms MarkObjects: 2.637700 ms  DeleteObjects: 0.167600 ms)

========================================================================
Received Prepare
Registering precompiled user dll's ...
Registered in 0.001474 seconds.
Begin MonoManager ReloadAssembly
Native extension for WindowsStandalone target not found
Refreshing native plugins compatible for Editor in 0.54 ms, found 1 plugins.
Preloading 0 native plugins for Editor in 0.00 ms.
Invoked RoslynAnalysisRunner static constructor.
RoslynAnalysisRunner will not be running.
RoslynAnalysisRunner has terminated.
Mono: successfully reloaded assembly
- Completed reload, in  0.965 seconds
Platform modules already initialized, skipping
Refreshing native plugins compatible for Editor in 0.52 ms, found 1 plugins.
Preloading 0 native plugins for Editor in 0.00 ms.
Unloading 1810 Unused Serialized files (Serialized files now loaded: 0)
System memory in use before: 88.4 MB.
System memory in use after: 88.3 MB.

Unloading 12 unused Assets to reduce memory usage. Loaded Objects now: 2340.
Total: 2.738800 ms (FindLiveObjects: 0.210400 ms CreateObjectMapping: 0.075400 ms MarkObjects: 2.220200 ms  DeleteObjects: 0.230200 ms)

========================================================================
Received Import Request.
  Time since last request: 1752.969976 seconds.
  path: Assets/Animations
  artifactKey: Guid(1c2c33a62c3e1a648befcc9789d260ff) Importer(815301076,1909f56bfc062723c751e8b465ee728b)
Start importing Assets/Animations using Guid(1c2c33a62c3e1a648befcc9789d260ff) Importer(815301076,1909f56bfc062723c751e8b465ee728b)  -> (artifact id: 'b4e48d9804b530ec9b83aa3389d28eb9') in 0.006462 seconds
  Import took 0.010566 seconds .

========================================================================
Received Import Request.
  Time since last request: 7.896320 seconds.
  path: Assets/Animations/Idle.anim
  artifactKey: Guid(06c1118c94551e342b6dec143a1fc405) Importer(815301076,1909f56bfc062723c751e8b465ee728b)
Start importing Assets/Animations/Idle.anim using Guid(06c1118c94551e342b6dec143a1fc405) Importer(815301076,1909f56bfc062723c751e8b465ee728b)  -> (artifact id: '1745479c636a755663fd84305da480ef') in 0.015831 seconds
  Import took 0.019997 seconds .

========================================================================
Received Import Request.
  Time since last request: 519.256041 seconds.
  path: Assets/Animations/down.anim
  artifactKey: Guid(b677250566a35d14d8ba341069c00c68) Importer(815301076,1909f56bfc062723c751e8b465ee728b)
Start importing Assets/Animations/down.anim using Guid(b677250566a35d14d8ba341069c00c68) Importer(815301076,1909f56bfc062723c751e8b465ee728b)  -> (artifact id: '3232b160acb3a1b87d6d640678f7d6cb') in 0.005873 seconds
  Import took 0.010224 seconds .

========================================================================
Received Prepare
Registering precompiled user dll's ...
Registered in 0.001614 seconds.
Begin MonoManager ReloadAssembly
Native extension for WindowsStandalone target not found
Refreshing native plugins compatible for Editor in 0.38 ms, found 1 plugins.
Preloading 0 native plugins for Editor in 0.00 ms.
Invoked RoslynAnalysisRunner static constructor.
RoslynAnalysisRunner will not be running.
RoslynAnalysisRunner has terminated.
Mono: successfully reloaded assembly
- Completed reload, in  1.060 seconds
Platform modules already initialized, skipping
Refreshing native plugins compatible for Editor in 0.38 ms, found 1 plugins.
Preloading 0 native plugins for Editor in 0.00 ms.
Unloading 1810 Unused Serialized files (Serialized files now loaded: 0)
System memory in use before: 88.4 MB.
System memory in use after: 88.3 MB.

Unloading 12 unused Assets to reduce memory usage. Loaded Objects now: 2344.
Total: 3.016900 ms (FindLiveObjects: 0.375500 ms CreateObjectMapping: 0.090600 ms MarkObjects: 2.402400 ms  DeleteObjects: 0.145000 ms)

========================================================================
Received Import Request.
  Time since last request: 97.553827 seconds.
  path: Assets/Animations/Idle.anim
  artifactKey: Guid(06c1118c94551e342b6dec143a1fc405) Importer(815301076,1909f56bfc062723c751e8b465ee728b)
Start importing Assets/Animations/Idle.anim using Guid(06c1118c94551e342b6dec143a1fc405) Importer(815301076,1909f56bfc062723c751e8b465ee728b)  -> (artifact id: 'add7d195419307746c1699b6cd298157') in 0.015962 seconds
  Import took 0.019619 seconds .

========================================================================
Received Import Request.
  Time since last request: 0.016009 seconds.
  path: Assets/Animations/Idle.anim
  artifactKey: Guid(06c1118c94551e342b6dec143a1fc405) Importer(815301076,1909f56bfc062723c751e8b465ee728b)
Start importing Assets/Animations/Idle.anim using Guid(06c1118c94551e342b6dec143a1fc405) Importer(815301076,1909f56bfc062723c751e8b465ee728b)  -> (artifact id: 'add7d195419307746c1699b6cd298157') in 0.002532 seconds
  Import took 0.007105 seconds .

========================================================================
Received Prepare
Registering precompiled user dll's ...
Registered in 0.001131 seconds.
Begin MonoManager ReloadAssembly
Native extension for WindowsStandalone target not found
Refreshing native plugins compatible for Editor in 0.34 ms, found 1 plugins.
Preloading 0 native plugins for Editor in 0.00 ms.
Invoked RoslynAnalysisRunner static constructor.
RoslynAnalysisRunner will not be running.
RoslynAnalysisRunner has terminated.
Mono: successfully reloaded assembly
- Completed reload, in  1.017 seconds
Platform modules already initialized, skipping
Refreshing native plugins compatible for Editor in 0.35 ms, found 1 plugins.
Preloading 0 native plugins for Editor in 0.00 ms.
Unloading 1810 Unused Serialized files (Serialized files now loaded: 0)
System memory in use before: 88.4 MB.
System memory in use after: 88.3 MB.

Unloading 12 unused Assets to reduce memory usage. Loaded Objects now: 2348.
Total: 2.924700 ms (FindLiveObjects: 0.333000 ms CreateObjectMapping: 0.163800 ms MarkObjects: 2.221300 ms  DeleteObjects: 0.204800 ms)

========================================================================
Received Prepare
Registering precompiled user dll's ...
Registered in 0.001698 seconds.
Begin MonoManager ReloadAssembly
Native extension for WindowsStandalone target not found
Refreshing native plugins compatible for Editor in 0.35 ms, found 1 plugins.
Preloading 0 native plugins for Editor in 0.00 ms.
Invoked RoslynAnalysisRunner static constructor.
RoslynAnalysisRunner will not be running.
RoslynAnalysisRunner has terminated.
Mono: successfully reloaded assembly
- Completed reload, in  1.121 seconds
Platform modules already initialized, skipping
Refreshing native plugins compatible for Editor in 0.39 ms, found 1 plugins.
Preloading 0 native plugins for Editor in 0.00 ms.
Unloading 1810 Unused Serialized files (Serialized files now loaded: 0)
System memory in use before: 88.4 MB.
System memory in use after: 88.4 MB.

Unloading 12 unused Assets to reduce memory usage. Loaded Objects now: 2352.
Total: 3.209100 ms (FindLiveObjects: 0.264400 ms CreateObjectMapping: 0.081500 ms MarkObjects: 2.677300 ms  DeleteObjects: 0.183000 ms)

========================================================================
Received Prepare
Registering precompiled user dll's ...
Registered in 0.001136 seconds.
Begin MonoManager ReloadAssembly
Native extension for WindowsStandalone target not found
Refreshing native plugins compatible for Editor in 0.35 ms, found 1 plugins.
Preloading 0 native plugins for Editor in 0.00 ms.
Invoked RoslynAnalysisRunner static constructor.
RoslynAnalysisRunner will not be running.
RoslynAnalysisRunner has terminated.
Mono: successfully reloaded assembly
- Completed reload, in  0.999 seconds
Platform modules already initialized, skipping
Refreshing native plugins compatible for Editor in 0.48 ms, found 1 plugins.
Preloading 0 native plugins for Editor in 0.00 ms.
Unloading 1810 Unused Serialized files (Serialized files now loaded: 0)
System memory in use before: 88.4 MB.
System memory in use after: 88.4 MB.

Unloading 12 unused Assets to reduce memory usage. Loaded Objects now: 2356.
Total: 2.231000 ms (FindLiveObjects: 0.206600 ms CreateObjectMapping: 0.066200 ms MarkObjects: 1.848700 ms  DeleteObjects: 0.108500 ms)

========================================================================
Received Prepare
Registering precompiled user dll's ...
Registered in 0.001504 seconds.
Begin MonoManager ReloadAssembly
Native extension for WindowsStandalone target not found
Refreshing native plugins compatible for Editor in 0.54 ms, found 1 plugins.
Preloading 0 native plugins for Editor in 0.00 ms.
Invoked RoslynAnalysisRunner static constructor.
RoslynAnalysisRunner will not be running.
RoslynAnalysisRunner has terminated.
Mono: successfully reloaded assembly
- Completed reload, in  0.996 seconds
Platform modules already initialized, skipping
Refreshing native plugins compatible for Editor in 0.37 ms, found 1 plugins.
Preloading 0 native plugins for Editor in 0.00 ms.
Unloading 1810 Unused Serialized files (Serialized files now loaded: 0)
System memory in use before: 88.4 MB.
System memory in use after: 88.4 MB.

Unloading 12 unused Assets to reduce memory usage. Loaded Objects now: 2360.
Total: 2.279500 ms (FindLiveObjects: 0.169800 ms CreateObjectMapping: 0.050700 ms MarkObjects: 1.873600 ms  DeleteObjects: 0.184400 ms)

========================================================================
Received Prepare
Registering precompiled user dll's ...
Registered in 0.002166 seconds.
Begin MonoManager ReloadAssembly
Native extension for WindowsStandalone target not found
Refreshing native plugins compatible for Editor in 0.33 ms, found 1 plugins.
Preloading 0 native plugins for Editor in 0.00 ms.
Invoked RoslynAnalysisRunner static constructor.
RoslynAnalysisRunner will not be running.
RoslynAnalysisRunner has terminated.
Mono: successfully reloaded assembly
- Completed reload, in  0.981 seconds
Platform modules already initialized, skipping
Refreshing native plugins compatible for Editor in 0.40 ms, found 1 plugins.
Preloading 0 native plugins for Editor in 0.00 ms.
Unloading 1810 Unused Serialized files (Serialized files now loaded: 0)
System memory in use before: 88.4 MB.
System memory in use after: 88.4 MB.

Unloading 12 unused Assets to reduce memory usage. Loaded Objects now: 2364.
Total: 2.954400 ms (FindLiveObjects: 0.243400 ms CreateObjectMapping: 0.090500 ms MarkObjects: 2.471300 ms  DeleteObjects: 0.147400 ms)

========================================================================
Received Prepare
Registering precompiled user dll's ...
Registered in 0.001287 seconds.
Begin MonoManager ReloadAssembly
Native extension for WindowsStandalone target not found
Refreshing native plugins compatible for Editor in 0.37 ms, found 1 plugins.
Preloading 0 native plugins for Editor in 0.00 ms.
Invoked RoslynAnalysisRunner static constructor.
RoslynAnalysisRunner will not be running.
RoslynAnalysisRunner has terminated.
Mono: successfully reloaded assembly
- Completed reload, in  0.964 seconds
Platform modules already initialized, skipping
Refreshing native plugins compatible for Editor in 0.36 ms, found 1 plugins.
Preloading 0 native plugins for Editor in 0.00 ms.
Unloading 1810 Unused Serialized files (Serialized files now loaded: 0)
System memory in use before: 88.4 MB.
System memory in use after: 88.4 MB.

Unloading 12 unused Assets to reduce memory usage. Loaded Objects now: 2368.
Total: 2.445200 ms (FindLiveObjects: 0.217400 ms CreateObjectMapping: 0.080400 ms MarkObjects: 2.003500 ms  DeleteObjects: 0.142600 ms)

========================================================================
Received Prepare
Registering precompiled user dll's ...
Registered in 0.001524 seconds.
Begin MonoManager ReloadAssembly
Native extension for WindowsStandalone target not found
Refreshing native plugins compatible for Editor in 0.32 ms, found 1 plugins.
Preloading 0 native plugins for Editor in 0.00 ms.
Invoked RoslynAnalysisRunner static constructor.
RoslynAnalysisRunner will not be running.
RoslynAnalysisRunner has terminated.
Mono: successfully reloaded assembly
- Completed reload, in  1.019 seconds
Platform modules already initialized, skipping
Refreshing native plugins compatible for Editor in 0.33 ms, found 1 plugins.
Preloading 0 native plugins for Editor in 0.00 ms.
Unloading 1810 Unused Serialized files (Serialized files now loaded: 0)
System memory in use before: 88.4 MB.
System memory in use after: 88.4 MB.

Unloading 12 unused Assets to reduce memory usage. Loaded Objects now: 2372.
Total: 2.644100 ms (FindLiveObjects: 0.380900 ms CreateObjectMapping: 0.119700 ms MarkObjects: 1.988400 ms  DeleteObjects: 0.153700 ms)

========================================================================
Received Prepare
Registering precompiled user dll's ...
Registered in 0.001131 seconds.
Begin MonoManager ReloadAssembly
Native extension for WindowsStandalone target not found
Refreshing native plugins compatible for Editor in 0.43 ms, found 1 plugins.
Preloading 0 native plugins for Editor in 0.00 ms.
Invoked RoslynAnalysisRunner static constructor.
RoslynAnalysisRunner will not be running.
RoslynAnalysisRunner has terminated.
Mono: successfully reloaded assembly
- Completed reload, in  1.039 seconds
Platform modules already initialized, skipping
Refreshing native plugins compatible for Editor in 0.33 ms, found 1 plugins.
Preloading 0 native plugins for Editor in 0.00 ms.
Unloading 1810 Unused Serialized files (Serialized files now loaded: 0)
System memory in use before: 88.4 MB.
System memory in use after: 88.4 MB.

Unloading 12 unused Assets to reduce memory usage. Loaded Objects now: 2376.
Total: 2.557900 ms (FindLiveObjects: 0.256100 ms CreateObjectMapping: 0.086200 ms MarkObjects: 2.075400 ms  DeleteObjects: 0.138600 ms)

========================================================================
Received Prepare
Registering precompiled user dll's ...
Registered in 0.002349 seconds.
Begin MonoManager ReloadAssembly
Native extension for WindowsStandalone target not found
Refreshing native plugins compatible for Editor in 0.45 ms, found 1 plugins.
Preloading 0 native plugins for Editor in 0.00 ms.
Invoked RoslynAnalysisRunner static constructor.
RoslynAnalysisRunner will not be running.
RoslynAnalysisRunner has terminated.
Mono: successfully reloaded assembly
- Completed reload, in  1.182 seconds
Platform modules already initialized, skipping
Refreshing native plugins compatible for Editor in 0.37 ms, found 1 plugins.
Preloading 0 native plugins for Editor in 0.00 ms.
Unloading 1810 Unused Serialized files (Serialized files now loaded: 0)
System memory in use before: 88.4 MB.
System memory in use after: 88.4 MB.

Unloading 12 unused Assets to reduce memory usage. Loaded Objects now: 2380.
Total: 2.412200 ms (FindLiveObjects: 0.330000 ms CreateObjectMapping: 0.135500 ms MarkObjects: 1.822700 ms  DeleteObjects: 0.121900 ms)

========================================================================
Received Import Request.
  Time since last request: 1568.496540 seconds.
  path: Assets/cursor2.png
  artifactKey: Guid(0c291b98c6c7e2f418a0dfd305d3d9eb) Importer(815301076,1909f56bfc062723c751e8b465ee728b)
Start importing Assets/cursor2.png using Guid(0c291b98c6c7e2f418a0dfd305d3d9eb) Importer(815301076,1909f56bfc062723c751e8b465ee728b)  -> (artifact id: 'afcc82088cd6b89fe3ae5ff9f5c2d26c') in 0.143784 seconds
  Import took 0.147950 seconds .

========================================================================
Received Prepare
Registering precompiled user dll's ...
Registered in 0.002355 seconds.
Begin MonoManager ReloadAssembly
Native extension for WindowsStandalone target not found
Refreshing native plugins compatible for Editor in 1.06 ms, found 1 plugins.
Preloading 0 native plugins for Editor in 0.00 ms.
Invoked RoslynAnalysisRunner static constructor.
RoslynAnalysisRunner will not be running.
RoslynAnalysisRunner has terminated.
Mono: successfully reloaded assembly
- Completed reload, in  1.199 seconds
Platform modules already initialized, skipping
Refreshing native plugins compatible for Editor in 0.63 ms, found 1 plugins.
Preloading 0 native plugins for Editor in 0.00 ms.
Unloading 1810 Unused Serialized files (Serialized files now loaded: 0)
System memory in use before: 88.5 MB.
System memory in use after: 88.4 MB.

Unloading 12 unused Assets to reduce memory usage. Loaded Objects now: 2387.
Total: 3.181900 ms (FindLiveObjects: 0.457400 ms CreateObjectMapping: 0.208500 ms MarkObjects: 2.400700 ms  DeleteObjects: 0.113900 ms)

========================================================================
Received Import Request.
  Time since last request: 120.290825 seconds.
  path: Assets/cursor3.png
  artifactKey: Guid(b1819968b3357d340afe82857b978506) Importer(815301076,1909f56bfc062723c751e8b465ee728b)
Start importing Assets/cursor3.png using Guid(b1819968b3357d340afe82857b978506) Importer(815301076,1909f56bfc062723c751e8b465ee728b)  -> (artifact id: 'd4d3081bf7436085fb86a872e5f81d7d') in 0.070790 seconds
  Import took 0.074774 seconds .

========================================================================
Received Import Request.
  Time since last request: 7.995430 seconds.
  path: Assets/Free_Pack/BURLY-MAN_1_swordsman/[ size down to 50% ]/Chest.png
  artifactKey: Guid(c01f6e0a57e462349a10684868028c2b) Importer(815301076,1909f56bfc062723c751e8b465ee728b)
Start importing Assets/Free_Pack/BURLY-MAN_1_swordsman/[ size down to 50% ]/Chest.png using Guid(c01f6e0a57e462349a10684868028c2b) Importer(815301076,1909f56bfc062723c751e8b465ee728b)  -> (artifact id: 'a4b4379711c55122a485f2a35afd2cfe') in 0.014320 seconds
  Import took 0.018560 seconds .

========================================================================
Received Import Request.
  Time since last request: 0.000382 seconds.
  path: Assets/Free_Pack/BURLY-MAN_1_swordsman/[ size down to 50% ]/Ear.png
  artifactKey: Guid(dd2f1d29f277dc44e90b874f0307ff90) Importer(815301076,1909f56bfc062723c751e8b465ee728b)
Start importing Assets/Free_Pack/BURLY-MAN_1_swordsman/[ size down to 50% ]/Ear.png using Guid(dd2f1d29f277dc44e90b874f0307ff90) Importer(815301076,1909f56bfc062723c751e8b465ee728b)  -> (artifact id: '5f5846e3f284f2104dc276839be60bbd') in 0.013259 seconds
  Import took 0.016798 seconds .

========================================================================
Received Import Request.
  Time since last request: 0.000322 seconds.
  path: Assets/Free_Pack/Demo_GameResource/WoodenDoll/Sprite/Eyes_brow_R.png
  artifactKey: Guid(c8bfb1ab0bff82f429486a63a0881d64) Importer(815301076,1909f56bfc062723c751e8b465ee728b)
Start importing Assets/Free_Pack/Demo_GameResource/WoodenDoll/Sprite/Eyes_brow_R.png using Guid(c8bfb1ab0bff82f429486a63a0881d64) Importer(815301076,1909f56bfc062723c751e8b465ee728b)  -> (artifact id: '17549e3270f554f47510ea86f0f740f8') in 0.010131 seconds
  Import took 0.014706 seconds .

========================================================================
Received Import Request.
  Time since last request: 0.000319 seconds.
  path: Assets/Free_Pack/BURLY-MAN_1_swordsman/[ size down to 50% ]/Chest.png
  artifactKey: Guid(c01f6e0a57e462349a10684868028c2b) Importer(815301076,1909f56bfc062723c751e8b465ee728b)
Start importing Assets/Free_Pack/BURLY-MAN_1_swordsman/[ size down to 50% ]/Chest.png using Guid(c01f6e0a57e462349a10684868028c2b) Importer(815301076,1909f56bfc062723c751e8b465ee728b)  -> (artifact id: 'a4b4379711c55122a485f2a35afd2cfe') in 0.009436 seconds
  Import took 0.014823 seconds .

========================================================================
Received Import Request.
  Time since last request: 0.000313 seconds.
  path: Assets/Free_Pack/BURLY-MAN_1_swordsman/Completed_IMG.png
  artifactKey: Guid(f782ada428eba8b40a92286f440060c8) Importer(815301076,1909f56bfc062723c751e8b465ee728b)
Start importing Assets/Free_Pack/BURLY-MAN_1_swordsman/Completed_IMG.png using Guid(f782ada428eba8b40a92286f440060c8) Importer(815301076,1909f56bfc062723c751e8b465ee728b)  -> (artifact id: '380646880c7b79b14f160e4f59dedbd0') in 0.016177 seconds
  Import took 0.019899 seconds .

========================================================================
Received Import Request.
  Time since last request: 0.000302 seconds.
  path: Assets/Free_Pack/Demo_GameResource/WoodenDoll/Sprite/Eyes_brow_L.png
  artifactKey: Guid(9ad41bae0ba28024c95d107fcd7b6ffa) Importer(815301076,1909f56bfc062723c751e8b465ee728b)
Start importing Assets/Free_Pack/Demo_GameResource/WoodenDoll/Sprite/Eyes_brow_L.png using Guid(9ad41bae0ba28024c95d107fcd7b6ffa) Importer(815301076,1909f56bfc062723c751e8b465ee728b)  -> (artifact id: '559367b62ed2d5ff216bcddcd7a3d2b6') in 0.012641 seconds
  Import took 0.016089 seconds .

========================================================================
Received Import Request.
  Time since last request: 0.000267 seconds.
  path: Assets/Free_Pack/Demo_GameResource/Sprite/DUDE.png
  artifactKey: Guid(2eed33bb03876d940bda6c4daa722692) Importer(815301076,1909f56bfc062723c751e8b465ee728b)
Start importing Assets/Free_Pack/Demo_GameResource/Sprite/DUDE.png using Guid(2eed33bb03876d940bda6c4daa722692) Importer(815301076,1909f56bfc062723c751e8b465ee728b)  -> (artifact id: '63b05de00c5dcc889a1f0b3b36bbc9f1') in 0.011467 seconds
  Import took 0.014181 seconds .

========================================================================
Received Import Request.
  Time since last request: 0.007499 seconds.
  path: Assets/Free_Pack/BURLY-MAN_1_swordsman/Completed_IMG.png
  artifactKey: Guid(f782ada428eba8b40a92286f440060c8) Importer(815301076,1909f56bfc062723c751e8b465ee728b)
Start importing Assets/Free_Pack/BURLY-MAN_1_swordsman/Completed_IMG.png using Guid(f782ada428eba8b40a92286f440060c8) Importer(815301076,1909f56bfc062723c751e8b465ee728b)  -> (artifact id: '380646880c7b79b14f160e4f59dedbd0') in 0.010967 seconds
  Import took 0.015602 seconds .

========================================================================
Received Prepare
Registering precompiled user dll's ...
Registered in 0.002102 seconds.
Begin MonoManager ReloadAssembly
Native extension for WindowsStandalone target not found
Refreshing native plugins compatible for Editor in 0.42 ms, found 1 plugins.
Preloading 0 native plugins for Editor in 0.00 ms.
Invoked RoslynAnalysisRunner static constructor.
RoslynAnalysisRunner will not be running.
RoslynAnalysisRunner has terminated.
Mono: successfully reloaded assembly
- Completed reload, in  1.399 seconds
Platform modules already initialized, skipping
Refreshing native plugins compatible for Editor in 1.44 ms, found 1 plugins.
Preloading 0 native plugins for Editor in 0.00 ms.
Unloading 1810 Unused Serialized files (Serialized files now loaded: 0)
System memory in use before: 88.5 MB.
System memory in use after: 88.5 MB.

Unloading 12 unused Assets to reduce memory usage. Loaded Objects now: 2406.
Total: 2.471200 ms (FindLiveObjects: 0.231100 ms CreateObjectMapping: 0.088900 ms MarkObjects: 2.037600 ms  DeleteObjects: 0.112700 ms)

========================================================================
Received Prepare
Registering precompiled user dll's ...
Registered in 0.002276 seconds.
Begin MonoManager ReloadAssembly
Native extension for WindowsStandalone target not found
Refreshing native plugins compatible for Editor in 0.34 ms, found 1 plugins.
Preloading 0 native plugins for Editor in 0.00 ms.
Invoked RoslynAnalysisRunner static constructor.
RoslynAnalysisRunner will not be running.
RoslynAnalysisRunner has terminated.
Mono: successfully reloaded assembly
- Completed reload, in  1.101 seconds
Platform modules already initialized, skipping
Refreshing native plugins compatible for Editor in 0.39 ms, found 1 plugins.
Preloading 0 native plugins for Editor in 0.00 ms.
Unloading 1810 Unused Serialized files (Serialized files now loaded: 0)
System memory in use before: 88.5 MB.
System memory in use after: 88.5 MB.

Unloading 12 unused Assets to reduce memory usage. Loaded Objects now: 2410.
Total: 2.261300 ms (FindLiveObjects: 0.217600 ms CreateObjectMapping: 0.071600 ms MarkObjects: 1.794700 ms  DeleteObjects: 0.176400 ms)

========================================================================
Received Prepare
Registering precompiled user dll's ...
Registered in 0.001349 seconds.
Begin MonoManager ReloadAssembly
Native extension for WindowsStandalone target not found
Refreshing native plugins compatible for Editor in 0.34 ms, found 1 plugins.
Preloading 0 native plugins for Editor in 0.00 ms.
Invoked RoslynAnalysisRunner static constructor.
RoslynAnalysisRunner will not be running.
RoslynAnalysisRunner has terminated.
Mono: successfully reloaded assembly
- Completed reload, in  0.981 seconds
Platform modules already initialized, skipping
Refreshing native plugins compatible for Editor in 0.42 ms, found 1 plugins.
Preloading 0 native plugins for Editor in 0.00 ms.
Unloading 1810 Unused Serialized files (Serialized files now loaded: 0)
System memory in use before: 88.5 MB.
System memory in use after: 88.5 MB.

Unloading 12 unused Assets to reduce memory usage. Loaded Objects now: 2414.
Total: 2.459400 ms (FindLiveObjects: 0.223300 ms CreateObjectMapping: 0.061300 ms MarkObjects: 2.018600 ms  DeleteObjects: 0.155300 ms)

AssetImportWorkerClient::OnTransportError - code=2 error=End of file
