Using pre-set license
Built from '2020.3/staging' branch; Version is '2020.3.3f1 (76626098c1c4) revision 7758432'; Using compiler version '192528614'; Build Type 'Release'
OS: 'Windows 10 Pro; OS build 19041.867; Version 2004; 64bit' Language: 'en' Physical Memory: 16314 MB
BatchMode: 1, IsHumanControllingUs: 0, StartBugReporterOnCrash: 0, Is64bit: 1, IsPro: 0

 COMMAND LINE ARGUMENTS:
C:\Program Files\Unity\Hub\Editor\2020.3.3f1\Editor\Unity.exe
-adb2
-batchMode
-noUpm
-name
AssetImportWorker0
-projectPath
F:/2d hebraya game master/Hevraya 2d/ProjectSettings/Hevraya 2d
-logFile
Logs/AssetImportWorker0.log
-srvPort
59668
Successfully changed project path to: F:/2d hebraya game master/Hevraya 2d/ProjectSettings/Hevraya 2d
F:/2d hebraya game master/Hevraya 2d/ProjectSettings/Hevraya 2d
Using Asset Import Pipeline V2.
Refreshing native plugins compatible for Editor in 30.95 ms, found 1 plugins.
Preloading 0 native plugins for Editor in 0.00 ms.
Initialize engine version: 2020.3.3f1 (76626098c1c4)
[Subsystems] Discovering subsystems at path C:/Program Files/Unity/Hub/Editor/2020.3.3f1/Editor/Data/Resources/UnitySubsystems
[Subsystems] Discovering subsystems at path F:/2d hebraya game master/Hevraya 2d/ProjectSettings/Hevraya 2d/Assets
GfxDevice: creating device client; threaded=0
Direct3D:
    Version:  Direct3D 11.0 [level 11.1]
    Renderer: NVIDIA GeForce GTX 1080 (ID=0x1b80)
    Vendor:   
    VRAM:     8079 MB
    Driver:   27.21.14.6589
Initialize mono
Mono path[0] = 'C:/Program Files/Unity/Hub/Editor/2020.3.3f1/Editor/Data/Managed'
Mono path[1] = 'C:/Program Files/Unity/Hub/Editor/2020.3.3f1/Editor/Data/MonoBleedingEdge/lib/mono/unityjit'
Mono config path = 'C:/Program Files/Unity/Hub/Editor/2020.3.3f1/Editor/Data/MonoBleedingEdge/etc'
Using monoOptions --debugger-agent=transport=dt_socket,embedding=1,server=y,suspend=n,address=127.0.0.1:56696
Begin MonoManager ReloadAssembly
Registering precompiled unity dll's ...
Register platform support module: C:/Program Files/Unity/Hub/Editor/2020.3.3f1/Editor/Data/PlaybackEngines/WindowsStandaloneSupport/UnityEditor.WindowsStandalone.Extensions.dll
Registered in 0.002229 seconds.
Native extension for WindowsStandalone target not found
Refreshing native plugins compatible for Editor in 32.46 ms, found 1 plugins.
Preloading 0 native plugins for Editor in 0.00 ms.
Invoked RoslynAnalysisRunner static constructor.
RoslynAnalysisRunner will not be running.
RoslynAnalysisRunner has terminated.
Mono: successfully reloaded assembly
- Completed reload, in  0.912 seconds
Platform modules already initialized, skipping
Registering precompiled user dll's ...
Registered in 0.000679 seconds.
Begin MonoManager ReloadAssembly
Symbol file data-0000024C8E42D020 doesn't match image F:\2d hebraya game master\Hevraya 2d\ProjectSettings\Hevraya 2d\Library\ScriptAssemblies\Unity.2D.Animation.Editor.dll
Symbol file LoadedFromMemory is not a mono symbol file
Symbol file data-0000024C89B4F060 doesn't match image F:\2d hebraya game master\Hevraya 2d\ProjectSettings\Hevraya 2d\Library\ScriptAssemblies\Unity.InternalAPIEngineBridge.001.dll
Symbol file LoadedFromMemory is not a mono symbol file
Symbol file data-0000024C89434010 doesn't match image F:\2d hebraya game master\Hevraya 2d\ProjectSettings\Hevraya 2d\Library\ScriptAssemblies\Unity.VSCode.Editor.dll
Symbol file LoadedFromMemory is not a mono symbol file
Symbol file data-0000024C89BA7030 doesn't match image F:\2d hebraya game master\Hevraya 2d\ProjectSettings\Hevraya 2d\Library\ScriptAssemblies\Unity.2D.PixelPerfect.dll
Symbol file LoadedFromMemory is not a mono symbol file
Symbol file data-0000024C8E524E70 doesn't match image F:\2d hebraya game master\Hevraya 2d\ProjectSettings\Hevraya 2d\Library\ScriptAssemblies\Unity.2D.Tilemap.Editor.dll
Symbol file LoadedFromMemory is not a mono symbol file
Symbol file data-0000024C8E451C30 doesn't match image F:\2d hebraya game master\Hevraya 2d\ProjectSettings\Hevraya 2d\Library\ScriptAssemblies\PsdPlugin.dll
Symbol file LoadedFromMemory is not a mono symbol file
Symbol file data-0000024C8E451C30 doesn't match image F:\2d hebraya game master\Hevraya 2d\ProjectSettings\Hevraya 2d\Library\ScriptAssemblies\Unity.TextMeshPro.Editor.dll
Symbol file LoadedFromMemory is not a mono symbol file
Symbol file data-0000024C892B50A0 doesn't match image F:\2d hebraya game master\Hevraya 2d\ProjectSettings\Hevraya 2d\Library\ScriptAssemblies\Unity.VisualStudio.Editor.dll
Symbol file LoadedFromMemory is not a mono symbol file
Symbol file data-0000024C8E465040 doesn't match image F:\2d hebraya game master\Hevraya 2d\ProjectSettings\Hevraya 2d\Library\ScriptAssemblies\UnityEngine.TestRunner.dll
Symbol file LoadedFromMemory is not a mono symbol file
Symbol file data-0000024C8E17C010 doesn't match image F:\2d hebraya game master\Hevraya 2d\ProjectSettings\Hevraya 2d\Library\ScriptAssemblies\Unity.Timeline.dll
Symbol file LoadedFromMemory is not a mono symbol file
Symbol file data-0000024C8E17C010 doesn't match image F:\2d hebraya game master\Hevraya 2d\ProjectSettings\Hevraya 2d\Library\ScriptAssemblies\Unity.TextMeshPro.dll
Symbol file LoadedFromMemory is not a mono symbol file
Symbol file data-0000024C8E1A9A20 doesn't match image F:\2d hebraya game master\Hevraya 2d\ProjectSettings\Hevraya 2d\Library\ScriptAssemblies\UnityEditor.TestRunner.dll
Symbol file LoadedFromMemory is not a mono symbol file
Symbol file data-0000024C89434010 doesn't match image F:\2d hebraya game master\Hevraya 2d\ProjectSettings\Hevraya 2d\Library\ScriptAssemblies\Unity.2D.IK.Editor.dll
Symbol file LoadedFromMemory is not a mono symbol file
Symbol file data-0000024C8E1A9A20 doesn't match image F:\2d hebraya game master\Hevraya 2d\ProjectSettings\Hevraya 2d\Library\ScriptAssemblies\Unity.2D.Sprite.Editor.dll
Symbol file LoadedFromMemory is not a mono symbol file
Symbol file data-0000024C8F3FF020 doesn't match image F:\2d hebraya game master\Hevraya 2d\ProjectSettings\Hevraya 2d\Library\ScriptAssemblies\Unity.2D.Psdimporter.Editor.dll
Symbol file LoadedFromMemory is not a mono symbol file
Symbol file data-0000024C8D9A5040 doesn't match image F:\2d hebraya game master\Hevraya 2d\ProjectSettings\Hevraya 2d\Library\ScriptAssemblies\Unity.2D.Path.Editor.dll
Symbol file LoadedFromMemory is not a mono symbol file
Symbol file data-0000024C8DF9A450 doesn't match image F:\2d hebraya game master\Hevraya 2d\ProjectSettings\Hevraya 2d\Library\ScriptAssemblies\Unity.InternalAPIEditorBridge.001.dll
Symbol file LoadedFromMemory is not a mono symbol file
Symbol file data-0000024C8F3FF020 doesn't match image F:\2d hebraya game master\Hevraya 2d\ProjectSettings\Hevraya 2d\Library\ScriptAssemblies\UnityEditor.UI.dll
Symbol file LoadedFromMemory is not a mono symbol file
Symbol file data-0000024C892B50A0 doesn't match image F:\2d hebraya game master\Hevraya 2d\ProjectSettings\Hevraya 2d\Library\ScriptAssemblies\Unity.Rider.Editor.dll
Symbol file LoadedFromMemory is not a mono symbol file
Symbol file data-0000024C8E128010 doesn't match image F:\2d hebraya game master\Hevraya 2d\ProjectSettings\Hevraya 2d\Library\ScriptAssemblies\UnityEngine.UI.dll
Symbol file LoadedFromMemory is not a mono symbol file
Symbol file data-0000024C89BEA010 doesn't match image F:\2d hebraya game master\Hevraya 2d\ProjectSettings\Hevraya 2d\Library\ScriptAssemblies\Unity.Mathematics.dll
Symbol file LoadedFromMemory is not a mono symbol file
Symbol file data-0000024C893DAA40 doesn't match image F:\2d hebraya game master\Hevraya 2d\ProjectSettings\Hevraya 2d\Library\ScriptAssemblies\Unity.2D.IK.Runtime.dll
Symbol file LoadedFromMemory is not a mono symbol file
Symbol file data-0000024C8E080010 doesn't match image F:\2d hebraya game master\Hevraya 2d\ProjectSettings\Hevraya 2d\Library\ScriptAssemblies\Unity.2D.Animation.Triangle.Runtime.dll
Symbol file LoadedFromMemory is not a mono symbol file
Symbol file data-0000024C8DDA9030 doesn't match image F:\2d hebraya game master\Hevraya 2d\ProjectSettings\Hevraya 2d\Library\ScriptAssemblies\Unity.2D.Animation.Runtime.dll
Symbol file LoadedFromMemory is not a mono symbol file
Symbol file data-0000024C892EC010 doesn't match image F:\2d hebraya game master\Hevraya 2d\ProjectSettings\Hevraya 2d\Library\ScriptAssemblies\Unity.2D.PixelPerfect.Editor.dll
Symbol file LoadedFromMemory is not a mono symbol file
Symbol file data-0000024C8E080010 doesn't match image F:\2d hebraya game master\Hevraya 2d\ProjectSettings\Hevraya 2d\Library\ScriptAssemblies\Unity.Timeline.Editor.dll
Symbol file LoadedFromMemory is not a mono symbol file
Symbol file data-0000024C8DC38030 doesn't match image F:\2d hebraya game master\Hevraya 2d\ProjectSettings\Hevraya 2d\Library\ScriptAssemblies\Unity.CollabProxy.Editor.dll
Symbol file LoadedFromMemory is not a mono symbol file
Symbol file data-0000024C8931CF70 doesn't match image F:\2d hebraya game master\Hevraya 2d\ProjectSettings\Hevraya 2d\Library\ScriptAssemblies\Unity.Mathematics.Editor.dll
Symbol file LoadedFromMemory is not a mono symbol file
Symbol file data-0000024C88FF0AB0 doesn't match image F:\2d hebraya game master\Hevraya 2d\ProjectSettings\Hevraya 2d\Library\ScriptAssemblies\Unity.2D.Common.Runtime.dll
Symbol file LoadedFromMemory is not a mono symbol file
Symbol file data-0000024C8F3FF020 doesn't match image F:\2d hebraya game master\Hevraya 2d\ProjectSettings\Hevraya 2d\Library\ScriptAssemblies\Unity.2D.SpriteShape.Editor.dll
Symbol file LoadedFromMemory is not a mono symbol file
Symbol file data-0000024C893DAA40 doesn't match image F:\2d hebraya game master\Hevraya 2d\ProjectSettings\Hevraya 2d\Library\ScriptAssemblies\Unity.2D.Common.Editor.dll
Symbol file LoadedFromMemory is not a mono symbol file
Symbol file data-0000024C89490410 doesn't match image F:\2d hebraya game master\Hevraya 2d\ProjectSettings\Hevraya 2d\Library\ScriptAssemblies\Unity.2D.SpriteShape.Runtime.dll
Symbol file LoadedFromMemory is not a mono symbol file
Native extension for WindowsStandalone target not found
Refreshing native plugins compatible for Editor in 31.63 ms, found 1 plugins.
Preloading 0 native plugins for Editor in 0.00 ms.
Invoked RoslynAnalysisRunner static constructor.
RoslynAnalysisRunner will not be running.
RoslynAnalysisRunner has terminated.
Mono: successfully reloaded assembly
- Completed reload, in  0.736 seconds
Platform modules already initialized, skipping
========================================================================
Worker process is ready to serve import requests
Launched and connected shader compiler UnityShaderCompiler.exe after 0.05 seconds
Refreshing native plugins compatible for Editor in 0.37 ms, found 1 plugins.
Preloading 0 native plugins for Editor in 0.00 ms.
Unloading 1815 Unused Serialized files (Serialized files now loaded: 0)
System memory in use before: 85.1 MB.
System memory in use after: 85.0 MB.

Unloading 24 unused Assets to reduce memory usage. Loaded Objects now: 2258.
Total: 1.860400 ms (FindLiveObjects: 0.192300 ms CreateObjectMapping: 0.040800 ms MarkObjects: 1.509900 ms  DeleteObjects: 0.116300 ms)

========================================================================
Received Import Request.
  path: Assets/Animations/Knight_up_walk_0.controller
  artifactKey: Guid(35422e7617c17a74697e9db7aa885385) Importer(815301076,1909f56bfc062723c751e8b465ee728b)
Start importing Assets/Animations/Knight_up_walk_0.controller using Guid(35422e7617c17a74697e9db7aa885385) Importer(815301076,1909f56bfc062723c751e8b465ee728b)  -> (artifact id: '77e22aac6377d9e5425f6b3957dafa7d') in 0.027998 seconds
  Import took 0.030559 seconds .

========================================================================
Received Import Request.
  Time since last request: 2.116824 seconds.
  path: Assets/Animations/walking up tho.anim
  artifactKey: Guid(55f381073e4c48f419ef055c34ae90e2) Importer(815301076,1909f56bfc062723c751e8b465ee728b)
Start importing Assets/Animations/walking up tho.anim using Guid(55f381073e4c48f419ef055c34ae90e2) Importer(815301076,1909f56bfc062723c751e8b465ee728b)  -> (artifact id: '1d3837b0e9047fd2fd24f8e88b24db98') in 0.003863 seconds
  Import took 0.006383 seconds .

========================================================================
Received Import Request.
  Time since last request: 0.004824 seconds.
  path: Assets/Animations/walking up tho.anim
  artifactKey: Guid(55f381073e4c48f419ef055c34ae90e2) Importer(815301076,1909f56bfc062723c751e8b465ee728b)
Start importing Assets/Animations/walking up tho.anim using Guid(55f381073e4c48f419ef055c34ae90e2) Importer(815301076,1909f56bfc062723c751e8b465ee728b)  -> (artifact id: '1d3837b0e9047fd2fd24f8e88b24db98') in 0.001915 seconds
  Import took 0.003937 seconds .

========================================================================
Received Prepare
Registering precompiled user dll's ...
Registered in 0.000813 seconds.
Begin MonoManager ReloadAssembly
Symbol file data-0000024C8D97D020 doesn't match image F:\2d hebraya game master\Hevraya 2d\ProjectSettings\Hevraya 2d\Library\ScriptAssemblies\Unity.2D.Animation.Editor.dll
Symbol file LoadedFromMemory is not a mono symbol file
Symbol file data-0000024C8EF24AF0 doesn't match image F:\2d hebraya game master\Hevraya 2d\ProjectSettings\Hevraya 2d\Library\ScriptAssemblies\Unity.InternalAPIEngineBridge.001.dll
Symbol file LoadedFromMemory is not a mono symbol file
Symbol file data-0000024C89434010 doesn't match image F:\2d hebraya game master\Hevraya 2d\ProjectSettings\Hevraya 2d\Library\ScriptAssemblies\Unity.VSCode.Editor.dll
Symbol file LoadedFromMemory is not a mono symbol file
Symbol file data-0000024C890F23C0 doesn't match image F:\2d hebraya game master\Hevraya 2d\ProjectSettings\Hevraya 2d\Library\ScriptAssemblies\Unity.2D.PixelPerfect.dll
Symbol file LoadedFromMemory is not a mono symbol file
Symbol file data-0000024C89B42030 doesn't match image F:\2d hebraya game master\Hevraya 2d\ProjectSettings\Hevraya 2d\Library\ScriptAssemblies\Unity.2D.Tilemap.Editor.dll
Symbol file LoadedFromMemory is not a mono symbol file
Symbol file data-0000024C89367020 doesn't match image F:\2d hebraya game master\Hevraya 2d\ProjectSettings\Hevraya 2d\Library\ScriptAssemblies\PsdPlugin.dll
Symbol file LoadedFromMemory is not a mono symbol file
Symbol file data-0000024C8F06A020 doesn't match image F:\2d hebraya game master\Hevraya 2d\ProjectSettings\Hevraya 2d\Library\ScriptAssemblies\Unity.TextMeshPro.Editor.dll
Symbol file LoadedFromMemory is not a mono symbol file
Symbol file data-0000024C90AF7050 doesn't match image F:\2d hebraya game master\Hevraya 2d\ProjectSettings\Hevraya 2d\Library\ScriptAssemblies\Unity.VisualStudio.Editor.dll
Symbol file LoadedFromMemory is not a mono symbol file
Symbol file data-0000024C89367020 doesn't match image F:\2d hebraya game master\Hevraya 2d\ProjectSettings\Hevraya 2d\Library\ScriptAssemblies\UnityEngine.TestRunner.dll
Symbol file LoadedFromMemory is not a mono symbol file
Symbol file data-0000024C89B42030 doesn't match image F:\2d hebraya game master\Hevraya 2d\ProjectSettings\Hevraya 2d\Library\ScriptAssemblies\Unity.Timeline.dll
Symbol file LoadedFromMemory is not a mono symbol file
Symbol file data-0000024C8F2B8010 doesn't match image F:\2d hebraya game master\Hevraya 2d\ProjectSettings\Hevraya 2d\Library\ScriptAssemblies\Unity.TextMeshPro.dll
Symbol file LoadedFromMemory is not a mono symbol file
Symbol file data-0000024C8F06A020 doesn't match image F:\2d hebraya game master\Hevraya 2d\ProjectSettings\Hevraya 2d\Library\ScriptAssemblies\UnityEditor.TestRunner.dll
Symbol file LoadedFromMemory is not a mono symbol file
Symbol file data-0000024C89434010 doesn't match image F:\2d hebraya game master\Hevraya 2d\ProjectSettings\Hevraya 2d\Library\ScriptAssemblies\Unity.2D.IK.Editor.dll
Symbol file LoadedFromMemory is not a mono symbol file
Symbol file data-0000024C8F06A020 doesn't match image F:\2d hebraya game master\Hevraya 2d\ProjectSettings\Hevraya 2d\Library\ScriptAssemblies\Unity.2D.Sprite.Editor.dll
Symbol file LoadedFromMemory is not a mono symbol file
Symbol file data-0000024C89367020 doesn't match image F:\2d hebraya game master\Hevraya 2d\ProjectSettings\Hevraya 2d\Library\ScriptAssemblies\Unity.2D.Psdimporter.Editor.dll
Symbol file LoadedFromMemory is not a mono symbol file
Symbol file data-0000024C89367020 doesn't match image F:\2d hebraya game master\Hevraya 2d\ProjectSettings\Hevraya 2d\Library\ScriptAssemblies\Unity.2D.Path.Editor.dll
Symbol file LoadedFromMemory is not a mono symbol file
Symbol file data-0000024C8431D2F0 doesn't match image F:\2d hebraya game master\Hevraya 2d\ProjectSettings\Hevraya 2d\Library\ScriptAssemblies\Unity.InternalAPIEditorBridge.001.dll
Symbol file LoadedFromMemory is not a mono symbol file
Symbol file data-0000024C8F0D0030 doesn't match image F:\2d hebraya game master\Hevraya 2d\ProjectSettings\Hevraya 2d\Library\ScriptAssemblies\UnityEditor.UI.dll
Symbol file LoadedFromMemory is not a mono symbol file
Symbol file data-0000024C8941C010 doesn't match image F:\2d hebraya game master\Hevraya 2d\ProjectSettings\Hevraya 2d\Library\ScriptAssemblies\Unity.Rider.Editor.dll
Symbol file LoadedFromMemory is not a mono symbol file
Symbol file data-0000024C90536C20 doesn't match image F:\2d hebraya game master\Hevraya 2d\ProjectSettings\Hevraya 2d\Library\ScriptAssemblies\UnityEngine.UI.dll
Symbol file LoadedFromMemory is not a mono symbol file
Symbol file data-0000024C901E0010 doesn't match image F:\2d hebraya game master\Hevraya 2d\ProjectSettings\Hevraya 2d\Library\ScriptAssemblies\Unity.Mathematics.dll
Symbol file LoadedFromMemory is not a mono symbol file
Symbol file data-0000024C89434010 doesn't match image F:\2d hebraya game master\Hevraya 2d\ProjectSettings\Hevraya 2d\Library\ScriptAssemblies\Unity.2D.IK.Runtime.dll
Symbol file LoadedFromMemory is not a mono symbol file
Symbol file data-0000024C90536C20 doesn't match image F:\2d hebraya game master\Hevraya 2d\ProjectSettings\Hevraya 2d\Library\ScriptAssemblies\Unity.2D.Animation.Triangle.Runtime.dll
Symbol file LoadedFromMemory is not a mono symbol file
Symbol file data-0000024C896745B0 doesn't match image F:\2d hebraya game master\Hevraya 2d\ProjectSettings\Hevraya 2d\Library\ScriptAssemblies\Unity.2D.Animation.Runtime.dll
Symbol file LoadedFromMemory is not a mono symbol file
Symbol file data-0000024C8431D2F0 doesn't match image F:\2d hebraya game master\Hevraya 2d\ProjectSettings\Hevraya 2d\Library\ScriptAssemblies\Unity.2D.PixelPerfect.Editor.dll
Symbol file LoadedFromMemory is not a mono symbol file
Symbol file data-0000024C8DC01020 doesn't match image F:\2d hebraya game master\Hevraya 2d\ProjectSettings\Hevraya 2d\Library\ScriptAssemblies\Unity.Timeline.Editor.dll
Symbol file LoadedFromMemory is not a mono symbol file
Symbol file data-0000024C8E7C5030 doesn't match image F:\2d hebraya game master\Hevraya 2d\ProjectSettings\Hevraya 2d\Library\ScriptAssemblies\Unity.CollabProxy.Editor.dll
Symbol file LoadedFromMemory is not a mono symbol file
Symbol file data-0000024C8FA59040 doesn't match image F:\2d hebraya game master\Hevraya 2d\ProjectSettings\Hevraya 2d\Library\ScriptAssemblies\Unity.Mathematics.Editor.dll
Symbol file LoadedFromMemory is not a mono symbol file
Symbol file data-0000024C88FF0710 doesn't match image F:\2d hebraya game master\Hevraya 2d\ProjectSettings\Hevraya 2d\Library\ScriptAssemblies\Unity.2D.Common.Runtime.dll
Symbol file LoadedFromMemory is not a mono symbol file
Symbol file data-0000024C8E7C5030 doesn't match image F:\2d hebraya game master\Hevraya 2d\ProjectSettings\Hevraya 2d\Library\ScriptAssemblies\Unity.2D.SpriteShape.Editor.dll
Symbol file LoadedFromMemory is not a mono symbol file
Symbol file data-0000024C8DB19220 doesn't match image F:\2d hebraya game master\Hevraya 2d\ProjectSettings\Hevraya 2d\Library\ScriptAssemblies\Unity.2D.Common.Editor.dll
Symbol file LoadedFromMemory is not a mono symbol file
Symbol file data-0000024C90170010 doesn't match image F:\2d hebraya game master\Hevraya 2d\ProjectSettings\Hevraya 2d\Library\ScriptAssemblies\Unity.2D.SpriteShape.Runtime.dll
Symbol file LoadedFromMemory is not a mono symbol file
Native extension for WindowsStandalone target not found
Refreshing native plugins compatible for Editor in 0.35 ms, found 1 plugins.
Preloading 0 native plugins for Editor in 0.00 ms.
Invoked RoslynAnalysisRunner static constructor.
RoslynAnalysisRunner will not be running.
RoslynAnalysisRunner has terminated.
Mono: successfully reloaded assembly
- Completed reload, in  0.672 seconds
Platform modules already initialized, skipping
Refreshing native plugins compatible for Editor in 0.35 ms, found 1 plugins.
Preloading 0 native plugins for Editor in 0.00 ms.
Unloading 1810 Unused Serialized files (Serialized files now loaded: 0)
System memory in use before: 85.0 MB.
System memory in use after: 85.0 MB.

Unloading 12 unused Assets to reduce memory usage. Loaded Objects now: 2262.
Total: 1.831100 ms (FindLiveObjects: 0.195500 ms CreateObjectMapping: 0.039600 ms MarkObjects: 1.492900 ms  DeleteObjects: 0.102300 ms)

========================================================================
Received Prepare
Registering precompiled user dll's ...
Registered in 0.000830 seconds.
Begin MonoManager ReloadAssembly
Symbol file data-0000024C8D97D020 doesn't match image F:\2d hebraya game master\Hevraya 2d\ProjectSettings\Hevraya 2d\Library\ScriptAssemblies\Unity.2D.Animation.Editor.dll
Symbol file LoadedFromMemory is not a mono symbol file
Symbol file data-0000024C8E06B410 doesn't match image F:\2d hebraya game master\Hevraya 2d\ProjectSettings\Hevraya 2d\Library\ScriptAssemblies\Unity.InternalAPIEngineBridge.001.dll
Symbol file LoadedFromMemory is not a mono symbol file
Symbol file data-0000024C89434010 doesn't match image F:\2d hebraya game master\Hevraya 2d\ProjectSettings\Hevraya 2d\Library\ScriptAssemblies\Unity.VSCode.Editor.dll
Symbol file LoadedFromMemory is not a mono symbol file
Symbol file data-0000024C8D9FCEB0 doesn't match image F:\2d hebraya game master\Hevraya 2d\ProjectSettings\Hevraya 2d\Library\ScriptAssemblies\Unity.2D.PixelPerfect.dll
Symbol file LoadedFromMemory is not a mono symbol file
Symbol file data-0000024C90A932B0 doesn't match image F:\2d hebraya game master\Hevraya 2d\ProjectSettings\Hevraya 2d\Library\ScriptAssemblies\Unity.2D.Tilemap.Editor.dll
Symbol file LoadedFromMemory is not a mono symbol file
Symbol file data-0000024C8DB1B230 doesn't match image F:\2d hebraya game master\Hevraya 2d\ProjectSettings\Hevraya 2d\Library\ScriptAssemblies\PsdPlugin.dll
Symbol file LoadedFromMemory is not a mono symbol file
Symbol file data-0000024C8F06A020 doesn't match image F:\2d hebraya game master\Hevraya 2d\ProjectSettings\Hevraya 2d\Library\ScriptAssemblies\Unity.TextMeshPro.Editor.dll
Symbol file LoadedFromMemory is not a mono symbol file
Symbol file data-0000024C89516A60 doesn't match image F:\2d hebraya game master\Hevraya 2d\ProjectSettings\Hevraya 2d\Library\ScriptAssemblies\Unity.VisualStudio.Editor.dll
Symbol file LoadedFromMemory is not a mono symbol file
Symbol file data-0000024C90574710 doesn't match image F:\2d hebraya game master\Hevraya 2d\ProjectSettings\Hevraya 2d\Library\ScriptAssemblies\UnityEngine.TestRunner.dll
Symbol file LoadedFromMemory is not a mono symbol file
Symbol file data-0000024C90A932B0 doesn't match image F:\2d hebraya game master\Hevraya 2d\ProjectSettings\Hevraya 2d\Library\ScriptAssemblies\Unity.Timeline.dll
Symbol file LoadedFromMemory is not a mono symbol file
Symbol file data-0000024C8F2B8010 doesn't match image F:\2d hebraya game master\Hevraya 2d\ProjectSettings\Hevraya 2d\Library\ScriptAssemblies\Unity.TextMeshPro.dll
Symbol file LoadedFromMemory is not a mono symbol file
Symbol file data-0000024C8F06A020 doesn't match image F:\2d hebraya game master\Hevraya 2d\ProjectSettings\Hevraya 2d\Library\ScriptAssemblies\UnityEditor.TestRunner.dll
Symbol file LoadedFromMemory is not a mono symbol file
Symbol file data-0000024C89434010 doesn't match image F:\2d hebraya game master\Hevraya 2d\ProjectSettings\Hevraya 2d\Library\ScriptAssemblies\Unity.2D.IK.Editor.dll
Symbol file LoadedFromMemory is not a mono symbol file
Symbol file data-0000024C8F06A020 doesn't match image F:\2d hebraya game master\Hevraya 2d\ProjectSettings\Hevraya 2d\Library\ScriptAssemblies\Unity.2D.Sprite.Editor.dll
Symbol file LoadedFromMemory is not a mono symbol file
Symbol file data-0000024C90475E20 doesn't match image F:\2d hebraya game master\Hevraya 2d\ProjectSettings\Hevraya 2d\Library\ScriptAssemblies\Unity.2D.Psdimporter.Editor.dll
Symbol file LoadedFromMemory is not a mono symbol file
Symbol file data-0000024C892AD090 doesn't match image F:\2d hebraya game master\Hevraya 2d\ProjectSettings\Hevraya 2d\Library\ScriptAssemblies\Unity.2D.Path.Editor.dll
Symbol file LoadedFromMemory is not a mono symbol file
Symbol file data-0000024C8D92C450 doesn't match image F:\2d hebraya game master\Hevraya 2d\ProjectSettings\Hevraya 2d\Library\ScriptAssemblies\Unity.InternalAPIEditorBridge.001.dll
Symbol file LoadedFromMemory is not a mono symbol file
Symbol file data-0000024C90475E20 doesn't match image F:\2d hebraya game master\Hevraya 2d\ProjectSettings\Hevraya 2d\Library\ScriptAssemblies\UnityEditor.UI.dll
Symbol file LoadedFromMemory is not a mono symbol file
Symbol file data-0000024C8941C010 doesn't match image F:\2d hebraya game master\Hevraya 2d\ProjectSettings\Hevraya 2d\Library\ScriptAssemblies\Unity.Rider.Editor.dll
Symbol file LoadedFromMemory is not a mono symbol file
Symbol file data-0000024C8E51B040 doesn't match image F:\2d hebraya game master\Hevraya 2d\ProjectSettings\Hevraya 2d\Library\ScriptAssemblies\UnityEngine.UI.dll
Symbol file LoadedFromMemory is not a mono symbol file
Symbol file data-0000024C8F82F030 doesn't match image F:\2d hebraya game master\Hevraya 2d\ProjectSettings\Hevraya 2d\Library\ScriptAssemblies\Unity.Mathematics.dll
Symbol file LoadedFromMemory is not a mono symbol file
Symbol file data-0000024C89434010 doesn't match image F:\2d hebraya game master\Hevraya 2d\ProjectSettings\Hevraya 2d\Library\ScriptAssemblies\Unity.2D.IK.Runtime.dll
Symbol file LoadedFromMemory is not a mono symbol file
Symbol file data-0000024C8E51B040 doesn't match image F:\2d hebraya game master\Hevraya 2d\ProjectSettings\Hevraya 2d\Library\ScriptAssemblies\Unity.2D.Animation.Triangle.Runtime.dll
Symbol file LoadedFromMemory is not a mono symbol file
Symbol file data-0000024C8E539090 doesn't match image F:\2d hebraya game master\Hevraya 2d\ProjectSettings\Hevraya 2d\Library\ScriptAssemblies\Unity.2D.Animation.Runtime.dll
Symbol file LoadedFromMemory is not a mono symbol file
Symbol file data-0000024C8E7CFA40 doesn't match image F:\2d hebraya game master\Hevraya 2d\ProjectSettings\Hevraya 2d\Library\ScriptAssemblies\Unity.2D.PixelPerfect.Editor.dll
Symbol file LoadedFromMemory is not a mono symbol file
Symbol file data-0000024C90B2C770 doesn't match image F:\2d hebraya game master\Hevraya 2d\ProjectSettings\Hevraya 2d\Library\ScriptAssemblies\Unity.Timeline.Editor.dll
Symbol file LoadedFromMemory is not a mono symbol file
Symbol file data-0000024C90574710 doesn't match image F:\2d hebraya game master\Hevraya 2d\ProjectSettings\Hevraya 2d\Library\ScriptAssemblies\Unity.CollabProxy.Editor.dll
Symbol file LoadedFromMemory is not a mono symbol file
Symbol file data-0000024C8FA59040 doesn't match image F:\2d hebraya game master\Hevraya 2d\ProjectSettings\Hevraya 2d\Library\ScriptAssemblies\Unity.Mathematics.Editor.dll
Symbol file LoadedFromMemory is not a mono symbol file
Symbol file data-0000024C88FF01A0 doesn't match image F:\2d hebraya game master\Hevraya 2d\ProjectSettings\Hevraya 2d\Library\ScriptAssemblies\Unity.2D.Common.Runtime.dll
Symbol file LoadedFromMemory is not a mono symbol file
Symbol file data-0000024C90475E20 doesn't match image F:\2d hebraya game master\Hevraya 2d\ProjectSettings\Hevraya 2d\Library\ScriptAssemblies\Unity.2D.SpriteShape.Editor.dll
Symbol file LoadedFromMemory is not a mono symbol file
Symbol file data-0000024C8F537030 doesn't match image F:\2d hebraya game master\Hevraya 2d\ProjectSettings\Hevraya 2d\Library\ScriptAssemblies\Unity.2D.Common.Editor.dll
Symbol file LoadedFromMemory is not a mono symbol file
Symbol file data-0000024C90170010 doesn't match image F:\2d hebraya game master\Hevraya 2d\ProjectSettings\Hevraya 2d\Library\ScriptAssemblies\Unity.2D.SpriteShape.Runtime.dll
Symbol file LoadedFromMemory is not a mono symbol file
Native extension for WindowsStandalone target not found
Refreshing native plugins compatible for Editor in 0.35 ms, found 1 plugins.
Preloading 0 native plugins for Editor in 0.00 ms.
Invoked RoslynAnalysisRunner static constructor.
RoslynAnalysisRunner will not be running.
RoslynAnalysisRunner has terminated.
Mono: successfully reloaded assembly
- Completed reload, in  0.670 seconds
Platform modules already initialized, skipping
Refreshing native plugins compatible for Editor in 0.41 ms, found 1 plugins.
Preloading 0 native plugins for Editor in 0.00 ms.
Unloading 1810 Unused Serialized files (Serialized files now loaded: 0)
System memory in use before: 85.1 MB.
System memory in use after: 85.0 MB.

Unloading 12 unused Assets to reduce memory usage. Loaded Objects now: 2266.
Total: 1.807600 ms (FindLiveObjects: 0.195800 ms CreateObjectMapping: 0.151000 ms MarkObjects: 1.356500 ms  DeleteObjects: 0.103600 ms)

========================================================================
Received Import Request.
  Time since last request: 181.897338 seconds.
  path: Assets/Animations/WALKING.anim
  artifactKey: Guid(b677250566a35d14d8ba341069c00c68) Importer(815301076,1909f56bfc062723c751e8b465ee728b)
Start importing Assets/Animations/WALKING.anim using Guid(b677250566a35d14d8ba341069c00c68) Importer(815301076,1909f56bfc062723c751e8b465ee728b)  -> (artifact id: 'b0e1c04eb16fa3f30445fd84c12c7b98') in 0.011324 seconds
  Import took 0.013872 seconds .

========================================================================
Received Prepare
Registering precompiled user dll's ...
Registered in 0.000842 seconds.
Begin MonoManager ReloadAssembly
Symbol file data-0000024C8D97D020 doesn't match image F:\2d hebraya game master\Hevraya 2d\ProjectSettings\Hevraya 2d\Library\ScriptAssemblies\Unity.2D.Animation.Editor.dll
Symbol file LoadedFromMemory is not a mono symbol file
Symbol file data-0000024C894347A0 doesn't match image F:\2d hebraya game master\Hevraya 2d\ProjectSettings\Hevraya 2d\Library\ScriptAssemblies\Unity.InternalAPIEngineBridge.001.dll
Symbol file LoadedFromMemory is not a mono symbol file
Symbol file data-0000024C90179E40 doesn't match image F:\2d hebraya game master\Hevraya 2d\ProjectSettings\Hevraya 2d\Library\ScriptAssemblies\Unity.VSCode.Editor.dll
Symbol file LoadedFromMemory is not a mono symbol file
Symbol file data-0000024C890BB470 doesn't match image F:\2d hebraya game master\Hevraya 2d\ProjectSettings\Hevraya 2d\Library\ScriptAssemblies\Unity.2D.PixelPerfect.dll
Symbol file LoadedFromMemory is not a mono symbol file
Symbol file data-0000024C89B42030 doesn't match image F:\2d hebraya game master\Hevraya 2d\ProjectSettings\Hevraya 2d\Library\ScriptAssemblies\Unity.2D.Tilemap.Editor.dll
Symbol file LoadedFromMemory is not a mono symbol file
Symbol file data-0000024C893D0030 doesn't match image F:\2d hebraya game master\Hevraya 2d\ProjectSettings\Hevraya 2d\Library\ScriptAssemblies\PsdPlugin.dll
Symbol file LoadedFromMemory is not a mono symbol file
Symbol file data-0000024C8DF89040 doesn't match image F:\2d hebraya game master\Hevraya 2d\ProjectSettings\Hevraya 2d\Library\ScriptAssemblies\Unity.TextMeshPro.Editor.dll
Symbol file LoadedFromMemory is not a mono symbol file
Symbol file data-0000024C8FB77030 doesn't match image F:\2d hebraya game master\Hevraya 2d\ProjectSettings\Hevraya 2d\Library\ScriptAssemblies\Unity.VisualStudio.Editor.dll
Symbol file LoadedFromMemory is not a mono symbol file
Symbol file data-0000024C89C71010 doesn't match image F:\2d hebraya game master\Hevraya 2d\ProjectSettings\Hevraya 2d\Library\ScriptAssemblies\UnityEngine.TestRunner.dll
Symbol file LoadedFromMemory is not a mono symbol file
Symbol file data-0000024C89B42030 doesn't match image F:\2d hebraya game master\Hevraya 2d\ProjectSettings\Hevraya 2d\Library\ScriptAssemblies\Unity.Timeline.dll
Symbol file LoadedFromMemory is not a mono symbol file
Symbol file data-0000024C8F2B8010 doesn't match image F:\2d hebraya game master\Hevraya 2d\ProjectSettings\Hevraya 2d\Library\ScriptAssemblies\Unity.TextMeshPro.dll
Symbol file LoadedFromMemory is not a mono symbol file
Symbol file data-0000024C9063D850 doesn't match image F:\2d hebraya game master\Hevraya 2d\ProjectSettings\Hevraya 2d\Library\ScriptAssemblies\UnityEditor.TestRunner.dll
Symbol file LoadedFromMemory is not a mono symbol file
Symbol file data-0000024C90179E40 doesn't match image F:\2d hebraya game master\Hevraya 2d\ProjectSettings\Hevraya 2d\Library\ScriptAssemblies\Unity.2D.IK.Editor.dll
Symbol file LoadedFromMemory is not a mono symbol file
Symbol file data-0000024C9036A010 doesn't match image F:\2d hebraya game master\Hevraya 2d\ProjectSettings\Hevraya 2d\Library\ScriptAssemblies\Unity.2D.Sprite.Editor.dll
Symbol file LoadedFromMemory is not a mono symbol file
Symbol file data-0000024C8E4DFE30 doesn't match image F:\2d hebraya game master\Hevraya 2d\ProjectSettings\Hevraya 2d\Library\ScriptAssemblies\Unity.2D.Psdimporter.Editor.dll
Symbol file LoadedFromMemory is not a mono symbol file
Symbol file data-0000024C89556D80 doesn't match image F:\2d hebraya game master\Hevraya 2d\ProjectSettings\Hevraya 2d\Library\ScriptAssemblies\Unity.2D.Path.Editor.dll
Symbol file LoadedFromMemory is not a mono symbol file
Symbol file data-0000024C8DE53660 doesn't match image F:\2d hebraya game master\Hevraya 2d\ProjectSettings\Hevraya 2d\Library\ScriptAssemblies\Unity.InternalAPIEditorBridge.001.dll
Symbol file LoadedFromMemory is not a mono symbol file
Symbol file data-0000024C8E4DFE30 doesn't match image F:\2d hebraya game master\Hevraya 2d\ProjectSettings\Hevraya 2d\Library\ScriptAssemblies\UnityEditor.UI.dll
Symbol file LoadedFromMemory is not a mono symbol file
Symbol file data-0000024C89965020 doesn't match image F:\2d hebraya game master\Hevraya 2d\ProjectSettings\Hevraya 2d\Library\ScriptAssemblies\Unity.Rider.Editor.dll
Symbol file LoadedFromMemory is not a mono symbol file
Symbol file data-0000024C9012A980 doesn't match image F:\2d hebraya game master\Hevraya 2d\ProjectSettings\Hevraya 2d\Library\ScriptAssemblies\UnityEngine.UI.dll
Symbol file LoadedFromMemory is not a mono symbol file
Symbol file data-0000024C8F82F030 doesn't match image F:\2d hebraya game master\Hevraya 2d\ProjectSettings\Hevraya 2d\Library\ScriptAssemblies\Unity.Mathematics.dll
Symbol file LoadedFromMemory is not a mono symbol file
Symbol file data-0000024C90179E40 doesn't match image F:\2d hebraya game master\Hevraya 2d\ProjectSettings\Hevraya 2d\Library\ScriptAssemblies\Unity.2D.IK.Runtime.dll
Symbol file LoadedFromMemory is not a mono symbol file
Symbol file data-0000024C90DF5F80 doesn't match image F:\2d hebraya game master\Hevraya 2d\ProjectSettings\Hevraya 2d\Library\ScriptAssemblies\Unity.2D.Animation.Triangle.Runtime.dll
Symbol file LoadedFromMemory is not a mono symbol file
Symbol file data-0000024C89C79A20 doesn't match image F:\2d hebraya game master\Hevraya 2d\ProjectSettings\Hevraya 2d\Library\ScriptAssemblies\Unity.2D.Animation.Runtime.dll
Symbol file LoadedFromMemory is not a mono symbol file
Symbol file data-0000024C8F539040 doesn't match image F:\2d hebraya game master\Hevraya 2d\ProjectSettings\Hevraya 2d\Library\ScriptAssemblies\Unity.2D.PixelPerfect.Editor.dll
Symbol file LoadedFromMemory is not a mono symbol file
Symbol file data-0000024C897D8C10 doesn't match image F:\2d hebraya game master\Hevraya 2d\ProjectSettings\Hevraya 2d\Library\ScriptAssemblies\Unity.Timeline.Editor.dll
Symbol file LoadedFromMemory is not a mono symbol file
Symbol file data-0000024C89B42030 doesn't match image F:\2d hebraya game master\Hevraya 2d\ProjectSettings\Hevraya 2d\Library\ScriptAssemblies\Unity.CollabProxy.Editor.dll
Symbol file LoadedFromMemory is not a mono symbol file
Symbol file data-0000024C90A43FA0 doesn't match image F:\2d hebraya game master\Hevraya 2d\ProjectSettings\Hevraya 2d\Library\ScriptAssemblies\Unity.Mathematics.Editor.dll
Symbol file LoadedFromMemory is not a mono symbol file
Symbol file data-0000024C88FF0370 doesn't match image F:\2d hebraya game master\Hevraya 2d\ProjectSettings\Hevraya 2d\Library\ScriptAssemblies\Unity.2D.Common.Runtime.dll
Symbol file LoadedFromMemory is not a mono symbol file
Symbol file data-0000024C8E4DFE30 doesn't match image F:\2d hebraya game master\Hevraya 2d\ProjectSettings\Hevraya 2d\Library\ScriptAssemblies\Unity.2D.SpriteShape.Editor.dll
Symbol file LoadedFromMemory is not a mono symbol file
Symbol file data-0000024C8DA03FA0 doesn't match image F:\2d hebraya game master\Hevraya 2d\ProjectSettings\Hevraya 2d\Library\ScriptAssemblies\Unity.2D.Common.Editor.dll
Symbol file LoadedFromMemory is not a mono symbol file
Symbol file data-0000024C89B42030 doesn't match image F:\2d hebraya game master\Hevraya 2d\ProjectSettings\Hevraya 2d\Library\ScriptAssemblies\Unity.2D.SpriteShape.Runtime.dll
Symbol file LoadedFromMemory is not a mono symbol file
Native extension for WindowsStandalone target not found
Refreshing native plugins compatible for Editor in 0.39 ms, found 1 plugins.
Preloading 0 native plugins for Editor in 0.00 ms.
Invoked RoslynAnalysisRunner static constructor.
RoslynAnalysisRunner will not be running.
RoslynAnalysisRunner has terminated.
Mono: successfully reloaded assembly
- Completed reload, in  0.683 seconds
Platform modules already initialized, skipping
Refreshing native plugins compatible for Editor in 0.34 ms, found 1 plugins.
Preloading 0 native plugins for Editor in 0.00 ms.
Unloading 1810 Unused Serialized files (Serialized files now loaded: 0)
System memory in use before: 85.1 MB.
System memory in use after: 85.1 MB.

Unloading 12 unused Assets to reduce memory usage. Loaded Objects now: 2270.
Total: 1.764800 ms (FindLiveObjects: 0.199400 ms CreateObjectMapping: 0.041700 ms MarkObjects: 1.428700 ms  DeleteObjects: 0.094300 ms)

========================================================================
Received Prepare
Registering precompiled user dll's ...
Registered in 0.000920 seconds.
Begin MonoManager ReloadAssembly
Symbol file data-0000024C8951ED40 doesn't match image F:\2d hebraya game master\Hevraya 2d\ProjectSettings\Hevraya 2d\Library\ScriptAssemblies\Unity.2D.Animation.Editor.dll
Symbol file LoadedFromMemory is not a mono symbol file
Symbol file data-0000024C89434B40 doesn't match image F:\2d hebraya game master\Hevraya 2d\ProjectSettings\Hevraya 2d\Library\ScriptAssemblies\Unity.InternalAPIEngineBridge.001.dll
Symbol file LoadedFromMemory is not a mono symbol file
Symbol file data-0000024C89967030 doesn't match image F:\2d hebraya game master\Hevraya 2d\ProjectSettings\Hevraya 2d\Library\ScriptAssemblies\Unity.VSCode.Editor.dll
Symbol file LoadedFromMemory is not a mono symbol file
Symbol file data-0000024C8E06D030 doesn't match image F:\2d hebraya game master\Hevraya 2d\ProjectSettings\Hevraya 2d\Library\ScriptAssemblies\Unity.2D.PixelPerfect.dll
Symbol file LoadedFromMemory is not a mono symbol file
Symbol file data-0000024C89B42030 doesn't match image F:\2d hebraya game master\Hevraya 2d\ProjectSettings\Hevraya 2d\Library\ScriptAssemblies\Unity.2D.Tilemap.Editor.dll
Symbol file LoadedFromMemory is not a mono symbol file
Symbol file data-0000024C90170010 doesn't match image F:\2d hebraya game master\Hevraya 2d\ProjectSettings\Hevraya 2d\Library\ScriptAssemblies\PsdPlugin.dll
Symbol file LoadedFromMemory is not a mono symbol file
Symbol file data-0000024C8DECB010 doesn't match image F:\2d hebraya game master\Hevraya 2d\ProjectSettings\Hevraya 2d\Library\ScriptAssemblies\Unity.TextMeshPro.Editor.dll
Symbol file LoadedFromMemory is not a mono symbol file
Symbol file data-0000024C8FB77030 doesn't match image F:\2d hebraya game master\Hevraya 2d\ProjectSettings\Hevraya 2d\Library\ScriptAssemblies\Unity.VisualStudio.Editor.dll
Symbol file LoadedFromMemory is not a mono symbol file
Symbol file data-0000024C8D8F7020 doesn't match image F:\2d hebraya game master\Hevraya 2d\ProjectSettings\Hevraya 2d\Library\ScriptAssemblies\UnityEngine.TestRunner.dll
Symbol file LoadedFromMemory is not a mono symbol file
Symbol file data-0000024C89B42030 doesn't match image F:\2d hebraya game master\Hevraya 2d\ProjectSettings\Hevraya 2d\Library\ScriptAssemblies\Unity.Timeline.dll
Symbol file LoadedFromMemory is not a mono symbol file
Symbol file data-0000024C908F91B0 doesn't match image F:\2d hebraya game master\Hevraya 2d\ProjectSettings\Hevraya 2d\Library\ScriptAssemblies\Unity.TextMeshPro.dll
Symbol file LoadedFromMemory is not a mono symbol file
Symbol file data-0000024C9063D850 doesn't match image F:\2d hebraya game master\Hevraya 2d\ProjectSettings\Hevraya 2d\Library\ScriptAssemblies\UnityEditor.TestRunner.dll
Symbol file LoadedFromMemory is not a mono symbol file
Symbol file data-0000024C89967030 doesn't match image F:\2d hebraya game master\Hevraya 2d\ProjectSettings\Hevraya 2d\Library\ScriptAssemblies\Unity.2D.IK.Editor.dll
Symbol file LoadedFromMemory is not a mono symbol file
Symbol file data-0000024C9036A010 doesn't match image F:\2d hebraya game master\Hevraya 2d\ProjectSettings\Hevraya 2d\Library\ScriptAssemblies\Unity.2D.Sprite.Editor.dll
Symbol file LoadedFromMemory is not a mono symbol file
Symbol file data-0000024C8966D020 doesn't match image F:\2d hebraya game master\Hevraya 2d\ProjectSettings\Hevraya 2d\Library\ScriptAssemblies\Unity.2D.Psdimporter.Editor.dll
Symbol file LoadedFromMemory is not a mono symbol file
Symbol file data-0000024C89556D80 doesn't match image F:\2d hebraya game master\Hevraya 2d\ProjectSettings\Hevraya 2d\Library\ScriptAssemblies\Unity.2D.Path.Editor.dll
Symbol file LoadedFromMemory is not a mono symbol file
Symbol file data-0000024C8E7CEE60 doesn't match image F:\2d hebraya game master\Hevraya 2d\ProjectSettings\Hevraya 2d\Library\ScriptAssemblies\Unity.InternalAPIEditorBridge.001.dll
Symbol file LoadedFromMemory is not a mono symbol file
Symbol file data-0000024C8966D020 doesn't match image F:\2d hebraya game master\Hevraya 2d\ProjectSettings\Hevraya 2d\Library\ScriptAssemblies\UnityEditor.UI.dll
Symbol file LoadedFromMemory is not a mono symbol file
Symbol file data-0000024C90228010 doesn't match image F:\2d hebraya game master\Hevraya 2d\ProjectSettings\Hevraya 2d\Library\ScriptAssemblies\Unity.Rider.Editor.dll
Symbol file LoadedFromMemory is not a mono symbol file
Symbol file data-0000024C9012A980 doesn't match image F:\2d hebraya game master\Hevraya 2d\ProjectSettings\Hevraya 2d\Library\ScriptAssemblies\UnityEngine.UI.dll
Symbol file LoadedFromMemory is not a mono symbol file
Symbol file data-0000024C90C12010 doesn't match image F:\2d hebraya game master\Hevraya 2d\ProjectSettings\Hevraya 2d\Library\ScriptAssemblies\Unity.Mathematics.dll
Symbol file LoadedFromMemory is not a mono symbol file
Symbol file data-0000024C89967030 doesn't match image F:\2d hebraya game master\Hevraya 2d\ProjectSettings\Hevraya 2d\Library\ScriptAssemblies\Unity.2D.IK.Runtime.dll
Symbol file LoadedFromMemory is not a mono symbol file
Symbol file data-0000024C8DB70020 doesn't match image F:\2d hebraya game master\Hevraya 2d\ProjectSettings\Hevraya 2d\Library\ScriptAssemblies\Unity.2D.Animation.Triangle.Runtime.dll
Symbol file LoadedFromMemory is not a mono symbol file
Symbol file data-0000024C89967030 doesn't match image F:\2d hebraya game master\Hevraya 2d\ProjectSettings\Hevraya 2d\Library\ScriptAssemblies\Unity.2D.Animation.Runtime.dll
Symbol file LoadedFromMemory is not a mono symbol file
Symbol file data-0000024C8E1BD650 doesn't match image F:\2d hebraya game master\Hevraya 2d\ProjectSettings\Hevraya 2d\Library\ScriptAssemblies\Unity.2D.PixelPerfect.Editor.dll
Symbol file LoadedFromMemory is not a mono symbol file
Symbol file data-0000024C8DC01020 doesn't match image F:\2d hebraya game master\Hevraya 2d\ProjectSettings\Hevraya 2d\Library\ScriptAssemblies\Unity.Timeline.Editor.dll
Symbol file LoadedFromMemory is not a mono symbol file
Symbol file data-0000024C89B42030 doesn't match image F:\2d hebraya game master\Hevraya 2d\ProjectSettings\Hevraya 2d\Library\ScriptAssemblies\Unity.CollabProxy.Editor.dll
Symbol file LoadedFromMemory is not a mono symbol file
Symbol file data-0000024C8E06D030 doesn't match image F:\2d hebraya game master\Hevraya 2d\ProjectSettings\Hevraya 2d\Library\ScriptAssemblies\Unity.Mathematics.Editor.dll
Symbol file LoadedFromMemory is not a mono symbol file
Symbol file data-0000024C88FF01A0 doesn't match image F:\2d hebraya game master\Hevraya 2d\ProjectSettings\Hevraya 2d\Library\ScriptAssemblies\Unity.2D.Common.Runtime.dll
Symbol file LoadedFromMemory is not a mono symbol file
Symbol file data-0000024C8966D020 doesn't match image F:\2d hebraya game master\Hevraya 2d\ProjectSettings\Hevraya 2d\Library\ScriptAssemblies\Unity.2D.SpriteShape.Editor.dll
Symbol file LoadedFromMemory is not a mono symbol file
Symbol file data-0000024C89967030 doesn't match image F:\2d hebraya game master\Hevraya 2d\ProjectSettings\Hevraya 2d\Library\ScriptAssemblies\Unity.2D.Common.Editor.dll
Symbol file LoadedFromMemory is not a mono symbol file
Symbol file data-0000024C8DABF010 doesn't match image F:\2d hebraya game master\Hevraya 2d\ProjectSettings\Hevraya 2d\Library\ScriptAssemblies\Unity.2D.SpriteShape.Runtime.dll
Symbol file LoadedFromMemory is not a mono symbol file
Native extension for WindowsStandalone target not found
Refreshing native plugins compatible for Editor in 0.35 ms, found 1 plugins.
Preloading 0 native plugins for Editor in 0.00 ms.
Invoked RoslynAnalysisRunner static constructor.
RoslynAnalysisRunner will not be running.
RoslynAnalysisRunner has terminated.
Mono: successfully reloaded assembly
- Completed reload, in  0.697 seconds
Platform modules already initialized, skipping
Refreshing native plugins compatible for Editor in 0.36 ms, found 1 plugins.
Preloading 0 native plugins for Editor in 0.00 ms.
Unloading 1810 Unused Serialized files (Serialized files now loaded: 0)
System memory in use before: 85.1 MB.
System memory in use after: 85.1 MB.

Unloading 12 unused Assets to reduce memory usage. Loaded Objects now: 2274.
Total: 1.834900 ms (FindLiveObjects: 0.197300 ms CreateObjectMapping: 0.039700 ms MarkObjects: 1.485300 ms  DeleteObjects: 0.111400 ms)

========================================================================
Received Prepare
Registering precompiled user dll's ...
Registered in 0.000753 seconds.
Begin MonoManager ReloadAssembly
Symbol file data-0000024C90525010 doesn't match image F:\2d hebraya game master\Hevraya 2d\ProjectSettings\Hevraya 2d\Library\ScriptAssemblies\Unity.2D.Animation.Editor.dll
Symbol file LoadedFromMemory is not a mono symbol file
Symbol file data-0000024C894347A0 doesn't match image F:\2d hebraya game master\Hevraya 2d\ProjectSettings\Hevraya 2d\Library\ScriptAssemblies\Unity.InternalAPIEngineBridge.001.dll
Symbol file LoadedFromMemory is not a mono symbol file
Symbol file data-0000024C8FB48E60 doesn't match image F:\2d hebraya game master\Hevraya 2d\ProjectSettings\Hevraya 2d\Library\ScriptAssemblies\Unity.VSCode.Editor.dll
Symbol file LoadedFromMemory is not a mono symbol file
Symbol file data-0000024C890BB470 doesn't match image F:\2d hebraya game master\Hevraya 2d\ProjectSettings\Hevraya 2d\Library\ScriptAssemblies\Unity.2D.PixelPerfect.dll
Symbol file LoadedFromMemory is not a mono symbol file
Symbol file data-0000024C89B42030 doesn't match image F:\2d hebraya game master\Hevraya 2d\ProjectSettings\Hevraya 2d\Library\ScriptAssemblies\Unity.2D.Tilemap.Editor.dll
Symbol file LoadedFromMemory is not a mono symbol file
Symbol file data-0000024C905C7420 doesn't match image F:\2d hebraya game master\Hevraya 2d\ProjectSettings\Hevraya 2d\Library\ScriptAssemblies\PsdPlugin.dll
Symbol file LoadedFromMemory is not a mono symbol file
Symbol file data-0000024C89911640 doesn't match image F:\2d hebraya game master\Hevraya 2d\ProjectSettings\Hevraya 2d\Library\ScriptAssemblies\Unity.TextMeshPro.Editor.dll
Symbol file LoadedFromMemory is not a mono symbol file
Symbol file data-0000024C8E469090 doesn't match image F:\2d hebraya game master\Hevraya 2d\ProjectSettings\Hevraya 2d\Library\ScriptAssemblies\Unity.VisualStudio.Editor.dll
Symbol file LoadedFromMemory is not a mono symbol file
Symbol file data-0000024C905C7420 doesn't match image F:\2d hebraya game master\Hevraya 2d\ProjectSettings\Hevraya 2d\Library\ScriptAssemblies\UnityEngine.TestRunner.dll
Symbol file LoadedFromMemory is not a mono symbol file
Symbol file data-0000024C89B42030 doesn't match image F:\2d hebraya game master\Hevraya 2d\ProjectSettings\Hevraya 2d\Library\ScriptAssemblies\Unity.Timeline.dll
Symbol file LoadedFromMemory is not a mono symbol file
Symbol file data-0000024CB1736020 doesn't match image F:\2d hebraya game master\Hevraya 2d\ProjectSettings\Hevraya 2d\Library\ScriptAssemblies\Unity.TextMeshPro.dll
Symbol file LoadedFromMemory is not a mono symbol file
Symbol file data-0000024C9063D850 doesn't match image F:\2d hebraya game master\Hevraya 2d\ProjectSettings\Hevraya 2d\Library\ScriptAssemblies\UnityEditor.TestRunner.dll
Symbol file LoadedFromMemory is not a mono symbol file
Symbol file data-0000024C90179E40 doesn't match image F:\2d hebraya game master\Hevraya 2d\ProjectSettings\Hevraya 2d\Library\ScriptAssemblies\Unity.2D.IK.Editor.dll
Symbol file LoadedFromMemory is not a mono symbol file
Symbol file data-0000024C8DC33010 doesn't match image F:\2d hebraya game master\Hevraya 2d\ProjectSettings\Hevraya 2d\Library\ScriptAssemblies\Unity.2D.Sprite.Editor.dll
Symbol file LoadedFromMemory is not a mono symbol file
Symbol file data-0000024C892AD090 doesn't match image F:\2d hebraya game master\Hevraya 2d\ProjectSettings\Hevraya 2d\Library\ScriptAssemblies\Unity.2D.Psdimporter.Editor.dll
Symbol file LoadedFromMemory is not a mono symbol file
Symbol file data-0000024C905C7420 doesn't match image F:\2d hebraya game master\Hevraya 2d\ProjectSettings\Hevraya 2d\Library\ScriptAssemblies\Unity.2D.Path.Editor.dll
Symbol file LoadedFromMemory is not a mono symbol file
Symbol file data-0000024C88CAE490 doesn't match image F:\2d hebraya game master\Hevraya 2d\ProjectSettings\Hevraya 2d\Library\ScriptAssemblies\Unity.InternalAPIEditorBridge.001.dll
Symbol file LoadedFromMemory is not a mono symbol file
Symbol file data-0000024C892AD090 doesn't match image F:\2d hebraya game master\Hevraya 2d\ProjectSettings\Hevraya 2d\Library\ScriptAssemblies\UnityEditor.UI.dll
Symbol file LoadedFromMemory is not a mono symbol file
Symbol file data-0000024C8F9BBC40 doesn't match image F:\2d hebraya game master\Hevraya 2d\ProjectSettings\Hevraya 2d\Library\ScriptAssemblies\Unity.Rider.Editor.dll
Symbol file LoadedFromMemory is not a mono symbol file
Symbol file data-0000024C9012A980 doesn't match image F:\2d hebraya game master\Hevraya 2d\ProjectSettings\Hevraya 2d\Library\ScriptAssemblies\UnityEngine.UI.dll
Symbol file LoadedFromMemory is not a mono symbol file
Symbol file data-0000024C90C12010 doesn't match image F:\2d hebraya game master\Hevraya 2d\ProjectSettings\Hevraya 2d\Library\ScriptAssemblies\Unity.Mathematics.dll
Symbol file LoadedFromMemory is not a mono symbol file
Symbol file data-0000024C8FB48E60 doesn't match image F:\2d hebraya game master\Hevraya 2d\ProjectSettings\Hevraya 2d\Library\ScriptAssemblies\Unity.2D.IK.Runtime.dll
Symbol file LoadedFromMemory is not a mono symbol file
Symbol file data-0000024C9012A980 doesn't match image F:\2d hebraya game master\Hevraya 2d\ProjectSettings\Hevraya 2d\Library\ScriptAssemblies\Unity.2D.Animation.Triangle.Runtime.dll
Symbol file LoadedFromMemory is not a mono symbol file
Symbol file data-0000024C8ED32670 doesn't match image F:\2d hebraya game master\Hevraya 2d\ProjectSettings\Hevraya 2d\Library\ScriptAssemblies\Unity.2D.Animation.Runtime.dll
Symbol file LoadedFromMemory is not a mono symbol file
Symbol file data-0000024C9057E730 doesn't match image F:\2d hebraya game master\Hevraya 2d\ProjectSettings\Hevraya 2d\Library\ScriptAssemblies\Unity.2D.PixelPerfect.Editor.dll
Symbol file LoadedFromMemory is not a mono symbol file
Symbol file data-0000024C8DFAD020 doesn't match image F:\2d hebraya game master\Hevraya 2d\ProjectSettings\Hevraya 2d\Library\ScriptAssemblies\Unity.Timeline.Editor.dll
Symbol file LoadedFromMemory is not a mono symbol file
Symbol file data-0000024C89C71010 doesn't match image F:\2d hebraya game master\Hevraya 2d\ProjectSettings\Hevraya 2d\Library\ScriptAssemblies\Unity.CollabProxy.Editor.dll
Symbol file LoadedFromMemory is not a mono symbol file
Symbol file data-0000024C8D9F1350 doesn't match image F:\2d hebraya game master\Hevraya 2d\ProjectSettings\Hevraya 2d\Library\ScriptAssemblies\Unity.Mathematics.Editor.dll
Symbol file LoadedFromMemory is not a mono symbol file
Symbol file data-0000024C88FF0AB0 doesn't match image F:\2d hebraya game master\Hevraya 2d\ProjectSettings\Hevraya 2d\Library\ScriptAssemblies\Unity.2D.Common.Runtime.dll
Symbol file LoadedFromMemory is not a mono symbol file
Symbol file data-0000024C892AD090 doesn't match image F:\2d hebraya game master\Hevraya 2d\ProjectSettings\Hevraya 2d\Library\ScriptAssemblies\Unity.2D.SpriteShape.Editor.dll
Symbol file LoadedFromMemory is not a mono symbol file
Symbol file data-0000024C8E535070 doesn't match image F:\2d hebraya game master\Hevraya 2d\ProjectSettings\Hevraya 2d\Library\ScriptAssemblies\Unity.2D.Common.Editor.dll
Symbol file LoadedFromMemory is not a mono symbol file
Symbol file data-0000024C89C71010 doesn't match image F:\2d hebraya game master\Hevraya 2d\ProjectSettings\Hevraya 2d\Library\ScriptAssemblies\Unity.2D.SpriteShape.Runtime.dll
Symbol file LoadedFromMemory is not a mono symbol file
Native extension for WindowsStandalone target not found
Refreshing native plugins compatible for Editor in 0.39 ms, found 1 plugins.
Preloading 0 native plugins for Editor in 0.00 ms.
Invoked RoslynAnalysisRunner static constructor.
RoslynAnalysisRunner will not be running.
RoslynAnalysisRunner has terminated.
Mono: successfully reloaded assembly
- Completed reload, in  0.658 seconds
Platform modules already initialized, skipping
Refreshing native plugins compatible for Editor in 0.34 ms, found 1 plugins.
Preloading 0 native plugins for Editor in 0.00 ms.
Unloading 1810 Unused Serialized files (Serialized files now loaded: 0)
System memory in use before: 85.1 MB.
System memory in use after: 85.1 MB.

Unloading 12 unused Assets to reduce memory usage. Loaded Objects now: 2278.
Total: 2.231200 ms (FindLiveObjects: 0.183800 ms CreateObjectMapping: 0.039300 ms MarkObjects: 1.879600 ms  DeleteObjects: 0.127100 ms)

AssetImportWorkerClient::OnTransportError - code=2 error=End of file
