Using pre-set license
Built from '2020.3/staging' branch; Version is '2020.3.3f1 (76626098c1c4) revision 7758432'; Using compiler version '192528614'; Build Type 'Release'
OS: 'Windows 10 Pro; OS build 19041.867; Version 2004; 64bit' Language: 'en' Physical Memory: 16314 MB
BatchMode: 1, IsHumanControllingUs: 0, StartBugReporterOnCrash: 0, Is64bit: 1, IsPro: 0

 COMMAND LINE ARGUMENTS:
C:\Program Files\Unity\Hub\Editor\2020.3.3f1\Editor\Unity.exe
-adb2
-batchMode
-noUpm
-name
AssetImportWorker0
-projectPath
F:/2d hebraya game master/Hevraya 2d/ProjectSettings/Hevraya 2d
-logFile
Logs/AssetImportWorker0.log
-srvPort
64465
Successfully changed project path to: F:/2d hebraya game master/Hevraya 2d/ProjectSettings/Hevraya 2d
F:/2d hebraya game master/Hevraya 2d/ProjectSettings/Hevraya 2d
Using Asset Import Pipeline V2.
Refreshing native plugins compatible for Editor in 37.77 ms, found 1 plugins.
Preloading 0 native plugins for Editor in 0.00 ms.
Initialize engine version: 2020.3.3f1 (76626098c1c4)
[Subsystems] Discovering subsystems at path C:/Program Files/Unity/Hub/Editor/2020.3.3f1/Editor/Data/Resources/UnitySubsystems
[Subsystems] Discovering subsystems at path F:/2d hebraya game master/Hevraya 2d/ProjectSettings/Hevraya 2d/Assets
GfxDevice: creating device client; threaded=0
Direct3D:
    Version:  Direct3D 11.0 [level 11.1]
    Renderer: NVIDIA GeForce GTX 1080 (ID=0x1b80)
    Vendor:   
    VRAM:     8079 MB
    Driver:   27.21.14.6589
Invalid texture used for cursor - check importer settings or texture creation. Texture must be RGBA32, readable, have alphaIsTransparency enabled and have no mip chain.

Initialize mono
Mono path[0] = 'C:/Program Files/Unity/Hub/Editor/2020.3.3f1/Editor/Data/Managed'
Mono path[1] = 'C:/Program Files/Unity/Hub/Editor/2020.3.3f1/Editor/Data/MonoBleedingEdge/lib/mono/unityjit'
Mono config path = 'C:/Program Files/Unity/Hub/Editor/2020.3.3f1/Editor/Data/MonoBleedingEdge/etc'
Using monoOptions --debugger-agent=transport=dt_socket,embedding=1,server=y,suspend=n,address=127.0.0.1:56580
Begin MonoManager ReloadAssembly
Registering precompiled unity dll's ...
Register platform support module: C:/Program Files/Unity/Hub/Editor/2020.3.3f1/Editor/Data/PlaybackEngines/WindowsStandaloneSupport/UnityEditor.WindowsStandalone.Extensions.dll
Registered in 0.002067 seconds.
Native extension for WindowsStandalone target not found
Refreshing native plugins compatible for Editor in 34.94 ms, found 1 plugins.
Preloading 0 native plugins for Editor in 0.00 ms.
Invoked RoslynAnalysisRunner static constructor.
RoslynAnalysisRunner will not be running.
RoslynAnalysisRunner has terminated.
Mono: successfully reloaded assembly
- Completed reload, in  0.943 seconds
Platform modules already initialized, skipping
Registering precompiled user dll's ...
Registered in 0.001233 seconds.
Begin MonoManager ReloadAssembly
Native extension for WindowsStandalone target not found
Refreshing native plugins compatible for Editor in 33.77 ms, found 1 plugins.
Preloading 0 native plugins for Editor in 0.00 ms.
Invoked RoslynAnalysisRunner static constructor.
RoslynAnalysisRunner will not be running.
RoslynAnalysisRunner has terminated.
Mono: successfully reloaded assembly
- Completed reload, in  0.785 seconds
Platform modules already initialized, skipping
========================================================================
Worker process is ready to serve import requests
Launched and connected shader compiler UnityShaderCompiler.exe after 0.05 seconds
Refreshing native plugins compatible for Editor in 0.38 ms, found 1 plugins.
Preloading 0 native plugins for Editor in 0.00 ms.
Unloading 1816 Unused Serialized files (Serialized files now loaded: 0)
System memory in use before: 85.3 MB.
System memory in use after: 85.3 MB.

Unloading 24 unused Assets to reduce memory usage. Loaded Objects now: 2259.
Total: 2.058700 ms (FindLiveObjects: 0.205600 ms CreateObjectMapping: 0.040000 ms MarkObjects: 1.695700 ms  DeleteObjects: 0.116200 ms)

========================================================================
Received Import Request.
  path: Assets/Animations/idle front.anim
  artifactKey: Guid(db6c86306789cbb4fa6b8b69baaca7b4) Importer(815301076,1909f56bfc062723c751e8b465ee728b)
Start importing Assets/Animations/idle front.anim using Guid(db6c86306789cbb4fa6b8b69baaca7b4) Importer(815301076,1909f56bfc062723c751e8b465ee728b)  -> (artifact id: 'f486fa3bbdc3c44b1c8aed315f9b93f7') in 0.030049 seconds
  Import took 0.032673 seconds .

========================================================================
Received Import Request.
  Time since last request: 1.724984 seconds.
  path: Assets/Animations/idle back.anim
  artifactKey: Guid(906106413bbe89d47b0b9793c4b17b7c) Importer(815301076,1909f56bfc062723c751e8b465ee728b)
Start importing Assets/Animations/idle back.anim using Guid(906106413bbe89d47b0b9793c4b17b7c) Importer(815301076,1909f56bfc062723c751e8b465ee728b)  -> (artifact id: 'a95a82dcbaa240fd4388b57da4edcd1a') in 0.003220 seconds
  Import took 0.005855 seconds .

========================================================================
Received Import Request.
  Time since last request: 19.583215 seconds.
  path: Assets/Animations/Player.controller
  artifactKey: Guid(186665075fc10f144b904747f678337c) Importer(815301076,1909f56bfc062723c751e8b465ee728b)
Start importing Assets/Animations/Player.controller using Guid(186665075fc10f144b904747f678337c) Importer(815301076,1909f56bfc062723c751e8b465ee728b)  -> (artifact id: '48a43dd4f7d27a7fd85ebd05c85ca320') in 0.005389 seconds
  Import took 0.008259 seconds .

========================================================================
Received Import Request.
  Time since last request: 14.221996 seconds.
  path: Assets/Animations/Knight_up_walk_0 1.controller
  artifactKey: Guid(626778f57a24dde41b707d7aa3dba4d4) Importer(815301076,1909f56bfc062723c751e8b465ee728b)
Start importing Assets/Animations/Knight_up_walk_0 1.controller using Guid(626778f57a24dde41b707d7aa3dba4d4) Importer(815301076,1909f56bfc062723c751e8b465ee728b)  -> (artifact id: '5ed941736ff5ac74ddd33119c8dd2776') in 0.003011 seconds
  Import took 0.005541 seconds .

========================================================================
Received Import Request.
  Time since last request: 0.383187 seconds.
  path: Assets/Animations/Knight_front_walk_0 1.controller
  artifactKey: Guid(c5ab942af5b4bc142b2d94921c7dfe42) Importer(815301076,1909f56bfc062723c751e8b465ee728b)
Start importing Assets/Animations/Knight_front_walk_0 1.controller using Guid(c5ab942af5b4bc142b2d94921c7dfe42) Importer(815301076,1909f56bfc062723c751e8b465ee728b)  -> (artifact id: 'f6bc4892a452a029e03e93008794b7f8') in 0.003331 seconds
  Import took 0.005897 seconds .

========================================================================
Received Prepare
Registering precompiled user dll's ...
Registered in 0.001362 seconds.
Begin MonoManager ReloadAssembly
Native extension for WindowsStandalone target not found
Refreshing native plugins compatible for Editor in 0.34 ms, found 1 plugins.
Preloading 0 native plugins for Editor in 0.00 ms.
Invoked RoslynAnalysisRunner static constructor.
RoslynAnalysisRunner will not be running.
RoslynAnalysisRunner has terminated.
Mono: successfully reloaded assembly
- Completed reload, in  0.708 seconds
Platform modules already initialized, skipping
Refreshing native plugins compatible for Editor in 0.38 ms, found 1 plugins.
Preloading 0 native plugins for Editor in 0.00 ms.
Unloading 1810 Unused Serialized files (Serialized files now loaded: 0)
System memory in use before: 85.2 MB.
System memory in use after: 85.2 MB.

Unloading 12 unused Assets to reduce memory usage. Loaded Objects now: 2263.
Total: 1.939900 ms (FindLiveObjects: 0.201300 ms CreateObjectMapping: 0.037200 ms MarkObjects: 1.592600 ms  DeleteObjects: 0.107900 ms)

========================================================================
Received Prepare
Registering precompiled user dll's ...
Registered in 0.001342 seconds.
Begin MonoManager ReloadAssembly
Native extension for WindowsStandalone target not found
Refreshing native plugins compatible for Editor in 0.38 ms, found 1 plugins.
Preloading 0 native plugins for Editor in 0.00 ms.
Invoked RoslynAnalysisRunner static constructor.
RoslynAnalysisRunner will not be running.
RoslynAnalysisRunner has terminated.
Mono: successfully reloaded assembly
- Completed reload, in  0.722 seconds
Platform modules already initialized, skipping
Refreshing native plugins compatible for Editor in 0.34 ms, found 1 plugins.
Preloading 0 native plugins for Editor in 0.00 ms.
Unloading 1810 Unused Serialized files (Serialized files now loaded: 0)
System memory in use before: 85.3 MB.
System memory in use after: 85.3 MB.

Unloading 12 unused Assets to reduce memory usage. Loaded Objects now: 2267.
Total: 1.817200 ms (FindLiveObjects: 0.219900 ms CreateObjectMapping: 0.040000 ms MarkObjects: 1.452000 ms  DeleteObjects: 0.104100 ms)

========================================================================
Received Prepare
Registering precompiled user dll's ...
Registered in 0.001457 seconds.
Begin MonoManager ReloadAssembly
Native extension for WindowsStandalone target not found
Refreshing native plugins compatible for Editor in 0.40 ms, found 1 plugins.
Preloading 0 native plugins for Editor in 0.00 ms.
Invoked RoslynAnalysisRunner static constructor.
RoslynAnalysisRunner will not be running.
RoslynAnalysisRunner has terminated.
Mono: successfully reloaded assembly
- Completed reload, in  0.710 seconds
Platform modules already initialized, skipping
Refreshing native plugins compatible for Editor in 0.35 ms, found 1 plugins.
Preloading 0 native plugins for Editor in 0.00 ms.
Unloading 1810 Unused Serialized files (Serialized files now loaded: 0)
System memory in use before: 85.3 MB.
System memory in use after: 85.3 MB.

Unloading 12 unused Assets to reduce memory usage. Loaded Objects now: 2271.
Total: 1.943200 ms (FindLiveObjects: 0.263300 ms CreateObjectMapping: 0.045400 ms MarkObjects: 1.524300 ms  DeleteObjects: 0.109300 ms)

========================================================================
Received Prepare
Registering precompiled user dll's ...
Registered in 0.001463 seconds.
Begin MonoManager ReloadAssembly
Native extension for WindowsStandalone target not found
Refreshing native plugins compatible for Editor in 0.37 ms, found 1 plugins.
Preloading 0 native plugins for Editor in 0.00 ms.
Invoked RoslynAnalysisRunner static constructor.
RoslynAnalysisRunner will not be running.
RoslynAnalysisRunner has terminated.
Mono: successfully reloaded assembly
- Completed reload, in  0.720 seconds
Platform modules already initialized, skipping
Refreshing native plugins compatible for Editor in 0.35 ms, found 1 plugins.
Preloading 0 native plugins for Editor in 0.00 ms.
Unloading 1810 Unused Serialized files (Serialized files now loaded: 0)
System memory in use before: 85.3 MB.
System memory in use after: 85.3 MB.

Unloading 12 unused Assets to reduce memory usage. Loaded Objects now: 2275.
Total: 1.948000 ms (FindLiveObjects: 0.186600 ms CreateObjectMapping: 0.038500 ms MarkObjects: 1.615800 ms  DeleteObjects: 0.106100 ms)

========================================================================
Received Prepare
Registering precompiled user dll's ...
Registered in 0.001341 seconds.
Begin MonoManager ReloadAssembly
Native extension for WindowsStandalone target not found
Refreshing native plugins compatible for Editor in 0.35 ms, found 1 plugins.
Preloading 0 native plugins for Editor in 0.00 ms.
Invoked RoslynAnalysisRunner static constructor.
RoslynAnalysisRunner will not be running.
RoslynAnalysisRunner has terminated.
Mono: successfully reloaded assembly
- Completed reload, in  0.695 seconds
Platform modules already initialized, skipping
Refreshing native plugins compatible for Editor in 0.38 ms, found 1 plugins.
Preloading 0 native plugins for Editor in 0.00 ms.
Unloading 1810 Unused Serialized files (Serialized files now loaded: 0)
System memory in use before: 85.4 MB.
System memory in use after: 85.3 MB.

Unloading 12 unused Assets to reduce memory usage. Loaded Objects now: 2279.
Total: 1.654900 ms (FindLiveObjects: 0.208000 ms CreateObjectMapping: 0.039700 ms MarkObjects: 1.307800 ms  DeleteObjects: 0.098700 ms)

========================================================================
Received Prepare
Registering precompiled user dll's ...
Registered in 0.001349 seconds.
Begin MonoManager ReloadAssembly
Native extension for WindowsStandalone target not found
Refreshing native plugins compatible for Editor in 0.35 ms, found 1 plugins.
Preloading 0 native plugins for Editor in 0.00 ms.
Invoked RoslynAnalysisRunner static constructor.
RoslynAnalysisRunner will not be running.
RoslynAnalysisRunner has terminated.
Mono: successfully reloaded assembly
- Completed reload, in  0.697 seconds
Platform modules already initialized, skipping
Refreshing native plugins compatible for Editor in 0.53 ms, found 1 plugins.
Preloading 0 native plugins for Editor in 0.00 ms.
Unloading 1810 Unused Serialized files (Serialized files now loaded: 0)
System memory in use before: 85.4 MB.
System memory in use after: 85.3 MB.

Unloading 12 unused Assets to reduce memory usage. Loaded Objects now: 2283.
Total: 2.454000 ms (FindLiveObjects: 0.272500 ms CreateObjectMapping: 0.039900 ms MarkObjects: 2.000000 ms  DeleteObjects: 0.140500 ms)

========================================================================
Received Prepare
Registering precompiled user dll's ...
Registered in 0.001430 seconds.
Begin MonoManager ReloadAssembly
Native extension for WindowsStandalone target not found
Refreshing native plugins compatible for Editor in 0.38 ms, found 1 plugins.
Preloading 0 native plugins for Editor in 0.00 ms.
Invoked RoslynAnalysisRunner static constructor.
RoslynAnalysisRunner will not be running.
RoslynAnalysisRunner has terminated.
Mono: successfully reloaded assembly
- Completed reload, in  0.724 seconds
Platform modules already initialized, skipping
Refreshing native plugins compatible for Editor in 0.34 ms, found 1 plugins.
Preloading 0 native plugins for Editor in 0.00 ms.
Unloading 1810 Unused Serialized files (Serialized files now loaded: 0)
System memory in use before: 85.4 MB.
System memory in use after: 85.4 MB.

Unloading 12 unused Assets to reduce memory usage. Loaded Objects now: 2287.
Total: 1.918200 ms (FindLiveObjects: 0.228500 ms CreateObjectMapping: 0.042200 ms MarkObjects: 1.543700 ms  DeleteObjects: 0.102900 ms)

========================================================================
Received Prepare
Registering precompiled user dll's ...
Registered in 0.001342 seconds.
Begin MonoManager ReloadAssembly
Native extension for WindowsStandalone target not found
Refreshing native plugins compatible for Editor in 0.34 ms, found 1 plugins.
Preloading 0 native plugins for Editor in 0.00 ms.
Invoked RoslynAnalysisRunner static constructor.
RoslynAnalysisRunner will not be running.
RoslynAnalysisRunner has terminated.
Mono: successfully reloaded assembly
- Completed reload, in  0.690 seconds
Platform modules already initialized, skipping
Refreshing native plugins compatible for Editor in 0.35 ms, found 1 plugins.
Preloading 0 native plugins for Editor in 0.00 ms.
Unloading 1810 Unused Serialized files (Serialized files now loaded: 0)
System memory in use before: 85.4 MB.
System memory in use after: 85.4 MB.

Unloading 12 unused Assets to reduce memory usage. Loaded Objects now: 2291.
Total: 1.919300 ms (FindLiveObjects: 0.199700 ms CreateObjectMapping: 0.039500 ms MarkObjects: 1.577500 ms  DeleteObjects: 0.101200 ms)

========================================================================
Received Prepare
Registering precompiled user dll's ...
Registered in 0.001274 seconds.
Begin MonoManager ReloadAssembly
Native extension for WindowsStandalone target not found
Refreshing native plugins compatible for Editor in 0.35 ms, found 1 plugins.
Preloading 0 native plugins for Editor in 0.00 ms.
Invoked RoslynAnalysisRunner static constructor.
RoslynAnalysisRunner will not be running.
RoslynAnalysisRunner has terminated.
Mono: successfully reloaded assembly
- Completed reload, in  0.690 seconds
Platform modules already initialized, skipping
Refreshing native plugins compatible for Editor in 0.42 ms, found 1 plugins.
Preloading 0 native plugins for Editor in 0.00 ms.
Unloading 1810 Unused Serialized files (Serialized files now loaded: 0)
System memory in use before: 85.4 MB.
System memory in use after: 85.4 MB.

Unloading 12 unused Assets to reduce memory usage. Loaded Objects now: 2295.
Total: 2.078000 ms (FindLiveObjects: 0.264500 ms CreateObjectMapping: 0.053300 ms MarkObjects: 1.645300 ms  DeleteObjects: 0.114000 ms)

========================================================================
Received Prepare
Registering precompiled user dll's ...
Registered in 0.001371 seconds.
Begin MonoManager ReloadAssembly
Native extension for WindowsStandalone target not found
Refreshing native plugins compatible for Editor in 0.34 ms, found 1 plugins.
Preloading 0 native plugins for Editor in 0.00 ms.
Invoked RoslynAnalysisRunner static constructor.
RoslynAnalysisRunner will not be running.
RoslynAnalysisRunner has terminated.
Mono: successfully reloaded assembly
- Completed reload, in  0.678 seconds
Platform modules already initialized, skipping
Refreshing native plugins compatible for Editor in 0.37 ms, found 1 plugins.
Preloading 0 native plugins for Editor in 0.00 ms.
Unloading 1810 Unused Serialized files (Serialized files now loaded: 0)
System memory in use before: 85.4 MB.
System memory in use after: 85.4 MB.

Unloading 12 unused Assets to reduce memory usage. Loaded Objects now: 2299.
Total: 2.007200 ms (FindLiveObjects: 0.207300 ms CreateObjectMapping: 0.043300 ms MarkObjects: 1.654100 ms  DeleteObjects: 0.101000 ms)

========================================================================
Received Prepare
Registering precompiled user dll's ...
Registered in 0.001566 seconds.
Begin MonoManager ReloadAssembly
Native extension for WindowsStandalone target not found
Refreshing native plugins compatible for Editor in 0.36 ms, found 1 plugins.
Preloading 0 native plugins for Editor in 0.00 ms.
Invoked RoslynAnalysisRunner static constructor.
RoslynAnalysisRunner will not be running.
RoslynAnalysisRunner has terminated.
Mono: successfully reloaded assembly
- Completed reload, in  0.685 seconds
Platform modules already initialized, skipping
Refreshing native plugins compatible for Editor in 0.43 ms, found 1 plugins.
Preloading 0 native plugins for Editor in 0.00 ms.
Unloading 1810 Unused Serialized files (Serialized files now loaded: 0)
System memory in use before: 85.4 MB.
System memory in use after: 85.4 MB.

Unloading 12 unused Assets to reduce memory usage. Loaded Objects now: 2303.
Total: 2.031200 ms (FindLiveObjects: 0.208600 ms CreateObjectMapping: 0.040000 ms MarkObjects: 1.608900 ms  DeleteObjects: 0.172400 ms)

========================================================================
Received Prepare
Registering precompiled user dll's ...
Registered in 0.001263 seconds.
Begin MonoManager ReloadAssembly
Native extension for WindowsStandalone target not found
Refreshing native plugins compatible for Editor in 0.35 ms, found 1 plugins.
Preloading 0 native plugins for Editor in 0.00 ms.
Invoked RoslynAnalysisRunner static constructor.
RoslynAnalysisRunner will not be running.
RoslynAnalysisRunner has terminated.
Mono: successfully reloaded assembly
- Completed reload, in  0.704 seconds
Platform modules already initialized, skipping
Refreshing native plugins compatible for Editor in 0.35 ms, found 1 plugins.
Preloading 0 native plugins for Editor in 0.00 ms.
Unloading 1810 Unused Serialized files (Serialized files now loaded: 0)
System memory in use before: 85.4 MB.
System memory in use after: 85.4 MB.

Unloading 12 unused Assets to reduce memory usage. Loaded Objects now: 2307.
Total: 1.720600 ms (FindLiveObjects: 0.208700 ms CreateObjectMapping: 0.043200 ms MarkObjects: 1.375700 ms  DeleteObjects: 0.092100 ms)

========================================================================
Received Prepare
Registering precompiled user dll's ...
Registered in 0.001252 seconds.
Begin MonoManager ReloadAssembly
Native extension for WindowsStandalone target not found
Refreshing native plugins compatible for Editor in 0.37 ms, found 1 plugins.
Preloading 0 native plugins for Editor in 0.00 ms.
Invoked RoslynAnalysisRunner static constructor.
RoslynAnalysisRunner will not be running.
RoslynAnalysisRunner has terminated.
Mono: successfully reloaded assembly
- Completed reload, in  0.689 seconds
Platform modules already initialized, skipping
Refreshing native plugins compatible for Editor in 0.34 ms, found 1 plugins.
Preloading 0 native plugins for Editor in 0.00 ms.
Unloading 1810 Unused Serialized files (Serialized files now loaded: 0)
System memory in use before: 85.4 MB.
System memory in use after: 85.4 MB.

Unloading 12 unused Assets to reduce memory usage. Loaded Objects now: 2311.
Total: 2.059100 ms (FindLiveObjects: 0.246900 ms CreateObjectMapping: 0.047700 ms MarkObjects: 1.654200 ms  DeleteObjects: 0.109200 ms)

========================================================================
Received Prepare
Registering precompiled user dll's ...
Registered in 0.001427 seconds.
Begin MonoManager ReloadAssembly
Native extension for WindowsStandalone target not found
Refreshing native plugins compatible for Editor in 0.35 ms, found 1 plugins.
Preloading 0 native plugins for Editor in 0.00 ms.
Invoked RoslynAnalysisRunner static constructor.
RoslynAnalysisRunner will not be running.
RoslynAnalysisRunner has terminated.
Mono: successfully reloaded assembly
- Completed reload, in  0.723 seconds
Platform modules already initialized, skipping
Refreshing native plugins compatible for Editor in 0.40 ms, found 1 plugins.
Preloading 0 native plugins for Editor in 0.00 ms.
Unloading 1810 Unused Serialized files (Serialized files now loaded: 0)
System memory in use before: 85.4 MB.
System memory in use after: 85.4 MB.

Unloading 12 unused Assets to reduce memory usage. Loaded Objects now: 2315.
Total: 2.182900 ms (FindLiveObjects: 0.235500 ms CreateObjectMapping: 0.046400 ms MarkObjects: 1.792100 ms  DeleteObjects: 0.107400 ms)

========================================================================
Received Prepare
Registering precompiled user dll's ...
Registered in 0.001359 seconds.
Begin MonoManager ReloadAssembly
Native extension for WindowsStandalone target not found
Refreshing native plugins compatible for Editor in 0.35 ms, found 1 plugins.
Preloading 0 native plugins for Editor in 0.00 ms.
Invoked RoslynAnalysisRunner static constructor.
RoslynAnalysisRunner will not be running.
RoslynAnalysisRunner has terminated.
Mono: successfully reloaded assembly
- Completed reload, in  0.698 seconds
Platform modules already initialized, skipping
Refreshing native plugins compatible for Editor in 0.35 ms, found 1 plugins.
Preloading 0 native plugins for Editor in 0.00 ms.
Unloading 1810 Unused Serialized files (Serialized files now loaded: 0)
System memory in use before: 85.5 MB.
System memory in use after: 85.4 MB.

Unloading 12 unused Assets to reduce memory usage. Loaded Objects now: 2319.
Total: 2.295200 ms (FindLiveObjects: 0.203600 ms CreateObjectMapping: 0.037600 ms MarkObjects: 1.942300 ms  DeleteObjects: 0.110600 ms)

========================================================================
Received Prepare
Registering precompiled user dll's ...
Registered in 0.001206 seconds.
Begin MonoManager ReloadAssembly
Native extension for WindowsStandalone target not found
Refreshing native plugins compatible for Editor in 0.37 ms, found 1 plugins.
Preloading 0 native plugins for Editor in 0.00 ms.
Invoked RoslynAnalysisRunner static constructor.
RoslynAnalysisRunner will not be running.
RoslynAnalysisRunner has terminated.
Mono: successfully reloaded assembly
- Completed reload, in  0.712 seconds
Platform modules already initialized, skipping
Refreshing native plugins compatible for Editor in 0.34 ms, found 1 plugins.
Preloading 0 native plugins for Editor in 0.00 ms.
Unloading 1810 Unused Serialized files (Serialized files now loaded: 0)
System memory in use before: 85.5 MB.
System memory in use after: 85.4 MB.

Unloading 12 unused Assets to reduce memory usage. Loaded Objects now: 2323.
Total: 2.203700 ms (FindLiveObjects: 0.264700 ms CreateObjectMapping: 0.044800 ms MarkObjects: 1.783300 ms  DeleteObjects: 0.109600 ms)

========================================================================
Received Import Request.
  Time since last request: 1270.055723 seconds.
  path: Assets/Animations/Player.controller
  artifactKey: Guid(186665075fc10f144b904747f678337c) Importer(815301076,1909f56bfc062723c751e8b465ee728b)
Start importing Assets/Animations/Player.controller using Guid(186665075fc10f144b904747f678337c) Importer(815301076,1909f56bfc062723c751e8b465ee728b)  -> (artifact id: '9ca2d294fc03d7153b1d69a4df975091') in 0.011945 seconds
  Import took 0.014766 seconds .

========================================================================
Received Prepare
Registering precompiled user dll's ...
Registered in 0.001277 seconds.
Begin MonoManager ReloadAssembly
Native extension for WindowsStandalone target not found
Refreshing native plugins compatible for Editor in 0.34 ms, found 1 plugins.
Preloading 0 native plugins for Editor in 0.00 ms.
Invoked RoslynAnalysisRunner static constructor.
RoslynAnalysisRunner will not be running.
RoslynAnalysisRunner has terminated.
Mono: successfully reloaded assembly
- Completed reload, in  0.717 seconds
Platform modules already initialized, skipping
Refreshing native plugins compatible for Editor in 0.37 ms, found 1 plugins.
Preloading 0 native plugins for Editor in 0.00 ms.
Unloading 1810 Unused Serialized files (Serialized files now loaded: 0)
System memory in use before: 85.5 MB.
System memory in use after: 85.4 MB.

Unloading 12 unused Assets to reduce memory usage. Loaded Objects now: 2327.
Total: 1.935200 ms (FindLiveObjects: 0.221800 ms CreateObjectMapping: 0.042400 ms MarkObjects: 1.558100 ms  DeleteObjects: 0.112000 ms)

========================================================================
Received Prepare
Registering precompiled user dll's ...
Registered in 0.002477 seconds.
Begin MonoManager ReloadAssembly
Native extension for WindowsStandalone target not found
Refreshing native plugins compatible for Editor in 0.38 ms, found 1 plugins.
Preloading 0 native plugins for Editor in 0.00 ms.
Invoked RoslynAnalysisRunner static constructor.
RoslynAnalysisRunner will not be running.
RoslynAnalysisRunner has terminated.
Mono: successfully reloaded assembly
- Completed reload, in  0.765 seconds
Platform modules already initialized, skipping
Refreshing native plugins compatible for Editor in 0.36 ms, found 1 plugins.
Preloading 0 native plugins for Editor in 0.00 ms.
Unloading 1810 Unused Serialized files (Serialized files now loaded: 0)
System memory in use before: 85.5 MB.
System memory in use after: 85.5 MB.

Unloading 12 unused Assets to reduce memory usage. Loaded Objects now: 2331.
Total: 1.811100 ms (FindLiveObjects: 0.219400 ms CreateObjectMapping: 0.041400 ms MarkObjects: 1.443000 ms  DeleteObjects: 0.105600 ms)

========================================================================
Received Prepare
Registering precompiled user dll's ...
Registered in 0.001248 seconds.
Begin MonoManager ReloadAssembly
Native extension for WindowsStandalone target not found
Refreshing native plugins compatible for Editor in 0.35 ms, found 1 plugins.
Preloading 0 native plugins for Editor in 0.00 ms.
Invoked RoslynAnalysisRunner static constructor.
RoslynAnalysisRunner will not be running.
RoslynAnalysisRunner has terminated.
Mono: successfully reloaded assembly
- Completed reload, in  0.719 seconds
Platform modules already initialized, skipping
Refreshing native plugins compatible for Editor in 0.36 ms, found 1 plugins.
Preloading 0 native plugins for Editor in 0.00 ms.
Unloading 1810 Unused Serialized files (Serialized files now loaded: 0)
System memory in use before: 85.5 MB.
System memory in use after: 85.5 MB.

Unloading 12 unused Assets to reduce memory usage. Loaded Objects now: 2335.
Total: 2.320800 ms (FindLiveObjects: 0.499700 ms CreateObjectMapping: 0.085600 ms MarkObjects: 1.610300 ms  DeleteObjects: 0.123900 ms)

========================================================================
Received Prepare
Registering precompiled user dll's ...
Registered in 0.001424 seconds.
Begin MonoManager ReloadAssembly
Native extension for WindowsStandalone target not found
Refreshing native plugins compatible for Editor in 0.37 ms, found 1 plugins.
Preloading 0 native plugins for Editor in 0.00 ms.
Invoked RoslynAnalysisRunner static constructor.
RoslynAnalysisRunner will not be running.
RoslynAnalysisRunner has terminated.
Mono: successfully reloaded assembly
- Completed reload, in  0.728 seconds
Platform modules already initialized, skipping
Refreshing native plugins compatible for Editor in 0.34 ms, found 1 plugins.
Preloading 0 native plugins for Editor in 0.00 ms.
Unloading 1810 Unused Serialized files (Serialized files now loaded: 0)
System memory in use before: 85.5 MB.
System memory in use after: 85.5 MB.

Unloading 12 unused Assets to reduce memory usage. Loaded Objects now: 2339.
Total: 2.086500 ms (FindLiveObjects: 0.235800 ms CreateObjectMapping: 0.042200 ms MarkObjects: 1.703600 ms  DeleteObjects: 0.103500 ms)

========================================================================
Received Prepare
Registering precompiled user dll's ...
Registered in 0.001313 seconds.
Begin MonoManager ReloadAssembly
Native extension for WindowsStandalone target not found
Refreshing native plugins compatible for Editor in 0.37 ms, found 1 plugins.
Preloading 0 native plugins for Editor in 0.00 ms.
Invoked RoslynAnalysisRunner static constructor.
RoslynAnalysisRunner will not be running.
RoslynAnalysisRunner has terminated.
Mono: successfully reloaded assembly
- Completed reload, in  0.693 seconds
Platform modules already initialized, skipping
Refreshing native plugins compatible for Editor in 0.39 ms, found 1 plugins.
Preloading 0 native plugins for Editor in 0.00 ms.
Unloading 1810 Unused Serialized files (Serialized files now loaded: 0)
System memory in use before: 85.5 MB.
System memory in use after: 85.5 MB.

Unloading 12 unused Assets to reduce memory usage. Loaded Objects now: 2343.
Total: 2.291200 ms (FindLiveObjects: 0.308800 ms CreateObjectMapping: 0.045500 ms MarkObjects: 1.801200 ms  DeleteObjects: 0.134400 ms)

========================================================================
Received Prepare
Registering precompiled user dll's ...
Registered in 0.001286 seconds.
Begin MonoManager ReloadAssembly
Native extension for WindowsStandalone target not found
Refreshing native plugins compatible for Editor in 0.38 ms, found 1 plugins.
Preloading 0 native plugins for Editor in 0.00 ms.
Invoked RoslynAnalysisRunner static constructor.
RoslynAnalysisRunner will not be running.
RoslynAnalysisRunner has terminated.
Mono: successfully reloaded assembly
- Completed reload, in  0.716 seconds
Platform modules already initialized, skipping
Refreshing native plugins compatible for Editor in 0.35 ms, found 1 plugins.
Preloading 0 native plugins for Editor in 0.00 ms.
Unloading 1810 Unused Serialized files (Serialized files now loaded: 0)
System memory in use before: 85.5 MB.
System memory in use after: 85.5 MB.

Unloading 12 unused Assets to reduce memory usage. Loaded Objects now: 2347.
Total: 2.179600 ms (FindLiveObjects: 0.284300 ms CreateObjectMapping: 0.134000 ms MarkObjects: 1.656300 ms  DeleteObjects: 0.103800 ms)

========================================================================
Received Prepare
Registering precompiled user dll's ...
Registered in 0.001257 seconds.
Begin MonoManager ReloadAssembly
Native extension for WindowsStandalone target not found
Refreshing native plugins compatible for Editor in 0.35 ms, found 1 plugins.
Preloading 0 native plugins for Editor in 0.00 ms.
Invoked RoslynAnalysisRunner static constructor.
RoslynAnalysisRunner will not be running.
RoslynAnalysisRunner has terminated.
Mono: successfully reloaded assembly
- Completed reload, in  0.730 seconds
Platform modules already initialized, skipping
Refreshing native plugins compatible for Editor in 0.37 ms, found 1 plugins.
Preloading 0 native plugins for Editor in 0.00 ms.
Unloading 1810 Unused Serialized files (Serialized files now loaded: 0)
System memory in use before: 85.5 MB.
System memory in use after: 85.5 MB.

Unloading 12 unused Assets to reduce memory usage. Loaded Objects now: 2351.
Total: 2.017000 ms (FindLiveObjects: 0.461200 ms CreateObjectMapping: 0.054600 ms MarkObjects: 1.390600 ms  DeleteObjects: 0.109400 ms)

========================================================================
Received Import Request.
  Time since last request: 648.796383 seconds.
  path: Assets/Animations/Player.controller
  artifactKey: Guid(186665075fc10f144b904747f678337c) Importer(815301076,1909f56bfc062723c751e8b465ee728b)
Start importing Assets/Animations/Player.controller using Guid(186665075fc10f144b904747f678337c) Importer(815301076,1909f56bfc062723c751e8b465ee728b)  -> (artifact id: '505997bb9cef4097875fcb0662a49c7a') in 0.013116 seconds
  Import took 0.015800 seconds .

========================================================================
Received Prepare
Registering precompiled user dll's ...
Registered in 0.001339 seconds.
Begin MonoManager ReloadAssembly
Native extension for WindowsStandalone target not found
Refreshing native plugins compatible for Editor in 0.34 ms, found 1 plugins.
Preloading 0 native plugins for Editor in 0.00 ms.
Invoked RoslynAnalysisRunner static constructor.
RoslynAnalysisRunner will not be running.
RoslynAnalysisRunner has terminated.
Mono: successfully reloaded assembly
- Completed reload, in  0.701 seconds
Platform modules already initialized, skipping
Refreshing native plugins compatible for Editor in 0.34 ms, found 1 plugins.
Preloading 0 native plugins for Editor in 0.00 ms.
Unloading 1810 Unused Serialized files (Serialized files now loaded: 0)
System memory in use before: 85.5 MB.
System memory in use after: 85.5 MB.

Unloading 12 unused Assets to reduce memory usage. Loaded Objects now: 2355.
Total: 1.740400 ms (FindLiveObjects: 0.213100 ms CreateObjectMapping: 0.041300 ms MarkObjects: 1.388500 ms  DeleteObjects: 0.096600 ms)

========================================================================
Received Import Request.
  Time since last request: 320.276941 seconds.
  path: Assets/Animations/Player.controller
  artifactKey: Guid(186665075fc10f144b904747f678337c) Importer(815301076,1909f56bfc062723c751e8b465ee728b)
Start importing Assets/Animations/Player.controller using Guid(186665075fc10f144b904747f678337c) Importer(815301076,1909f56bfc062723c751e8b465ee728b)  -> (artifact id: 'c30df052a7e631d8f25c59a380ad926c') in 0.013248 seconds
  Import took 0.016243 seconds .

========================================================================
Received Prepare
Registering precompiled user dll's ...
Registered in 0.001307 seconds.
Begin MonoManager ReloadAssembly
Native extension for WindowsStandalone target not found
Refreshing native plugins compatible for Editor in 0.36 ms, found 1 plugins.
Preloading 0 native plugins for Editor in 0.00 ms.
Invoked RoslynAnalysisRunner static constructor.
RoslynAnalysisRunner will not be running.
RoslynAnalysisRunner has terminated.
Mono: successfully reloaded assembly
- Completed reload, in  0.718 seconds
Platform modules already initialized, skipping
Refreshing native plugins compatible for Editor in 0.36 ms, found 1 plugins.
Preloading 0 native plugins for Editor in 0.00 ms.
Unloading 1810 Unused Serialized files (Serialized files now loaded: 0)
System memory in use before: 85.5 MB.
System memory in use after: 85.5 MB.

Unloading 12 unused Assets to reduce memory usage. Loaded Objects now: 2359.
Total: 2.060300 ms (FindLiveObjects: 0.196800 ms CreateObjectMapping: 0.041200 ms MarkObjects: 1.720000 ms  DeleteObjects: 0.100900 ms)

========================================================================
Received Prepare
Registering precompiled user dll's ...
Registered in 0.001292 seconds.
Begin MonoManager ReloadAssembly
Native extension for WindowsStandalone target not found
Refreshing native plugins compatible for Editor in 0.37 ms, found 1 plugins.
Preloading 0 native plugins for Editor in 0.00 ms.
Invoked RoslynAnalysisRunner static constructor.
RoslynAnalysisRunner will not be running.
RoslynAnalysisRunner has terminated.
Mono: successfully reloaded assembly
- Completed reload, in  0.730 seconds
Platform modules already initialized, skipping
Refreshing native plugins compatible for Editor in 0.37 ms, found 1 plugins.
Preloading 0 native plugins for Editor in 0.00 ms.
Unloading 1810 Unused Serialized files (Serialized files now loaded: 0)
System memory in use before: 85.5 MB.
System memory in use after: 85.5 MB.

Unloading 12 unused Assets to reduce memory usage. Loaded Objects now: 2363.
Total: 1.978800 ms (FindLiveObjects: 0.199700 ms CreateObjectMapping: 0.040200 ms MarkObjects: 1.629700 ms  DeleteObjects: 0.108300 ms)

========================================================================
Received Prepare
Registering precompiled user dll's ...
Registered in 0.001320 seconds.
Begin MonoManager ReloadAssembly
Native extension for WindowsStandalone target not found
Refreshing native plugins compatible for Editor in 0.35 ms, found 1 plugins.
Preloading 0 native plugins for Editor in 0.00 ms.
Invoked RoslynAnalysisRunner static constructor.
RoslynAnalysisRunner will not be running.
RoslynAnalysisRunner has terminated.
Mono: successfully reloaded assembly
- Completed reload, in  0.709 seconds
Platform modules already initialized, skipping
Refreshing native plugins compatible for Editor in 0.39 ms, found 1 plugins.
Preloading 0 native plugins for Editor in 0.00 ms.
Unloading 1810 Unused Serialized files (Serialized files now loaded: 0)
System memory in use before: 85.6 MB.
System memory in use after: 85.5 MB.

Unloading 12 unused Assets to reduce memory usage. Loaded Objects now: 2367.
Total: 2.172200 ms (FindLiveObjects: 0.214700 ms CreateObjectMapping: 0.040600 ms MarkObjects: 1.805600 ms  DeleteObjects: 0.110100 ms)

========================================================================
Received Prepare
Registering precompiled user dll's ...
Registered in 0.001285 seconds.
Begin MonoManager ReloadAssembly
Native extension for WindowsStandalone target not found
Refreshing native plugins compatible for Editor in 0.39 ms, found 1 plugins.
Preloading 0 native plugins for Editor in 0.00 ms.
Invoked RoslynAnalysisRunner static constructor.
RoslynAnalysisRunner will not be running.
RoslynAnalysisRunner has terminated.
Mono: successfully reloaded assembly
- Completed reload, in  0.717 seconds
Platform modules already initialized, skipping
Refreshing native plugins compatible for Editor in 0.36 ms, found 1 plugins.
Preloading 0 native plugins for Editor in 0.00 ms.
Unloading 1810 Unused Serialized files (Serialized files now loaded: 0)
System memory in use before: 85.6 MB.
System memory in use after: 85.5 MB.

Unloading 12 unused Assets to reduce memory usage. Loaded Objects now: 2371.
Total: 1.853400 ms (FindLiveObjects: 0.235400 ms CreateObjectMapping: 0.042800 ms MarkObjects: 1.475500 ms  DeleteObjects: 0.098600 ms)

========================================================================
Received Import Request.
  Time since last request: 510.395545 seconds.
  path: Assets/Sprites/Knight_left_walk.png
  artifactKey: Guid(ea068127dd3238347a9e748b247c8b85) Importer(815301076,1909f56bfc062723c751e8b465ee728b)
Start importing Assets/Sprites/Knight_left_walk.png using Guid(ea068127dd3238347a9e748b247c8b85) Importer(815301076,1909f56bfc062723c751e8b465ee728b)  -> (artifact id: '28c291085ebd3f58e50a0eed3a3dab70') in 0.090086 seconds
  Import took 0.092994 seconds .

========================================================================
Received Import Request.
  Time since last request: 0.000158 seconds.
  path: Assets/Sprites/Knight_right_walk.png
  artifactKey: Guid(630f252ecd1d7e441a61eeb329d2bab9) Importer(815301076,1909f56bfc062723c751e8b465ee728b)
Start importing Assets/Sprites/Knight_right_walk.png using Guid(630f252ecd1d7e441a61eeb329d2bab9) Importer(815301076,1909f56bfc062723c751e8b465ee728b)  -> (artifact id: '8aa245309dd969dc685fcd514993228e') in 0.006167 seconds
  Import took 0.008341 seconds .

========================================================================
Received Import Request.
  Time since last request: 33.322099 seconds.
  path: Assets/Sprites/Knight_left_walk.png
  artifactKey: Guid(ea068127dd3238347a9e748b247c8b85) Importer(815301076,1909f56bfc062723c751e8b465ee728b)
Start importing Assets/Sprites/Knight_left_walk.png using Guid(ea068127dd3238347a9e748b247c8b85) Importer(815301076,1909f56bfc062723c751e8b465ee728b)  -> (artifact id: 'afa76baa2bd36b2aade2830e6f7f1188') in 0.005225 seconds
  Import took 0.008019 seconds .

========================================================================
Received Import Request.
  Time since last request: 0.005390 seconds.
  path: Assets/Sprites/Knight_left_walk.png
  artifactKey: Guid(ea068127dd3238347a9e748b247c8b85) Importer(815301076,1909f56bfc062723c751e8b465ee728b)
Start importing Assets/Sprites/Knight_left_walk.png using Guid(ea068127dd3238347a9e748b247c8b85) Importer(815301076,1909f56bfc062723c751e8b465ee728b)  -> (artifact id: 'afa76baa2bd36b2aade2830e6f7f1188') in 0.005073 seconds
  Import took 0.007929 seconds .

========================================================================
Received Import Request.
  Time since last request: 13.868668 seconds.
  path: Assets/Sprites/Knight_left_walk.png
  artifactKey: Guid(ea068127dd3238347a9e748b247c8b85) Importer(815301076,1909f56bfc062723c751e8b465ee728b)
Start importing Assets/Sprites/Knight_left_walk.png using Guid(ea068127dd3238347a9e748b247c8b85) Importer(815301076,1909f56bfc062723c751e8b465ee728b)  -> (artifact id: 'ce8ad86d6e7ec3606c6ff01417907656') in 0.015357 seconds
  Import took 0.018162 seconds .

========================================================================
Received Import Request.
  Time since last request: 14.705156 seconds.
  path: Assets/Sprites/Knight_left_walk.png
  artifactKey: Guid(ea068127dd3238347a9e748b247c8b85) Importer(815301076,1909f56bfc062723c751e8b465ee728b)
Start importing Assets/Sprites/Knight_left_walk.png using Guid(ea068127dd3238347a9e748b247c8b85) Importer(815301076,1909f56bfc062723c751e8b465ee728b)  -> (artifact id: '2641a91c21d9fc58047d8891522f0ceb') in 0.015458 seconds
  Import took 0.018132 seconds .

========================================================================
Received Import Request.
  Time since last request: 97.351947 seconds.
  path: Assets/Sprites/Knight_right_walk.png
  artifactKey: Guid(630f252ecd1d7e441a61eeb329d2bab9) Importer(815301076,1909f56bfc062723c751e8b465ee728b)
Start importing Assets/Sprites/Knight_right_walk.png using Guid(630f252ecd1d7e441a61eeb329d2bab9) Importer(815301076,1909f56bfc062723c751e8b465ee728b)  -> (artifact id: '51fbc811f124c00960bbe19ca0a35f1c') in 0.005610 seconds
  Import took 0.008639 seconds .

========================================================================
Received Import Request.
  Time since last request: 29.833606 seconds.
  path: Assets/Animations/idle left.anim
  artifactKey: Guid(a02d9d2a705ad454f803d20cb643e829) Importer(815301076,1909f56bfc062723c751e8b465ee728b)
Start importing Assets/Animations/idle left.anim using Guid(a02d9d2a705ad454f803d20cb643e829) Importer(815301076,1909f56bfc062723c751e8b465ee728b)  -> (artifact id: '15f0aaa9c43dd8f5129bd8928656fd10') in 0.003252 seconds
  Import took 0.006228 seconds .

========================================================================
Received Import Request.
  Time since last request: 0.000314 seconds.
  path: Assets/Animations/idle left.anim
  artifactKey: Guid(a02d9d2a705ad454f803d20cb643e829) Importer(815301076,1909f56bfc062723c751e8b465ee728b)
Start importing Assets/Animations/idle left.anim using Guid(a02d9d2a705ad454f803d20cb643e829) Importer(815301076,1909f56bfc062723c751e8b465ee728b)  -> (artifact id: '15f0aaa9c43dd8f5129bd8928656fd10') in 0.002867 seconds
  Import took 0.005203 seconds .

========================================================================
Received Import Request.
  Time since last request: 3.853134 seconds.
  path: Assets/Animations/left.anim
  artifactKey: Guid(935a366333116c04c8781732709934cd) Importer(815301076,1909f56bfc062723c751e8b465ee728b)
Start importing Assets/Animations/left.anim using Guid(935a366333116c04c8781732709934cd) Importer(815301076,1909f56bfc062723c751e8b465ee728b)  -> (artifact id: 'c963d8d8a88edff76e546ede5db179fd') in 0.002856 seconds
  Import took 0.005509 seconds .

========================================================================
Received Import Request.
  Time since last request: 4.595433 seconds.
  path: Assets/Animations/Knight_left_walk_0 1.controller
  artifactKey: Guid(9a6fb5e027880f64b9c53cd6fc4d6994) Importer(815301076,1909f56bfc062723c751e8b465ee728b)
Start importing Assets/Animations/Knight_left_walk_0 1.controller using Guid(9a6fb5e027880f64b9c53cd6fc4d6994) Importer(815301076,1909f56bfc062723c751e8b465ee728b)  -> (artifact id: '30cddce4ec07fb29ca2ef6c74b10c314') in 0.003355 seconds
  Import took 0.005970 seconds .

========================================================================
Received Import Request.
  Time since last request: 5.020396 seconds.
  path: Assets/Animations/Knight_left_walk_0.controller
  artifactKey: Guid(a940ec168a93953458fa1a0f2837ff99) Importer(815301076,1909f56bfc062723c751e8b465ee728b)
Start importing Assets/Animations/Knight_left_walk_0.controller using Guid(a940ec168a93953458fa1a0f2837ff99) Importer(815301076,1909f56bfc062723c751e8b465ee728b)  -> (artifact id: '5743b72472bbc217a5eec314dc0be3ee') in 0.002853 seconds
  Import took 0.005725 seconds .

========================================================================
Received Import Request.
  Time since last request: 11.202901 seconds.
  path: Assets/Sprites/Knight_left_walk.png
  artifactKey: Guid(ea068127dd3238347a9e748b247c8b85) Importer(815301076,1909f56bfc062723c751e8b465ee728b)
Start importing Assets/Sprites/Knight_left_walk.png using Guid(ea068127dd3238347a9e748b247c8b85) Importer(815301076,1909f56bfc062723c751e8b465ee728b)  -> (artifact id: '2bcecbeb498835e7204cfb888d37d25c') in 0.006742 seconds
  Import took 0.009347 seconds .

========================================================================
Received Import Request.
  Time since last request: 0.000195 seconds.
  path: Assets/Sprites/Knight_right_walk.png
  artifactKey: Guid(630f252ecd1d7e441a61eeb329d2bab9) Importer(815301076,1909f56bfc062723c751e8b465ee728b)
Start importing Assets/Sprites/Knight_right_walk.png using Guid(630f252ecd1d7e441a61eeb329d2bab9) Importer(815301076,1909f56bfc062723c751e8b465ee728b)  -> (artifact id: 'c2f8024404cec0a4d339e90769a148fa') in 0.006300 seconds
  Import took 0.008746 seconds .

========================================================================
Received Import Request.
  Time since last request: 36.604460 seconds.
  path: Assets/Sprites/Knight_right_walk.png
  artifactKey: Guid(630f252ecd1d7e441a61eeb329d2bab9) Importer(815301076,1909f56bfc062723c751e8b465ee728b)
Start importing Assets/Sprites/Knight_right_walk.png using Guid(630f252ecd1d7e441a61eeb329d2bab9) Importer(815301076,1909f56bfc062723c751e8b465ee728b)  -> (artifact id: '6d407dd64c17324778297d7849d9c9ab') in 0.005062 seconds
  Import took 0.007764 seconds .

========================================================================
Received Import Request.
  Time since last request: 0.005913 seconds.
  path: Assets/Sprites/Knight_right_walk.png
  artifactKey: Guid(630f252ecd1d7e441a61eeb329d2bab9) Importer(815301076,1909f56bfc062723c751e8b465ee728b)
Start importing Assets/Sprites/Knight_right_walk.png using Guid(630f252ecd1d7e441a61eeb329d2bab9) Importer(815301076,1909f56bfc062723c751e8b465ee728b)  -> (artifact id: '6d407dd64c17324778297d7849d9c9ab') in 0.004793 seconds
  Import took 0.007630 seconds .

========================================================================
Received Import Request.
  Time since last request: 10.497780 seconds.
  path: Assets/Sprites/Knight_right_walk.png
  artifactKey: Guid(630f252ecd1d7e441a61eeb329d2bab9) Importer(815301076,1909f56bfc062723c751e8b465ee728b)
Start importing Assets/Sprites/Knight_right_walk.png using Guid(630f252ecd1d7e441a61eeb329d2bab9) Importer(815301076,1909f56bfc062723c751e8b465ee728b)  -> (artifact id: '30cc212af988bf779049a9fd77aa6ccd') in 0.014713 seconds
  Import took 0.017391 seconds .

========================================================================
Received Import Request.
  Time since last request: 74.361743 seconds.
  path: Assets/Sprites/idle right.anim
  artifactKey: Guid(4dfcf7b8f9821dd41b82d1cf36c97761) Importer(815301076,1909f56bfc062723c751e8b465ee728b)
Start importing Assets/Sprites/idle right.anim using Guid(4dfcf7b8f9821dd41b82d1cf36c97761) Importer(815301076,1909f56bfc062723c751e8b465ee728b)  -> (artifact id: '9e588fb8ac1309fd3b386a7fcc2cdc3b') in 0.004063 seconds
  Import took 0.007980 seconds .

========================================================================
Received Import Request.
  Time since last request: 0.265000 seconds.
  path: Assets/Sprites/Knight_right_walk_0 (1).controller
  artifactKey: Guid(24de2ba299816ad488055f90e39cdbdb) Importer(815301076,1909f56bfc062723c751e8b465ee728b)
Start importing Assets/Sprites/Knight_right_walk_0 (1).controller using Guid(24de2ba299816ad488055f90e39cdbdb) Importer(815301076,1909f56bfc062723c751e8b465ee728b)  -> (artifact id: 'e81b05188a0819b22d433029cd50819d') in 0.003099 seconds
  Import took 0.005871 seconds .

========================================================================
Received Import Request.
  Time since last request: 323.202216 seconds.
  path: Assets/Animations/Player.controller
  artifactKey: Guid(186665075fc10f144b904747f678337c) Importer(815301076,1909f56bfc062723c751e8b465ee728b)
Start importing Assets/Animations/Player.controller using Guid(186665075fc10f144b904747f678337c) Importer(815301076,1909f56bfc062723c751e8b465ee728b)  -> (artifact id: 'a06e836df35c1fc66e4d100ccb49b61c') in 0.004696 seconds
  Import took 0.007524 seconds .

========================================================================
Received Import Request.
  Time since last request: 44.095706 seconds.
  path: Assets/Animations/idle right.anim
  artifactKey: Guid(4dfcf7b8f9821dd41b82d1cf36c97761) Importer(815301076,1909f56bfc062723c751e8b465ee728b)
Start importing Assets/Animations/idle right.anim using Guid(4dfcf7b8f9821dd41b82d1cf36c97761) Importer(815301076,1909f56bfc062723c751e8b465ee728b)  -> (artifact id: 'c0256c70a05c2c224591a1246462fc96') in 0.002930 seconds
  Import took 0.005603 seconds .

========================================================================
Received Import Request.
  Time since last request: 0.000833 seconds.
  path: Assets/Animations/idle right.anim
  artifactKey: Guid(4dfcf7b8f9821dd41b82d1cf36c97761) Importer(815301076,1909f56bfc062723c751e8b465ee728b)
Start importing Assets/Animations/idle right.anim using Guid(4dfcf7b8f9821dd41b82d1cf36c97761) Importer(815301076,1909f56bfc062723c751e8b465ee728b)  -> (artifact id: 'c0256c70a05c2c224591a1246462fc96') in 0.002989 seconds
  Import took 0.005249 seconds .

========================================================================
Received Import Request.
  Time since last request: 14.338240 seconds.
  path: Assets/Animations/right.anim
  artifactKey: Guid(ed4ec09008378054bbd2e2c171fff424) Importer(815301076,1909f56bfc062723c751e8b465ee728b)
Start importing Assets/Animations/right.anim using Guid(ed4ec09008378054bbd2e2c171fff424) Importer(815301076,1909f56bfc062723c751e8b465ee728b)  -> (artifact id: 'c3906e434bb44a885b9feee656d20d0e') in 0.003256 seconds
  Import took 0.005953 seconds .

========================================================================
Received Prepare
Registering precompiled user dll's ...
Registered in 0.001221 seconds.
Begin MonoManager ReloadAssembly
Native extension for WindowsStandalone target not found
Refreshing native plugins compatible for Editor in 0.38 ms, found 1 plugins.
Preloading 0 native plugins for Editor in 0.00 ms.
Invoked RoslynAnalysisRunner static constructor.
RoslynAnalysisRunner will not be running.
RoslynAnalysisRunner has terminated.
Mono: successfully reloaded assembly
- Completed reload, in  0.700 seconds
Platform modules already initialized, skipping
Refreshing native plugins compatible for Editor in 0.34 ms, found 1 plugins.
Preloading 0 native plugins for Editor in 0.00 ms.
Unloading 1810 Unused Serialized files (Serialized files now loaded: 0)
System memory in use before: 88.7 MB.
System memory in use after: 88.6 MB.

Unloading 12 unused Assets to reduce memory usage. Loaded Objects now: 2383.
Total: 2.023400 ms (FindLiveObjects: 0.210400 ms CreateObjectMapping: 0.045100 ms MarkObjects: 1.656800 ms  DeleteObjects: 0.110100 ms)

========================================================================
Received Import Request.
  Time since last request: 75.910240 seconds.
  path: Assets/Sprites/Knight_right_walk.png
  artifactKey: Guid(630f252ecd1d7e441a61eeb329d2bab9) Importer(815301076,1909f56bfc062723c751e8b465ee728b)
Start importing Assets/Sprites/Knight_right_walk.png using Guid(630f252ecd1d7e441a61eeb329d2bab9) Importer(815301076,1909f56bfc062723c751e8b465ee728b)  -> (artifact id: 'a8e780c65ed37dc874349dd427ab8534') in 0.333975 seconds
  Import took 0.336746 seconds .

========================================================================
Received Import Request.
  Time since last request: 277.337831 seconds.
  path: Assets/Animations/Player.controller
  artifactKey: Guid(186665075fc10f144b904747f678337c) Importer(815301076,1909f56bfc062723c751e8b465ee728b)
Start importing Assets/Animations/Player.controller using Guid(186665075fc10f144b904747f678337c) Importer(815301076,1909f56bfc062723c751e8b465ee728b)  -> (artifact id: '5a71fb743b19d5ab7582661fb9806f51') in 0.005213 seconds
  Import took 0.008115 seconds .

========================================================================
Received Prepare
Registering precompiled user dll's ...
Registered in 0.001370 seconds.
Begin MonoManager ReloadAssembly
Native extension for WindowsStandalone target not found
Refreshing native plugins compatible for Editor in 0.36 ms, found 1 plugins.
Preloading 0 native plugins for Editor in 0.00 ms.
Invoked RoslynAnalysisRunner static constructor.
RoslynAnalysisRunner will not be running.
RoslynAnalysisRunner has terminated.
Mono: successfully reloaded assembly
- Completed reload, in  0.702 seconds
Platform modules already initialized, skipping
Refreshing native plugins compatible for Editor in 0.35 ms, found 1 plugins.
Preloading 0 native plugins for Editor in 0.00 ms.
Unloading 1810 Unused Serialized files (Serialized files now loaded: 0)
System memory in use before: 88.7 MB.
System memory in use after: 88.7 MB.

Unloading 12 unused Assets to reduce memory usage. Loaded Objects now: 2388.
Total: 2.094500 ms (FindLiveObjects: 0.208100 ms CreateObjectMapping: 0.040900 ms MarkObjects: 1.735300 ms  DeleteObjects: 0.109100 ms)

========================================================================
Received Prepare
Registering precompiled user dll's ...
Registered in 0.001333 seconds.
Begin MonoManager ReloadAssembly
Native extension for WindowsStandalone target not found
Refreshing native plugins compatible for Editor in 0.36 ms, found 1 plugins.
Preloading 0 native plugins for Editor in 0.00 ms.
Invoked RoslynAnalysisRunner static constructor.
RoslynAnalysisRunner will not be running.
RoslynAnalysisRunner has terminated.
Mono: successfully reloaded assembly
- Completed reload, in  0.705 seconds
Platform modules already initialized, skipping
Refreshing native plugins compatible for Editor in 0.34 ms, found 1 plugins.
Preloading 0 native plugins for Editor in 0.00 ms.
Unloading 1810 Unused Serialized files (Serialized files now loaded: 0)
System memory in use before: 88.7 MB.
System memory in use after: 88.7 MB.

Unloading 12 unused Assets to reduce memory usage. Loaded Objects now: 2392.
Total: 2.055300 ms (FindLiveObjects: 0.210400 ms CreateObjectMapping: 0.040000 ms MarkObjects: 1.686300 ms  DeleteObjects: 0.117500 ms)

========================================================================
Received Import Request.
  Time since last request: 298.584028 seconds.
  path: Assets/Animations/Player.controller
  artifactKey: Guid(186665075fc10f144b904747f678337c) Importer(815301076,1909f56bfc062723c751e8b465ee728b)
Start importing Assets/Animations/Player.controller using Guid(186665075fc10f144b904747f678337c) Importer(815301076,1909f56bfc062723c751e8b465ee728b)  -> (artifact id: '6e7c2f4e0cfcc33f1d4ee1bf41fcfb97') in 0.013331 seconds
  Import took 0.016496 seconds .

========================================================================
Received Prepare
Registering precompiled user dll's ...
Registered in 0.001261 seconds.
Begin MonoManager ReloadAssembly
Native extension for WindowsStandalone target not found
Refreshing native plugins compatible for Editor in 0.34 ms, found 1 plugins.
Preloading 0 native plugins for Editor in 0.00 ms.
Invoked RoslynAnalysisRunner static constructor.
RoslynAnalysisRunner will not be running.
RoslynAnalysisRunner has terminated.
Mono: successfully reloaded assembly
- Completed reload, in  0.696 seconds
Platform modules already initialized, skipping
Refreshing native plugins compatible for Editor in 0.34 ms, found 1 plugins.
Preloading 0 native plugins for Editor in 0.00 ms.
Unloading 1810 Unused Serialized files (Serialized files now loaded: 0)
System memory in use before: 88.7 MB.
System memory in use after: 88.7 MB.

Unloading 12 unused Assets to reduce memory usage. Loaded Objects now: 2396.
Total: 2.019500 ms (FindLiveObjects: 0.213300 ms CreateObjectMapping: 0.040800 ms MarkObjects: 1.658900 ms  DeleteObjects: 0.105000 ms)

========================================================================
Received Prepare
Registering precompiled user dll's ...
Registered in 0.001305 seconds.
Begin MonoManager ReloadAssembly
Native extension for WindowsStandalone target not found
Refreshing native plugins compatible for Editor in 0.34 ms, found 1 plugins.
Preloading 0 native plugins for Editor in 0.00 ms.
Invoked RoslynAnalysisRunner static constructor.
RoslynAnalysisRunner will not be running.
RoslynAnalysisRunner has terminated.
Mono: successfully reloaded assembly
- Completed reload, in  0.683 seconds
Platform modules already initialized, skipping
Refreshing native plugins compatible for Editor in 0.35 ms, found 1 plugins.
Preloading 0 native plugins for Editor in 0.00 ms.
Unloading 1810 Unused Serialized files (Serialized files now loaded: 0)
System memory in use before: 88.7 MB.
System memory in use after: 88.7 MB.

Unloading 12 unused Assets to reduce memory usage. Loaded Objects now: 2400.
Total: 1.985700 ms (FindLiveObjects: 0.214300 ms CreateObjectMapping: 0.041300 ms MarkObjects: 1.625700 ms  DeleteObjects: 0.103400 ms)

========================================================================
Received Prepare
Registering precompiled user dll's ...
Registered in 0.001327 seconds.
Begin MonoManager ReloadAssembly
Native extension for WindowsStandalone target not found
Refreshing native plugins compatible for Editor in 0.35 ms, found 1 plugins.
Preloading 0 native plugins for Editor in 0.00 ms.
Invoked RoslynAnalysisRunner static constructor.
RoslynAnalysisRunner will not be running.
RoslynAnalysisRunner has terminated.
Mono: successfully reloaded assembly
- Completed reload, in  0.750 seconds
Platform modules already initialized, skipping
Refreshing native plugins compatible for Editor in 0.38 ms, found 1 plugins.
Preloading 0 native plugins for Editor in 0.00 ms.
Unloading 1810 Unused Serialized files (Serialized files now loaded: 0)
System memory in use before: 88.7 MB.
System memory in use after: 88.7 MB.

Unloading 12 unused Assets to reduce memory usage. Loaded Objects now: 2404.
Total: 1.842100 ms (FindLiveObjects: 0.202600 ms CreateObjectMapping: 0.040100 ms MarkObjects: 1.487100 ms  DeleteObjects: 0.111400 ms)

========================================================================
Received Prepare
Registering precompiled user dll's ...
Registered in 0.001363 seconds.
Begin MonoManager ReloadAssembly
Native extension for WindowsStandalone target not found
Refreshing native plugins compatible for Editor in 0.35 ms, found 1 plugins.
Preloading 0 native plugins for Editor in 0.00 ms.
Invoked RoslynAnalysisRunner static constructor.
RoslynAnalysisRunner will not be running.
RoslynAnalysisRunner has terminated.
Mono: successfully reloaded assembly
- Completed reload, in  0.721 seconds
Platform modules already initialized, skipping
Refreshing native plugins compatible for Editor in 0.36 ms, found 1 plugins.
Preloading 0 native plugins for Editor in 0.00 ms.
Unloading 1810 Unused Serialized files (Serialized files now loaded: 0)
System memory in use before: 88.7 MB.
System memory in use after: 88.7 MB.

Unloading 12 unused Assets to reduce memory usage. Loaded Objects now: 2408.
Total: 1.881700 ms (FindLiveObjects: 0.203100 ms CreateObjectMapping: 0.040600 ms MarkObjects: 1.535200 ms  DeleteObjects: 0.101900 ms)

========================================================================
Received Prepare
Registering precompiled user dll's ...
Registered in 0.001227 seconds.
Begin MonoManager ReloadAssembly
Native extension for WindowsStandalone target not found
Refreshing native plugins compatible for Editor in 0.38 ms, found 1 plugins.
Preloading 0 native plugins for Editor in 0.00 ms.
Invoked RoslynAnalysisRunner static constructor.
RoslynAnalysisRunner will not be running.
RoslynAnalysisRunner has terminated.
Mono: successfully reloaded assembly
- Completed reload, in  0.692 seconds
Platform modules already initialized, skipping
Refreshing native plugins compatible for Editor in 0.37 ms, found 1 plugins.
Preloading 0 native plugins for Editor in 0.00 ms.
Unloading 1810 Unused Serialized files (Serialized files now loaded: 0)
System memory in use before: 88.7 MB.
System memory in use after: 88.7 MB.

Unloading 12 unused Assets to reduce memory usage. Loaded Objects now: 2412.
Total: 2.129000 ms (FindLiveObjects: 0.218200 ms CreateObjectMapping: 0.046700 ms MarkObjects: 1.757400 ms  DeleteObjects: 0.105500 ms)

========================================================================
Received Import Request.
  Time since last request: 265.275587 seconds.
  path: Assets/Animations/Player.controller
  artifactKey: Guid(186665075fc10f144b904747f678337c) Importer(815301076,1909f56bfc062723c751e8b465ee728b)
Start importing Assets/Animations/Player.controller using Guid(186665075fc10f144b904747f678337c) Importer(815301076,1909f56bfc062723c751e8b465ee728b)  -> (artifact id: 'bda4e47a2737db7610afda557a2f4765') in 0.012393 seconds
  Import took 0.015157 seconds .

========================================================================
Received Import Request.
  Time since last request: 0.000404 seconds.
  path: Assets/Animations/Player.controller
  artifactKey: Guid(186665075fc10f144b904747f678337c) Importer(815301076,1909f56bfc062723c751e8b465ee728b)
Start importing Assets/Animations/Player.controller using Guid(186665075fc10f144b904747f678337c) Importer(815301076,1909f56bfc062723c751e8b465ee728b)  -> (artifact id: 'bda4e47a2737db7610afda557a2f4765') in 0.004527 seconds
  Import took 0.007058 seconds .

========================================================================
Received Prepare
Registering precompiled user dll's ...
Registered in 0.001372 seconds.
Begin MonoManager ReloadAssembly
Native extension for WindowsStandalone target not found
Refreshing native plugins compatible for Editor in 0.40 ms, found 1 plugins.
Preloading 0 native plugins for Editor in 0.00 ms.
Invoked RoslynAnalysisRunner static constructor.
RoslynAnalysisRunner will not be running.
RoslynAnalysisRunner has terminated.
Mono: successfully reloaded assembly
- Completed reload, in  0.692 seconds
Platform modules already initialized, skipping
Refreshing native plugins compatible for Editor in 0.39 ms, found 1 plugins.
Preloading 0 native plugins for Editor in 0.00 ms.
Unloading 1810 Unused Serialized files (Serialized files now loaded: 0)
System memory in use before: 88.7 MB.
System memory in use after: 88.7 MB.

Unloading 12 unused Assets to reduce memory usage. Loaded Objects now: 2416.
Total: 1.962200 ms (FindLiveObjects: 0.249400 ms CreateObjectMapping: 0.040600 ms MarkObjects: 1.550800 ms  DeleteObjects: 0.120400 ms)

========================================================================
Received Prepare
Registering precompiled user dll's ...
Registered in 0.001539 seconds.
Begin MonoManager ReloadAssembly
Native extension for WindowsStandalone target not found
Refreshing native plugins compatible for Editor in 0.38 ms, found 1 plugins.
Preloading 0 native plugins for Editor in 0.00 ms.
Invoked RoslynAnalysisRunner static constructor.
RoslynAnalysisRunner will not be running.
RoslynAnalysisRunner has terminated.
Mono: successfully reloaded assembly
- Completed reload, in  0.741 seconds
Platform modules already initialized, skipping
Refreshing native plugins compatible for Editor in 0.36 ms, found 1 plugins.
Preloading 0 native plugins for Editor in 0.00 ms.
Unloading 1810 Unused Serialized files (Serialized files now loaded: 0)
System memory in use before: 88.7 MB.
System memory in use after: 88.7 MB.

Unloading 12 unused Assets to reduce memory usage. Loaded Objects now: 2420.
Total: 2.034800 ms (FindLiveObjects: 0.217700 ms CreateObjectMapping: 0.041700 ms MarkObjects: 1.660400 ms  DeleteObjects: 0.113800 ms)

========================================================================
Received Prepare
Registering precompiled user dll's ...
Registered in 0.001307 seconds.
Begin MonoManager ReloadAssembly
Native extension for WindowsStandalone target not found
Refreshing native plugins compatible for Editor in 0.38 ms, found 1 plugins.
Preloading 0 native plugins for Editor in 0.00 ms.
Invoked RoslynAnalysisRunner static constructor.
RoslynAnalysisRunner will not be running.
RoslynAnalysisRunner has terminated.
Mono: successfully reloaded assembly
- Completed reload, in  0.718 seconds
Platform modules already initialized, skipping
Refreshing native plugins compatible for Editor in 0.38 ms, found 1 plugins.
Preloading 0 native plugins for Editor in 0.00 ms.
Unloading 1810 Unused Serialized files (Serialized files now loaded: 0)
System memory in use before: 88.8 MB.
System memory in use after: 88.7 MB.

Unloading 12 unused Assets to reduce memory usage. Loaded Objects now: 2424.
Total: 2.213100 ms (FindLiveObjects: 0.240600 ms CreateObjectMapping: 0.043300 ms MarkObjects: 1.817000 ms  DeleteObjects: 0.111000 ms)

========================================================================
Received Prepare
Registering precompiled user dll's ...
Registered in 0.001332 seconds.
Begin MonoManager ReloadAssembly
Native extension for WindowsStandalone target not found
Refreshing native plugins compatible for Editor in 0.38 ms, found 1 plugins.
Preloading 0 native plugins for Editor in 0.00 ms.
Invoked RoslynAnalysisRunner static constructor.
RoslynAnalysisRunner will not be running.
RoslynAnalysisRunner has terminated.
Mono: successfully reloaded assembly
- Completed reload, in  0.738 seconds
Platform modules already initialized, skipping
Refreshing native plugins compatible for Editor in 0.38 ms, found 1 plugins.
Preloading 0 native plugins for Editor in 0.00 ms.
Unloading 1810 Unused Serialized files (Serialized files now loaded: 0)
System memory in use before: 88.8 MB.
System memory in use after: 88.7 MB.

Unloading 12 unused Assets to reduce memory usage. Loaded Objects now: 2428.
Total: 1.952000 ms (FindLiveObjects: 0.270700 ms CreateObjectMapping: 0.117600 ms MarkObjects: 1.462400 ms  DeleteObjects: 0.100000 ms)

========================================================================
Received Import Request.
  Time since last request: 1714.115149 seconds.
  path: Assets/Animations/Player.controller
  artifactKey: Guid(186665075fc10f144b904747f678337c) Importer(815301076,1909f56bfc062723c751e8b465ee728b)
Start importing Assets/Animations/Player.controller using Guid(186665075fc10f144b904747f678337c) Importer(815301076,1909f56bfc062723c751e8b465ee728b)  -> (artifact id: '9d6f8275dc3928b3c3d9a92056f9697a') in 0.015051 seconds
  Import took 0.018184 seconds .

========================================================================
Received Prepare
Registering precompiled user dll's ...
Registered in 0.001311 seconds.
Begin MonoManager ReloadAssembly
Native extension for WindowsStandalone target not found
Refreshing native plugins compatible for Editor in 0.36 ms, found 1 plugins.
Preloading 0 native plugins for Editor in 0.00 ms.
Invoked RoslynAnalysisRunner static constructor.
RoslynAnalysisRunner will not be running.
RoslynAnalysisRunner has terminated.
Mono: successfully reloaded assembly
- Completed reload, in  0.718 seconds
Platform modules already initialized, skipping
Refreshing native plugins compatible for Editor in 0.44 ms, found 1 plugins.
Preloading 0 native plugins for Editor in 0.00 ms.
Unloading 1810 Unused Serialized files (Serialized files now loaded: 0)
System memory in use before: 88.8 MB.
System memory in use after: 88.8 MB.

Unloading 12 unused Assets to reduce memory usage. Loaded Objects now: 2432.
Total: 2.059200 ms (FindLiveObjects: 0.245200 ms CreateObjectMapping: 0.048500 ms MarkObjects: 1.554600 ms  DeleteObjects: 0.209700 ms)

========================================================================
Received Import Request.
  Time since last request: 85.202139 seconds.
  path: Assets/Animations/left.anim
  artifactKey: Guid(935a366333116c04c8781732709934cd) Importer(815301076,1909f56bfc062723c751e8b465ee728b)
Start importing Assets/Animations/left.anim using Guid(935a366333116c04c8781732709934cd) Importer(815301076,1909f56bfc062723c751e8b465ee728b)  -> (artifact id: '8110b6c0a106af4538f5e4ea652a2027') in 0.012628 seconds
  Import took 0.015362 seconds .

========================================================================
Received Prepare
Registering precompiled user dll's ...
Registered in 0.001326 seconds.
Begin MonoManager ReloadAssembly
Native extension for WindowsStandalone target not found
Refreshing native plugins compatible for Editor in 0.35 ms, found 1 plugins.
Preloading 0 native plugins for Editor in 0.00 ms.
Invoked RoslynAnalysisRunner static constructor.
RoslynAnalysisRunner will not be running.
RoslynAnalysisRunner has terminated.
Mono: successfully reloaded assembly
- Completed reload, in  0.706 seconds
Platform modules already initialized, skipping
Refreshing native plugins compatible for Editor in 0.36 ms, found 1 plugins.
Preloading 0 native plugins for Editor in 0.00 ms.
Unloading 1810 Unused Serialized files (Serialized files now loaded: 0)
System memory in use before: 88.8 MB.
System memory in use after: 88.8 MB.

Unloading 12 unused Assets to reduce memory usage. Loaded Objects now: 2436.
Total: 2.264800 ms (FindLiveObjects: 0.250200 ms CreateObjectMapping: 0.134500 ms MarkObjects: 1.761500 ms  DeleteObjects: 0.117600 ms)

========================================================================
Received Import Request.
  Time since last request: 29.049793 seconds.
  path: Assets/Animations/background.controller
  artifactKey: Guid(87717c8e48d9ca3408bfae5b948be02c) Importer(815301076,1909f56bfc062723c751e8b465ee728b)
Start importing Assets/Animations/background.controller using Guid(87717c8e48d9ca3408bfae5b948be02c) Importer(815301076,1909f56bfc062723c751e8b465ee728b)  -> (artifact id: '2696e391c6556b93fe813e16cdedfbd2') in 0.011255 seconds
  Import took 0.014180 seconds .

========================================================================
Received Import Request.
  Time since last request: 0.001025 seconds.
  path: Assets/Animations/background.controller
  artifactKey: Guid(87717c8e48d9ca3408bfae5b948be02c) Importer(815301076,1909f56bfc062723c751e8b465ee728b)
Start importing Assets/Animations/background.controller using Guid(87717c8e48d9ca3408bfae5b948be02c) Importer(815301076,1909f56bfc062723c751e8b465ee728b)  -> (artifact id: '2696e391c6556b93fe813e16cdedfbd2') in 0.002859 seconds
  Import took 0.005381 seconds .

========================================================================
Received Import Request.
  Time since last request: 1.551168 seconds.
  path: Assets/Animations/Knight_right_walk_0.controller
  artifactKey: Guid(58fed216d4c84c74caeb833365c45e7a) Importer(815301076,1909f56bfc062723c751e8b465ee728b)
Start importing Assets/Animations/Knight_right_walk_0.controller using Guid(58fed216d4c84c74caeb833365c45e7a) Importer(815301076,1909f56bfc062723c751e8b465ee728b)  -> (artifact id: '585266050b213faed51ba3ffe9be4407') in 0.007342 seconds
  Import took 0.011933 seconds .

========================================================================
Received Prepare
Registering precompiled user dll's ...
Registered in 0.001334 seconds.
Begin MonoManager ReloadAssembly
Native extension for WindowsStandalone target not found
Refreshing native plugins compatible for Editor in 0.67 ms, found 1 plugins.
Preloading 0 native plugins for Editor in 0.00 ms.
Invoked RoslynAnalysisRunner static constructor.
RoslynAnalysisRunner will not be running.
RoslynAnalysisRunner has terminated.
Mono: successfully reloaded assembly
- Completed reload, in  0.726 seconds
Platform modules already initialized, skipping
Refreshing native plugins compatible for Editor in 0.45 ms, found 1 plugins.
Preloading 0 native plugins for Editor in 0.00 ms.
Unloading 1810 Unused Serialized files (Serialized files now loaded: 0)
System memory in use before: 88.8 MB.
System memory in use after: 88.8 MB.

Unloading 12 unused Assets to reduce memory usage. Loaded Objects now: 2440.
Total: 1.818700 ms (FindLiveObjects: 0.217000 ms CreateObjectMapping: 0.042700 ms MarkObjects: 1.459200 ms  DeleteObjects: 0.099000 ms)

========================================================================
Received Prepare
Registering precompiled user dll's ...
Registered in 0.001261 seconds.
Begin MonoManager ReloadAssembly
Native extension for WindowsStandalone target not found
Refreshing native plugins compatible for Editor in 0.36 ms, found 1 plugins.
Preloading 0 native plugins for Editor in 0.00 ms.
Invoked RoslynAnalysisRunner static constructor.
RoslynAnalysisRunner will not be running.
RoslynAnalysisRunner has terminated.
Mono: successfully reloaded assembly
- Completed reload, in  0.708 seconds
Platform modules already initialized, skipping
Refreshing native plugins compatible for Editor in 0.37 ms, found 1 plugins.
Preloading 0 native plugins for Editor in 0.00 ms.
Unloading 1810 Unused Serialized files (Serialized files now loaded: 0)
System memory in use before: 88.8 MB.
System memory in use after: 88.8 MB.

Unloading 12 unused Assets to reduce memory usage. Loaded Objects now: 2444.
Total: 2.078300 ms (FindLiveObjects: 0.227300 ms CreateObjectMapping: 0.041500 ms MarkObjects: 1.686500 ms  DeleteObjects: 0.121800 ms)

========================================================================
Received Prepare
Registering precompiled user dll's ...
Registered in 0.001355 seconds.
Begin MonoManager ReloadAssembly
Native extension for WindowsStandalone target not found
Refreshing native plugins compatible for Editor in 0.44 ms, found 1 plugins.
Preloading 0 native plugins for Editor in 0.00 ms.
Invoked RoslynAnalysisRunner static constructor.
RoslynAnalysisRunner will not be running.
RoslynAnalysisRunner has terminated.
Mono: successfully reloaded assembly
- Completed reload, in  0.731 seconds
Platform modules already initialized, skipping
Refreshing native plugins compatible for Editor in 0.34 ms, found 1 plugins.
Preloading 0 native plugins for Editor in 0.00 ms.
Unloading 1810 Unused Serialized files (Serialized files now loaded: 0)
System memory in use before: 88.8 MB.
System memory in use after: 88.8 MB.

Unloading 12 unused Assets to reduce memory usage. Loaded Objects now: 2448.
Total: 1.787100 ms (FindLiveObjects: 0.241100 ms CreateObjectMapping: 0.041800 ms MarkObjects: 1.409000 ms  DeleteObjects: 0.094600 ms)

========================================================================
Received Prepare
Registering precompiled user dll's ...
Registered in 0.001405 seconds.
Begin MonoManager ReloadAssembly
Native extension for WindowsStandalone target not found
Refreshing native plugins compatible for Editor in 0.36 ms, found 1 plugins.
Preloading 0 native plugins for Editor in 0.00 ms.
Invoked RoslynAnalysisRunner static constructor.
RoslynAnalysisRunner will not be running.
RoslynAnalysisRunner has terminated.
Mono: successfully reloaded assembly
- Completed reload, in  0.728 seconds
Platform modules already initialized, skipping
Refreshing native plugins compatible for Editor in 0.40 ms, found 1 plugins.
Preloading 0 native plugins for Editor in 0.00 ms.
Unloading 1810 Unused Serialized files (Serialized files now loaded: 0)
System memory in use before: 88.8 MB.
System memory in use after: 88.8 MB.

Unloading 12 unused Assets to reduce memory usage. Loaded Objects now: 2452.
Total: 2.071800 ms (FindLiveObjects: 0.293500 ms CreateObjectMapping: 0.046200 ms MarkObjects: 1.611200 ms  DeleteObjects: 0.119500 ms)

========================================================================
Received Import Request.
  Time since last request: 311.392887 seconds.
  path: Assets/Animations/Player.controller
  artifactKey: Guid(186665075fc10f144b904747f678337c) Importer(815301076,1909f56bfc062723c751e8b465ee728b)
Start importing Assets/Animations/Player.controller using Guid(186665075fc10f144b904747f678337c) Importer(815301076,1909f56bfc062723c751e8b465ee728b)  -> (artifact id: '4c338e3cbee69c9d316b60fcb8cf82ec') in 0.015133 seconds
  Import took 0.018436 seconds .

========================================================================
Received Prepare
Registering precompiled user dll's ...
Registered in 0.001317 seconds.
Begin MonoManager ReloadAssembly
Native extension for WindowsStandalone target not found
Refreshing native plugins compatible for Editor in 0.35 ms, found 1 plugins.
Preloading 0 native plugins for Editor in 0.00 ms.
Invoked RoslynAnalysisRunner static constructor.
RoslynAnalysisRunner will not be running.
RoslynAnalysisRunner has terminated.
Mono: successfully reloaded assembly
- Completed reload, in  0.701 seconds
Platform modules already initialized, skipping
Refreshing native plugins compatible for Editor in 0.34 ms, found 1 plugins.
Preloading 0 native plugins for Editor in 0.00 ms.
Unloading 1810 Unused Serialized files (Serialized files now loaded: 0)
System memory in use before: 88.8 MB.
System memory in use after: 88.8 MB.

Unloading 12 unused Assets to reduce memory usage. Loaded Objects now: 2456.
Total: 1.782200 ms (FindLiveObjects: 0.224900 ms CreateObjectMapping: 0.040500 ms MarkObjects: 1.405000 ms  DeleteObjects: 0.111000 ms)

========================================================================
Received Prepare
Registering precompiled user dll's ...
Registered in 0.001232 seconds.
Begin MonoManager ReloadAssembly
Native extension for WindowsStandalone target not found
Refreshing native plugins compatible for Editor in 0.38 ms, found 1 plugins.
Preloading 0 native plugins for Editor in 0.00 ms.
Invoked RoslynAnalysisRunner static constructor.
RoslynAnalysisRunner will not be running.
RoslynAnalysisRunner has terminated.
Mono: successfully reloaded assembly
- Completed reload, in  0.696 seconds
Platform modules already initialized, skipping
Refreshing native plugins compatible for Editor in 0.39 ms, found 1 plugins.
Preloading 0 native plugins for Editor in 0.00 ms.
Unloading 1810 Unused Serialized files (Serialized files now loaded: 0)
System memory in use before: 88.9 MB.
System memory in use after: 88.8 MB.

Unloading 12 unused Assets to reduce memory usage. Loaded Objects now: 2460.
Total: 2.469600 ms (FindLiveObjects: 0.383200 ms CreateObjectMapping: 0.059500 ms MarkObjects: 1.908800 ms  DeleteObjects: 0.116800 ms)

========================================================================
Received Prepare
Registering precompiled user dll's ...
Registered in 0.001252 seconds.
Begin MonoManager ReloadAssembly
Native extension for WindowsStandalone target not found
Refreshing native plugins compatible for Editor in 0.35 ms, found 1 plugins.
Preloading 0 native plugins for Editor in 0.00 ms.
Invoked RoslynAnalysisRunner static constructor.
RoslynAnalysisRunner will not be running.
RoslynAnalysisRunner has terminated.
Mono: successfully reloaded assembly
- Completed reload, in  0.708 seconds
Platform modules already initialized, skipping
Refreshing native plugins compatible for Editor in 0.35 ms, found 1 plugins.
Preloading 0 native plugins for Editor in 0.00 ms.
Unloading 1810 Unused Serialized files (Serialized files now loaded: 0)
System memory in use before: 88.9 MB.
System memory in use after: 88.8 MB.

Unloading 12 unused Assets to reduce memory usage. Loaded Objects now: 2464.
Total: 1.997800 ms (FindLiveObjects: 0.262000 ms CreateObjectMapping: 0.043000 ms MarkObjects: 1.592000 ms  DeleteObjects: 0.099500 ms)

========================================================================
Received Prepare
Registering precompiled user dll's ...
Registered in 0.001287 seconds.
Begin MonoManager ReloadAssembly
Native extension for WindowsStandalone target not found
Refreshing native plugins compatible for Editor in 0.38 ms, found 1 plugins.
Preloading 0 native plugins for Editor in 0.00 ms.
Invoked RoslynAnalysisRunner static constructor.
RoslynAnalysisRunner will not be running.
RoslynAnalysisRunner has terminated.
Mono: successfully reloaded assembly
- Completed reload, in  0.740 seconds
Platform modules already initialized, skipping
Refreshing native plugins compatible for Editor in 0.69 ms, found 1 plugins.
Preloading 0 native plugins for Editor in 0.00 ms.
Unloading 1810 Unused Serialized files (Serialized files now loaded: 0)
System memory in use before: 88.9 MB.
System memory in use after: 88.9 MB.

Unloading 12 unused Assets to reduce memory usage. Loaded Objects now: 2468.
Total: 1.897500 ms (FindLiveObjects: 0.285500 ms CreateObjectMapping: 0.042400 ms MarkObjects: 1.455000 ms  DeleteObjects: 0.113200 ms)

========================================================================
Received Prepare
Registering precompiled user dll's ...
Registered in 0.001893 seconds.
Begin MonoManager ReloadAssembly
Native extension for WindowsStandalone target not found
Refreshing native plugins compatible for Editor in 0.39 ms, found 1 plugins.
Preloading 0 native plugins for Editor in 0.00 ms.
Invoked RoslynAnalysisRunner static constructor.
RoslynAnalysisRunner will not be running.
RoslynAnalysisRunner has terminated.
Mono: successfully reloaded assembly
- Completed reload, in  0.717 seconds
Platform modules already initialized, skipping
Refreshing native plugins compatible for Editor in 0.35 ms, found 1 plugins.
Preloading 0 native plugins for Editor in 0.00 ms.
Unloading 1810 Unused Serialized files (Serialized files now loaded: 0)
System memory in use before: 88.9 MB.
System memory in use after: 88.9 MB.

Unloading 12 unused Assets to reduce memory usage. Loaded Objects now: 2472.
Total: 2.218100 ms (FindLiveObjects: 0.254800 ms CreateObjectMapping: 0.133000 ms MarkObjects: 1.726500 ms  DeleteObjects: 0.102600 ms)

========================================================================
Received Prepare
Registering precompiled user dll's ...
Registered in 0.001321 seconds.
Begin MonoManager ReloadAssembly
Native extension for WindowsStandalone target not found
Refreshing native plugins compatible for Editor in 0.37 ms, found 1 plugins.
Preloading 0 native plugins for Editor in 0.00 ms.
Invoked RoslynAnalysisRunner static constructor.
RoslynAnalysisRunner will not be running.
RoslynAnalysisRunner has terminated.
Mono: successfully reloaded assembly
- Completed reload, in  0.733 seconds
Platform modules already initialized, skipping
Refreshing native plugins compatible for Editor in 0.36 ms, found 1 plugins.
Preloading 0 native plugins for Editor in 0.00 ms.
Unloading 1810 Unused Serialized files (Serialized files now loaded: 0)
System memory in use before: 88.9 MB.
System memory in use after: 88.9 MB.

Unloading 12 unused Assets to reduce memory usage. Loaded Objects now: 2476.
Total: 1.766200 ms (FindLiveObjects: 0.213400 ms CreateObjectMapping: 0.038600 ms MarkObjects: 1.404100 ms  DeleteObjects: 0.109100 ms)

========================================================================
Received Prepare
Registering precompiled user dll's ...
Registered in 0.001223 seconds.
Begin MonoManager ReloadAssembly
Native extension for WindowsStandalone target not found
Refreshing native plugins compatible for Editor in 0.34 ms, found 1 plugins.
Preloading 0 native plugins for Editor in 0.00 ms.
Invoked RoslynAnalysisRunner static constructor.
RoslynAnalysisRunner will not be running.
RoslynAnalysisRunner has terminated.
Mono: successfully reloaded assembly
- Completed reload, in  0.699 seconds
Platform modules already initialized, skipping
Refreshing native plugins compatible for Editor in 0.39 ms, found 1 plugins.
Preloading 0 native plugins for Editor in 0.00 ms.
Unloading 1810 Unused Serialized files (Serialized files now loaded: 0)
System memory in use before: 88.9 MB.
System memory in use after: 88.9 MB.

Unloading 12 unused Assets to reduce memory usage. Loaded Objects now: 2480.
Total: 2.706600 ms (FindLiveObjects: 0.230300 ms CreateObjectMapping: 0.042800 ms MarkObjects: 2.298400 ms  DeleteObjects: 0.134000 ms)

========================================================================
Received Prepare
Registering precompiled user dll's ...
Registered in 0.001320 seconds.
Begin MonoManager ReloadAssembly
Native extension for WindowsStandalone target not found
Refreshing native plugins compatible for Editor in 0.39 ms, found 1 plugins.
Preloading 0 native plugins for Editor in 0.00 ms.
Invoked RoslynAnalysisRunner static constructor.
RoslynAnalysisRunner will not be running.
RoslynAnalysisRunner has terminated.
Mono: successfully reloaded assembly
- Completed reload, in  0.743 seconds
Platform modules already initialized, skipping
Refreshing native plugins compatible for Editor in 0.59 ms, found 1 plugins.
Preloading 0 native plugins for Editor in 0.00 ms.
Unloading 1810 Unused Serialized files (Serialized files now loaded: 0)
System memory in use before: 88.9 MB.
System memory in use after: 88.9 MB.

Unloading 12 unused Assets to reduce memory usage. Loaded Objects now: 2484.
Total: 1.986000 ms (FindLiveObjects: 0.328500 ms CreateObjectMapping: 0.134300 ms MarkObjects: 1.414700 ms  DeleteObjects: 0.107400 ms)

========================================================================
Received Prepare
Registering precompiled user dll's ...
Registered in 0.001378 seconds.
Begin MonoManager ReloadAssembly
Native extension for WindowsStandalone target not found
Refreshing native plugins compatible for Editor in 0.34 ms, found 1 plugins.
Preloading 0 native plugins for Editor in 0.00 ms.
Invoked RoslynAnalysisRunner static constructor.
RoslynAnalysisRunner will not be running.
RoslynAnalysisRunner has terminated.
Mono: successfully reloaded assembly
- Completed reload, in  0.706 seconds
Platform modules already initialized, skipping
Refreshing native plugins compatible for Editor in 0.40 ms, found 1 plugins.
Preloading 0 native plugins for Editor in 0.00 ms.
Unloading 1810 Unused Serialized files (Serialized files now loaded: 0)
System memory in use before: 88.9 MB.
System memory in use after: 88.9 MB.

Unloading 12 unused Assets to reduce memory usage. Loaded Objects now: 2488.
Total: 2.036000 ms (FindLiveObjects: 0.243600 ms CreateObjectMapping: 0.141600 ms MarkObjects: 1.536900 ms  DeleteObjects: 0.112800 ms)

========================================================================
Received Prepare
Registering precompiled user dll's ...
Registered in 0.001525 seconds.
Begin MonoManager ReloadAssembly
Native extension for WindowsStandalone target not found
Refreshing native plugins compatible for Editor in 0.38 ms, found 1 plugins.
Preloading 0 native plugins for Editor in 0.00 ms.
Invoked RoslynAnalysisRunner static constructor.
RoslynAnalysisRunner will not be running.
RoslynAnalysisRunner has terminated.
Mono: successfully reloaded assembly
- Completed reload, in  0.705 seconds
Platform modules already initialized, skipping
Refreshing native plugins compatible for Editor in 0.36 ms, found 1 plugins.
Preloading 0 native plugins for Editor in 0.00 ms.
Unloading 1810 Unused Serialized files (Serialized files now loaded: 0)
System memory in use before: 88.9 MB.
System memory in use after: 88.9 MB.

Unloading 12 unused Assets to reduce memory usage. Loaded Objects now: 2492.
Total: 1.835800 ms (FindLiveObjects: 0.260200 ms CreateObjectMapping: 0.043000 ms MarkObjects: 1.432800 ms  DeleteObjects: 0.099000 ms)

========================================================================
Received Import Request.
  Time since last request: 952.981870 seconds.
  path: Assets/Sprites/Knight_left-down_walk.png
  artifactKey: Guid(5432cfab3051b1649883c61879597d19) Importer(815301076,1909f56bfc062723c751e8b465ee728b)
Start importing Assets/Sprites/Knight_left-down_walk.png using Guid(5432cfab3051b1649883c61879597d19) Importer(815301076,1909f56bfc062723c751e8b465ee728b)  -> (artifact id: '2cc4e2d7bd524719a471720f629990f5') in 0.040616 seconds
  Import took 0.043410 seconds .

========================================================================
Received Import Request.
  Time since last request: 0.000196 seconds.
  path: Assets/Sprites/Knight_left-up_walk.png
  artifactKey: Guid(3c08eca5b7f1a6b4eb9266b0b2441db0) Importer(815301076,1909f56bfc062723c751e8b465ee728b)
Start importing Assets/Sprites/Knight_left-up_walk.png using Guid(3c08eca5b7f1a6b4eb9266b0b2441db0) Importer(815301076,1909f56bfc062723c751e8b465ee728b)  -> (artifact id: '9965a4be2d1b3037cc305903fa7bf3a2') in 0.007752 seconds
  Import took 0.010403 seconds .

========================================================================
Received Import Request.
  Time since last request: 0.000167 seconds.
  path: Assets/Sprites/Knight_right-down_walk.png
  artifactKey: Guid(fa9a72563da4c3c4b9a712c02d51bf1a) Importer(815301076,1909f56bfc062723c751e8b465ee728b)
Start importing Assets/Sprites/Knight_right-down_walk.png using Guid(fa9a72563da4c3c4b9a712c02d51bf1a) Importer(815301076,1909f56bfc062723c751e8b465ee728b)  -> (artifact id: 'f10a11a68a42074e6e58a62d7c7fa60d') in 0.006619 seconds
  Import took 0.008922 seconds .

========================================================================
Received Import Request.
  Time since last request: 0.000211 seconds.
  path: Assets/Sprites/Knight_right-up_walk.png
  artifactKey: Guid(a5aebf4eb0c820a4d83bcc149e98c674) Importer(815301076,1909f56bfc062723c751e8b465ee728b)
Start importing Assets/Sprites/Knight_right-up_walk.png using Guid(a5aebf4eb0c820a4d83bcc149e98c674) Importer(815301076,1909f56bfc062723c751e8b465ee728b)  -> (artifact id: 'c849bc22e08b0e8a9bac5816cf645091') in 0.007562 seconds
  Import took 0.010159 seconds .

========================================================================
Received Import Request.
  Time since last request: 9.898390 seconds.
  path: Assets/Sprites
  artifactKey: Guid(d79d06f13973e9d4083e895cf770e4ec) Importer(815301076,1909f56bfc062723c751e8b465ee728b)
Start importing Assets/Sprites using Guid(d79d06f13973e9d4083e895cf770e4ec) Importer(815301076,1909f56bfc062723c751e8b465ee728b)  -> (artifact id: '5e9dd044f996f9f8bdc52d7505ba27fb') in 0.002836 seconds
  Import took 0.005492 seconds .

AssetImportWorkerClient::OnTransportError - code=2 error=End of file
