Using pre-set license
Built from '2020.3/staging' branch; Version is '2020.3.3f1 (76626098c1c4) revision 7758432'; Using compiler version '192528614'; Build Type 'Release'
OS: 'Windows 10 Pro; OS build 19041.867; Version 2004; 64bit' Language: 'en' Physical Memory: 16314 MB
BatchMode: 1, IsHumanControllingUs: 0, StartBugReporterOnCrash: 0, Is64bit: 1, IsPro: 0

 COMMAND LINE ARGUMENTS:
C:\Program Files\Unity\Hub\Editor\2020.3.3f1\Editor\Unity.exe
-adb2
-batchMode
-noUpm
-name
AssetImportWorker0
-projectPath
F:/2d hebraya game master/Hevraya 2d/ProjectSettings/Hevraya 2d
-logFile
Logs/AssetImportWorker0.log
-srvPort
57924
Successfully changed project path to: F:/2d hebraya game master/Hevraya 2d/ProjectSettings/Hevraya 2d
F:/2d hebraya game master/Hevraya 2d/ProjectSettings/Hevraya 2d
Using Asset Import Pipeline V2.
Refreshing native plugins compatible for Editor in 33.64 ms, found 1 plugins.
Preloading 0 native plugins for Editor in 0.00 ms.
Initialize engine version: 2020.3.3f1 (76626098c1c4)
[Subsystems] Discovering subsystems at path C:/Program Files/Unity/Hub/Editor/2020.3.3f1/Editor/Data/Resources/UnitySubsystems
[Subsystems] Discovering subsystems at path F:/2d hebraya game master/Hevraya 2d/ProjectSettings/Hevraya 2d/Assets
GfxDevice: creating device client; threaded=0
Direct3D:
    Version:  Direct3D 11.0 [level 11.1]
    Renderer: NVIDIA GeForce GTX 1080 (ID=0x1b80)
    Vendor:   
    VRAM:     8079 MB
    Driver:   27.21.14.6589
Initialize mono
Mono path[0] = 'C:/Program Files/Unity/Hub/Editor/2020.3.3f1/Editor/Data/Managed'
Mono path[1] = 'C:/Program Files/Unity/Hub/Editor/2020.3.3f1/Editor/Data/MonoBleedingEdge/lib/mono/unityjit'
Mono config path = 'C:/Program Files/Unity/Hub/Editor/2020.3.3f1/Editor/Data/MonoBleedingEdge/etc'
Using monoOptions --debugger-agent=transport=dt_socket,embedding=1,server=y,suspend=n,address=127.0.0.1:56344
Begin MonoManager ReloadAssembly
Registering precompiled unity dll's ...
Register platform support module: C:/Program Files/Unity/Hub/Editor/2020.3.3f1/Editor/Data/PlaybackEngines/WindowsStandaloneSupport/UnityEditor.WindowsStandalone.Extensions.dll
Registered in 0.002331 seconds.
Native extension for WindowsStandalone target not found
Refreshing native plugins compatible for Editor in 32.77 ms, found 1 plugins.
Preloading 0 native plugins for Editor in 0.00 ms.
Invoked RoslynAnalysisRunner static constructor.
RoslynAnalysisRunner will not be running.
RoslynAnalysisRunner has terminated.
Mono: successfully reloaded assembly
- Completed reload, in  1.849 seconds
Platform modules already initialized, skipping
Registering precompiled user dll's ...
Registered in 0.000986 seconds.
Begin MonoManager ReloadAssembly
Symbol file data-000002CB70D5F420 doesn't match image F:\2d hebraya game master\Hevraya 2d\ProjectSettings\Hevraya 2d\Library\ScriptAssemblies\Unity.2D.Animation.Editor.dll
Symbol file LoadedFromMemory is not a mono symbol file
Symbol file data-000002CB750C5520 doesn't match image F:\2d hebraya game master\Hevraya 2d\ProjectSettings\Hevraya 2d\Library\ScriptAssemblies\Unity.InternalAPIEngineBridge.001.dll
Symbol file LoadedFromMemory is not a mono symbol file
Symbol file data-000002CB70B6B1F0 doesn't match image F:\2d hebraya game master\Hevraya 2d\ProjectSettings\Hevraya 2d\Library\ScriptAssemblies\Unity.VSCode.Editor.dll
Symbol file LoadedFromMemory is not a mono symbol file
Symbol file data-000002CB70A121B0 doesn't match image F:\2d hebraya game master\Hevraya 2d\ProjectSettings\Hevraya 2d\Library\ScriptAssemblies\Unity.2D.PixelPerfect.dll
Symbol file LoadedFromMemory is not a mono symbol file
Symbol file data-000002CB70ECE650 doesn't match image F:\2d hebraya game master\Hevraya 2d\ProjectSettings\Hevraya 2d\Library\ScriptAssemblies\Unity.2D.Tilemap.Editor.dll
Symbol file LoadedFromMemory is not a mono symbol file
Symbol file data-000002CB76452020 doesn't match image F:\2d hebraya game master\Hevraya 2d\ProjectSettings\Hevraya 2d\Library\ScriptAssemblies\PsdPlugin.dll
Symbol file LoadedFromMemory is not a mono symbol file
Symbol file data-000002CB76452020 doesn't match image F:\2d hebraya game master\Hevraya 2d\ProjectSettings\Hevraya 2d\Library\ScriptAssemblies\Unity.TextMeshPro.Editor.dll
Symbol file LoadedFromMemory is not a mono symbol file
Symbol file data-000002CB70B1B020 doesn't match image F:\2d hebraya game master\Hevraya 2d\ProjectSettings\Hevraya 2d\Library\ScriptAssemblies\Unity.VisualStudio.Editor.dll
Symbol file LoadedFromMemory is not a mono symbol file
Symbol file data-000002CB75D4C040 doesn't match image F:\2d hebraya game master\Hevraya 2d\ProjectSettings\Hevraya 2d\Library\ScriptAssemblies\UnityEngine.TestRunner.dll
Symbol file LoadedFromMemory is not a mono symbol file
Symbol file data-000002CB70D5F420 doesn't match image F:\2d hebraya game master\Hevraya 2d\ProjectSettings\Hevraya 2d\Library\ScriptAssemblies\Unity.Timeline.dll
Symbol file LoadedFromMemory is not a mono symbol file
Symbol file data-000002CB70D5F420 doesn't match image F:\2d hebraya game master\Hevraya 2d\ProjectSettings\Hevraya 2d\Library\ScriptAssemblies\Unity.TextMeshPro.dll
Symbol file LoadedFromMemory is not a mono symbol file
Symbol file data-000002CB759A5030 doesn't match image F:\2d hebraya game master\Hevraya 2d\ProjectSettings\Hevraya 2d\Library\ScriptAssemblies\UnityEditor.TestRunner.dll
Symbol file LoadedFromMemory is not a mono symbol file
Symbol file data-000002CB70B6B1F0 doesn't match image F:\2d hebraya game master\Hevraya 2d\ProjectSettings\Hevraya 2d\Library\ScriptAssemblies\Unity.2D.IK.Editor.dll
Symbol file LoadedFromMemory is not a mono symbol file
Symbol file data-000002CB759CC040 doesn't match image F:\2d hebraya game master\Hevraya 2d\ProjectSettings\Hevraya 2d\Library\ScriptAssemblies\Unity.2D.Sprite.Editor.dll
Symbol file LoadedFromMemory is not a mono symbol file
Symbol file data-000002CB70AFB030 doesn't match image F:\2d hebraya game master\Hevraya 2d\ProjectSettings\Hevraya 2d\Library\ScriptAssemblies\Unity.2D.Psdimporter.Editor.dll
Symbol file LoadedFromMemory is not a mono symbol file
Symbol file data-000002CB75D4C040 doesn't match image F:\2d hebraya game master\Hevraya 2d\ProjectSettings\Hevraya 2d\Library\ScriptAssemblies\Unity.2D.Path.Editor.dll
Symbol file LoadedFromMemory is not a mono symbol file
Symbol file data-000002CB70A121B0 doesn't match image F:\2d hebraya game master\Hevraya 2d\ProjectSettings\Hevraya 2d\Library\ScriptAssemblies\Unity.InternalAPIEditorBridge.001.dll
Symbol file LoadedFromMemory is not a mono symbol file
Symbol file data-000002CB70AFB030 doesn't match image F:\2d hebraya game master\Hevraya 2d\ProjectSettings\Hevraya 2d\Library\ScriptAssemblies\UnityEditor.UI.dll
Symbol file LoadedFromMemory is not a mono symbol file
Symbol file data-000002CB71370430 doesn't match image F:\2d hebraya game master\Hevraya 2d\ProjectSettings\Hevraya 2d\Library\ScriptAssemblies\Unity.Rider.Editor.dll
Symbol file LoadedFromMemory is not a mono symbol file
Symbol file data-000002CB751CE020 doesn't match image F:\2d hebraya game master\Hevraya 2d\ProjectSettings\Hevraya 2d\Library\ScriptAssemblies\UnityEngine.UI.dll
Symbol file LoadedFromMemory is not a mono symbol file
Symbol file data-000002CB7506A010 doesn't match image F:\2d hebraya game master\Hevraya 2d\ProjectSettings\Hevraya 2d\Library\ScriptAssemblies\Unity.Mathematics.dll
Symbol file LoadedFromMemory is not a mono symbol file
Symbol file data-000002CB70B6B1F0 doesn't match image F:\2d hebraya game master\Hevraya 2d\ProjectSettings\Hevraya 2d\Library\ScriptAssemblies\Unity.2D.IK.Runtime.dll
Symbol file LoadedFromMemory is not a mono symbol file
Symbol file data-000002CB752EC020 doesn't match image F:\2d hebraya game master\Hevraya 2d\ProjectSettings\Hevraya 2d\Library\ScriptAssemblies\Unity.2D.Animation.Triangle.Runtime.dll
Symbol file LoadedFromMemory is not a mono symbol file
Symbol file data-000002CB70EE1860 doesn't match image F:\2d hebraya game master\Hevraya 2d\ProjectSettings\Hevraya 2d\Library\ScriptAssemblies\Unity.2D.Animation.Runtime.dll
Symbol file LoadedFromMemory is not a mono symbol file
Symbol file data-000002CB764DA280 doesn't match image F:\2d hebraya game master\Hevraya 2d\ProjectSettings\Hevraya 2d\Library\ScriptAssemblies\Unity.2D.PixelPerfect.Editor.dll
Symbol file LoadedFromMemory is not a mono symbol file
Symbol file data-000002CB752EC020 doesn't match image F:\2d hebraya game master\Hevraya 2d\ProjectSettings\Hevraya 2d\Library\ScriptAssemblies\Unity.Timeline.Editor.dll
Symbol file LoadedFromMemory is not a mono symbol file
Symbol file data-000002CB75D4C040 doesn't match image F:\2d hebraya game master\Hevraya 2d\ProjectSettings\Hevraya 2d\Library\ScriptAssemblies\Unity.CollabProxy.Editor.dll
Symbol file LoadedFromMemory is not a mono symbol file
Symbol file data-000002CB70B77140 doesn't match image F:\2d hebraya game master\Hevraya 2d\ProjectSettings\Hevraya 2d\Library\ScriptAssemblies\Unity.Mathematics.Editor.dll
Symbol file LoadedFromMemory is not a mono symbol file
Symbol file data-000002CB70B78550 doesn't match image F:\2d hebraya game master\Hevraya 2d\ProjectSettings\Hevraya 2d\Library\ScriptAssemblies\Unity.2D.Common.Runtime.dll
Symbol file LoadedFromMemory is not a mono symbol file
Symbol file data-000002CB70AFB030 doesn't match image F:\2d hebraya game master\Hevraya 2d\ProjectSettings\Hevraya 2d\Library\ScriptAssemblies\Unity.2D.SpriteShape.Editor.dll
Symbol file LoadedFromMemory is not a mono symbol file
Symbol file data-000002CB70B6B1F0 doesn't match image F:\2d hebraya game master\Hevraya 2d\ProjectSettings\Hevraya 2d\Library\ScriptAssemblies\Unity.2D.Common.Editor.dll
Symbol file LoadedFromMemory is not a mono symbol file
Symbol file data-000002CB71332E20 doesn't match image F:\2d hebraya game master\Hevraya 2d\ProjectSettings\Hevraya 2d\Library\ScriptAssemblies\Unity.2D.SpriteShape.Runtime.dll
Symbol file LoadedFromMemory is not a mono symbol file
Native extension for WindowsStandalone target not found
Refreshing native plugins compatible for Editor in 31.70 ms, found 1 plugins.
Preloading 0 native plugins for Editor in 0.00 ms.
Invoked RoslynAnalysisRunner static constructor.
RoslynAnalysisRunner will not be running.
RoslynAnalysisRunner has terminated.
Mono: successfully reloaded assembly
- Completed reload, in  0.755 seconds
Platform modules already initialized, skipping
========================================================================
Worker process is ready to serve import requests
Launched and connected shader compiler UnityShaderCompiler.exe after 0.07 seconds
Refreshing native plugins compatible for Editor in 0.38 ms, found 1 plugins.
Preloading 0 native plugins for Editor in 0.00 ms.
Unloading 1815 Unused Serialized files (Serialized files now loaded: 0)
System memory in use before: 85.1 MB.
System memory in use after: 85.0 MB.

Unloading 24 unused Assets to reduce memory usage. Loaded Objects now: 2258.
Total: 1.730500 ms (FindLiveObjects: 0.202600 ms CreateObjectMapping: 0.041900 ms MarkObjects: 1.381300 ms  DeleteObjects: 0.103500 ms)

========================================================================
Received Import Request.
  path: Assets/Sprites/Knight_up_walk.png
  artifactKey: Guid(d59683e49878deb46bf39f2005e11049) Importer(815301076,1909f56bfc062723c751e8b465ee728b)
Start importing Assets/Sprites/Knight_up_walk.png using Guid(d59683e49878deb46bf39f2005e11049) Importer(815301076,1909f56bfc062723c751e8b465ee728b)  -> (artifact id: 'ba5d5b0f6768cb92e8c05595d379584d') in 0.119727 seconds
  Import took 0.122198 seconds .

========================================================================
Received Import Request.
  Time since last request: 0.000248 seconds.
  path: Assets/Sprites/DUDE.png
  artifactKey: Guid(594171e9b0a70e640b82e1d9d1a442af) Importer(815301076,1909f56bfc062723c751e8b465ee728b)
Start importing Assets/Sprites/DUDE.png using Guid(594171e9b0a70e640b82e1d9d1a442af) Importer(815301076,1909f56bfc062723c751e8b465ee728b)  -> (artifact id: '141ae0d2510295bd509827deaf1b11ff') in 0.049843 seconds
  Import took 0.052041 seconds .

========================================================================
Received Import Request.
  Time since last request: 0.000238 seconds.
  path: Assets/Sprites/soinc.png
  artifactKey: Guid(abbf4ef8d3e59bd478e5582301a3139a) Importer(815301076,1909f56bfc062723c751e8b465ee728b)
Start importing Assets/Sprites/soinc.png using Guid(abbf4ef8d3e59bd478e5582301a3139a) Importer(815301076,1909f56bfc062723c751e8b465ee728b)  -> (artifact id: 'd67109526b155ce43897fb709a96c05b') in 0.064662 seconds
  Import took 0.066873 seconds .

========================================================================
Received Import Request.
  Time since last request: 0.000217 seconds.
  path: Assets/Sprites/Knight_front_walk.png
  artifactKey: Guid(10f3edea097b3c848bb351b26d51020a) Importer(815301076,1909f56bfc062723c751e8b465ee728b)
Start importing Assets/Sprites/Knight_front_walk.png using Guid(10f3edea097b3c848bb351b26d51020a) Importer(815301076,1909f56bfc062723c751e8b465ee728b)  -> (artifact id: '9b1a5ea1497bf836c42a45142afe070f') in 0.016042 seconds
  Import took 0.018367 seconds .

========================================================================
Received Prepare
Registering precompiled user dll's ...
Registered in 0.000767 seconds.
Begin MonoManager ReloadAssembly
Symbol file data-000002CB70D0EFF0 doesn't match image F:\2d hebraya game master\Hevraya 2d\ProjectSettings\Hevraya 2d\Library\ScriptAssemblies\Unity.2D.Animation.Editor.dll
Symbol file LoadedFromMemory is not a mono symbol file
Symbol file data-000002CB78012AE0 doesn't match image F:\2d hebraya game master\Hevraya 2d\ProjectSettings\Hevraya 2d\Library\ScriptAssemblies\Unity.InternalAPIEngineBridge.001.dll
Symbol file LoadedFromMemory is not a mono symbol file
Symbol file data-000002CB76483DC0 doesn't match image F:\2d hebraya game master\Hevraya 2d\ProjectSettings\Hevraya 2d\Library\ScriptAssemblies\Unity.VSCode.Editor.dll
Symbol file LoadedFromMemory is not a mono symbol file
Symbol file data-000002CB77530080 doesn't match image F:\2d hebraya game master\Hevraya 2d\ProjectSettings\Hevraya 2d\Library\ScriptAssemblies\Unity.2D.PixelPerfect.dll
Symbol file LoadedFromMemory is not a mono symbol file
Symbol file data-000002CB71085590 doesn't match image F:\2d hebraya game master\Hevraya 2d\ProjectSettings\Hevraya 2d\Library\ScriptAssemblies\Unity.2D.Tilemap.Editor.dll
Symbol file LoadedFromMemory is not a mono symbol file
Symbol file data-000002CB76A96020 doesn't match image F:\2d hebraya game master\Hevraya 2d\ProjectSettings\Hevraya 2d\Library\ScriptAssemblies\PsdPlugin.dll
Symbol file LoadedFromMemory is not a mono symbol file
Symbol file data-000002CB71085590 doesn't match image F:\2d hebraya game master\Hevraya 2d\ProjectSettings\Hevraya 2d\Library\ScriptAssemblies\Unity.TextMeshPro.Editor.dll
Symbol file LoadedFromMemory is not a mono symbol file
Symbol file data-000002CB70DA3630 doesn't match image F:\2d hebraya game master\Hevraya 2d\ProjectSettings\Hevraya 2d\Library\ScriptAssemblies\Unity.VisualStudio.Editor.dll
Symbol file LoadedFromMemory is not a mono symbol file
Symbol file data-000002CB766EC020 doesn't match image F:\2d hebraya game master\Hevraya 2d\ProjectSettings\Hevraya 2d\Library\ScriptAssemblies\UnityEngine.TestRunner.dll
Symbol file LoadedFromMemory is not a mono symbol file
Symbol file data-000002CB71085590 doesn't match image F:\2d hebraya game master\Hevraya 2d\ProjectSettings\Hevraya 2d\Library\ScriptAssemblies\Unity.Timeline.dll
Symbol file LoadedFromMemory is not a mono symbol file
Symbol file data-000002CB70D0EFF0 doesn't match image F:\2d hebraya game master\Hevraya 2d\ProjectSettings\Hevraya 2d\Library\ScriptAssemblies\Unity.TextMeshPro.dll
Symbol file LoadedFromMemory is not a mono symbol file
Symbol file data-000002CB71085590 doesn't match image F:\2d hebraya game master\Hevraya 2d\ProjectSettings\Hevraya 2d\Library\ScriptAssemblies\UnityEditor.TestRunner.dll
Symbol file LoadedFromMemory is not a mono symbol file
Symbol file data-000002CB76483DC0 doesn't match image F:\2d hebraya game master\Hevraya 2d\ProjectSettings\Hevraya 2d\Library\ScriptAssemblies\Unity.2D.IK.Editor.dll
Symbol file LoadedFromMemory is not a mono symbol file
Symbol file data-000002CB71085590 doesn't match image F:\2d hebraya game master\Hevraya 2d\ProjectSettings\Hevraya 2d\Library\ScriptAssemblies\Unity.2D.Sprite.Editor.dll
Symbol file LoadedFromMemory is not a mono symbol file
Symbol file data-000002CB70DA3630 doesn't match image F:\2d hebraya game master\Hevraya 2d\ProjectSettings\Hevraya 2d\Library\ScriptAssemblies\Unity.2D.Psdimporter.Editor.dll
Symbol file LoadedFromMemory is not a mono symbol file
Symbol file data-000002CB75535020 doesn't match image F:\2d hebraya game master\Hevraya 2d\ProjectSettings\Hevraya 2d\Library\ScriptAssemblies\Unity.2D.Path.Editor.dll
Symbol file LoadedFromMemory is not a mono symbol file
Symbol file data-000002CB7830C4E0 doesn't match image F:\2d hebraya game master\Hevraya 2d\ProjectSettings\Hevraya 2d\Library\ScriptAssemblies\Unity.InternalAPIEditorBridge.001.dll
Symbol file LoadedFromMemory is not a mono symbol file
Symbol file data-000002CB70DA3630 doesn't match image F:\2d hebraya game master\Hevraya 2d\ProjectSettings\Hevraya 2d\Library\ScriptAssemblies\UnityEditor.UI.dll
Symbol file LoadedFromMemory is not a mono symbol file
Symbol file data-000002CB76775C40 doesn't match image F:\2d hebraya game master\Hevraya 2d\ProjectSettings\Hevraya 2d\Library\ScriptAssemblies\Unity.Rider.Editor.dll
Symbol file LoadedFromMemory is not a mono symbol file
Symbol file data-000002CB76452020 doesn't match image F:\2d hebraya game master\Hevraya 2d\ProjectSettings\Hevraya 2d\Library\ScriptAssemblies\UnityEngine.UI.dll
Symbol file LoadedFromMemory is not a mono symbol file
Symbol file data-000002CB75222020 doesn't match image F:\2d hebraya game master\Hevraya 2d\ProjectSettings\Hevraya 2d\Library\ScriptAssemblies\Unity.Mathematics.dll
Symbol file LoadedFromMemory is not a mono symbol file
Symbol file data-000002CB76483DC0 doesn't match image F:\2d hebraya game master\Hevraya 2d\ProjectSettings\Hevraya 2d\Library\ScriptAssemblies\Unity.2D.IK.Runtime.dll
Symbol file LoadedFromMemory is not a mono symbol file
Symbol file data-000002CB77C68010 doesn't match image F:\2d hebraya game master\Hevraya 2d\ProjectSettings\Hevraya 2d\Library\ScriptAssemblies\Unity.2D.Animation.Triangle.Runtime.dll
Symbol file LoadedFromMemory is not a mono symbol file
Symbol file data-000002CB77BBC620 doesn't match image F:\2d hebraya game master\Hevraya 2d\ProjectSettings\Hevraya 2d\Library\ScriptAssemblies\Unity.2D.Animation.Runtime.dll
Symbol file LoadedFromMemory is not a mono symbol file
Symbol file data-000002CB750C8DF0 doesn't match image F:\2d hebraya game master\Hevraya 2d\ProjectSettings\Hevraya 2d\Library\ScriptAssemblies\Unity.2D.PixelPerfect.Editor.dll
Symbol file LoadedFromMemory is not a mono symbol file
Symbol file data-000002CB75A6A710 doesn't match image F:\2d hebraya game master\Hevraya 2d\ProjectSettings\Hevraya 2d\Library\ScriptAssemblies\Unity.Timeline.Editor.dll
Symbol file LoadedFromMemory is not a mono symbol file
Symbol file data-000002CB75475420 doesn't match image F:\2d hebraya game master\Hevraya 2d\ProjectSettings\Hevraya 2d\Library\ScriptAssemblies\Unity.CollabProxy.Editor.dll
Symbol file LoadedFromMemory is not a mono symbol file
Symbol file data-000002CB77530080 doesn't match image F:\2d hebraya game master\Hevraya 2d\ProjectSettings\Hevraya 2d\Library\ScriptAssemblies\Unity.Mathematics.Editor.dll
Symbol file LoadedFromMemory is not a mono symbol file
Symbol file data-000002C9C933DC90 doesn't match image F:\2d hebraya game master\Hevraya 2d\ProjectSettings\Hevraya 2d\Library\ScriptAssemblies\Unity.2D.Common.Runtime.dll
Symbol file LoadedFromMemory is not a mono symbol file
Symbol file data-000002CB754E3220 doesn't match image F:\2d hebraya game master\Hevraya 2d\ProjectSettings\Hevraya 2d\Library\ScriptAssemblies\Unity.2D.SpriteShape.Editor.dll
Symbol file LoadedFromMemory is not a mono symbol file
Symbol file data-000002CB70D3CA00 doesn't match image F:\2d hebraya game master\Hevraya 2d\ProjectSettings\Hevraya 2d\Library\ScriptAssemblies\Unity.2D.Common.Editor.dll
Symbol file LoadedFromMemory is not a mono symbol file
Symbol file data-000002CB70DAB680 doesn't match image F:\2d hebraya game master\Hevraya 2d\ProjectSettings\Hevraya 2d\Library\ScriptAssemblies\Unity.2D.SpriteShape.Runtime.dll
Symbol file LoadedFromMemory is not a mono symbol file
Native extension for WindowsStandalone target not found
Refreshing native plugins compatible for Editor in 0.33 ms, found 1 plugins.
Preloading 0 native plugins for Editor in 0.00 ms.
Invoked RoslynAnalysisRunner static constructor.
RoslynAnalysisRunner will not be running.
RoslynAnalysisRunner has terminated.
Mono: successfully reloaded assembly
- Completed reload, in  0.670 seconds
Platform modules already initialized, skipping
Refreshing native plugins compatible for Editor in 0.34 ms, found 1 plugins.
Preloading 0 native plugins for Editor in 0.00 ms.
Unloading 1810 Unused Serialized files (Serialized files now loaded: 0)
System memory in use before: 88.1 MB.
System memory in use after: 88.1 MB.

Unloading 12 unused Assets to reduce memory usage. Loaded Objects now: 2274.
Total: 1.815400 ms (FindLiveObjects: 0.196200 ms CreateObjectMapping: 0.040000 ms MarkObjects: 1.475200 ms  DeleteObjects: 0.103100 ms)

========================================================================
Received Import Request.
  Time since last request: 698.839713 seconds.
  path: Assets/Sprites/Knight_up_walk.png
  artifactKey: Guid(d59683e49878deb46bf39f2005e11049) Importer(815301076,1909f56bfc062723c751e8b465ee728b)
Start importing Assets/Sprites/Knight_up_walk.png using Guid(d59683e49878deb46bf39f2005e11049) Importer(815301076,1909f56bfc062723c751e8b465ee728b)  -> (artifact id: 'a8453ff2006b026e196970c4ea33227e') in 0.024712 seconds
  Import took 0.027522 seconds .

========================================================================
Received Import Request.
  Time since last request: 24.733265 seconds.
  path: Assets/Sprites/Knight_up_walk.png
  artifactKey: Guid(d59683e49878deb46bf39f2005e11049) Importer(815301076,1909f56bfc062723c751e8b465ee728b)
Start importing Assets/Sprites/Knight_up_walk.png using Guid(d59683e49878deb46bf39f2005e11049) Importer(815301076,1909f56bfc062723c751e8b465ee728b)  -> (artifact id: 'eccf1bdafe71300b06906c915db80704') in 0.024486 seconds
  Import took 0.027165 seconds .

========================================================================
Received Import Request.
  Time since last request: 0.021352 seconds.
  path: Assets/Sprites/Knight_up_walk.png
  artifactKey: Guid(d59683e49878deb46bf39f2005e11049) Importer(815301076,1909f56bfc062723c751e8b465ee728b)
Start importing Assets/Sprites/Knight_up_walk.png using Guid(d59683e49878deb46bf39f2005e11049) Importer(815301076,1909f56bfc062723c751e8b465ee728b)  -> (artifact id: 'eccf1bdafe71300b06906c915db80704') in 0.013143 seconds
  Import took 0.016584 seconds .

========================================================================
Received Prepare
Registering precompiled user dll's ...
Registered in 0.001060 seconds.
Begin MonoManager ReloadAssembly
Symbol file data-000002CB70E10ED0 doesn't match image F:\2d hebraya game master\Hevraya 2d\ProjectSettings\Hevraya 2d\Library\ScriptAssemblies\Unity.2D.Animation.Editor.dll
Symbol file LoadedFromMemory is not a mono symbol file
Symbol file data-000002CB78012E80 doesn't match image F:\2d hebraya game master\Hevraya 2d\ProjectSettings\Hevraya 2d\Library\ScriptAssemblies\Unity.InternalAPIEngineBridge.001.dll
Symbol file LoadedFromMemory is not a mono symbol file
Symbol file data-000002CB782BB350 doesn't match image F:\2d hebraya game master\Hevraya 2d\ProjectSettings\Hevraya 2d\Library\ScriptAssemblies\Unity.VSCode.Editor.dll
Symbol file LoadedFromMemory is not a mono symbol file
Symbol file data-000002CB75EDCCD0 doesn't match image F:\2d hebraya game master\Hevraya 2d\ProjectSettings\Hevraya 2d\Library\ScriptAssemblies\Unity.2D.PixelPerfect.dll
Symbol file LoadedFromMemory is not a mono symbol file
Symbol file data-000002CB7781C190 doesn't match image F:\2d hebraya game master\Hevraya 2d\ProjectSettings\Hevraya 2d\Library\ScriptAssemblies\Unity.2D.Tilemap.Editor.dll
Symbol file LoadedFromMemory is not a mono symbol file
Symbol file data-000002CB992E8190 doesn't match image F:\2d hebraya game master\Hevraya 2d\ProjectSettings\Hevraya 2d\Library\ScriptAssemblies\PsdPlugin.dll
Symbol file LoadedFromMemory is not a mono symbol file
Symbol file data-000002CB7781C190 doesn't match image F:\2d hebraya game master\Hevraya 2d\ProjectSettings\Hevraya 2d\Library\ScriptAssemblies\Unity.TextMeshPro.Editor.dll
Symbol file LoadedFromMemory is not a mono symbol file
Symbol file data-000002CB70EDE020 doesn't match image F:\2d hebraya game master\Hevraya 2d\ProjectSettings\Hevraya 2d\Library\ScriptAssemblies\Unity.VisualStudio.Editor.dll
Symbol file LoadedFromMemory is not a mono symbol file
Symbol file data-000002CB783026B0 doesn't match image F:\2d hebraya game master\Hevraya 2d\ProjectSettings\Hevraya 2d\Library\ScriptAssemblies\UnityEngine.TestRunner.dll
Symbol file LoadedFromMemory is not a mono symbol file
Symbol file data-000002CB7781C190 doesn't match image F:\2d hebraya game master\Hevraya 2d\ProjectSettings\Hevraya 2d\Library\ScriptAssemblies\Unity.Timeline.dll
Symbol file LoadedFromMemory is not a mono symbol file
Symbol file data-000002CB77F0B100 doesn't match image F:\2d hebraya game master\Hevraya 2d\ProjectSettings\Hevraya 2d\Library\ScriptAssemblies\Unity.TextMeshPro.dll
Symbol file LoadedFromMemory is not a mono symbol file
Symbol file data-000002CB75AF0020 doesn't match image F:\2d hebraya game master\Hevraya 2d\ProjectSettings\Hevraya 2d\Library\ScriptAssemblies\UnityEditor.TestRunner.dll
Symbol file LoadedFromMemory is not a mono symbol file
Symbol file data-000002CB782BB350 doesn't match image F:\2d hebraya game master\Hevraya 2d\ProjectSettings\Hevraya 2d\Library\ScriptAssemblies\Unity.2D.IK.Editor.dll
Symbol file LoadedFromMemory is not a mono symbol file
Symbol file data-000002CB7781C190 doesn't match image F:\2d hebraya game master\Hevraya 2d\ProjectSettings\Hevraya 2d\Library\ScriptAssemblies\Unity.2D.Sprite.Editor.dll
Symbol file LoadedFromMemory is not a mono symbol file
Symbol file data-000002CB70DA3630 doesn't match image F:\2d hebraya game master\Hevraya 2d\ProjectSettings\Hevraya 2d\Library\ScriptAssemblies\Unity.2D.Psdimporter.Editor.dll
Symbol file LoadedFromMemory is not a mono symbol file
Symbol file data-000002CB77EC7060 doesn't match image F:\2d hebraya game master\Hevraya 2d\ProjectSettings\Hevraya 2d\Library\ScriptAssemblies\Unity.2D.Path.Editor.dll
Symbol file LoadedFromMemory is not a mono symbol file
Symbol file data-000002CB769BB3A0 doesn't match image F:\2d hebraya game master\Hevraya 2d\ProjectSettings\Hevraya 2d\Library\ScriptAssemblies\Unity.InternalAPIEditorBridge.001.dll
Symbol file LoadedFromMemory is not a mono symbol file
Symbol file data-000002CB70DA3630 doesn't match image F:\2d hebraya game master\Hevraya 2d\ProjectSettings\Hevraya 2d\Library\ScriptAssemblies\UnityEditor.UI.dll
Symbol file LoadedFromMemory is not a mono symbol file
Symbol file data-000002CB76A15010 doesn't match image F:\2d hebraya game master\Hevraya 2d\ProjectSettings\Hevraya 2d\Library\ScriptAssemblies\Unity.Rider.Editor.dll
Symbol file LoadedFromMemory is not a mono symbol file
Symbol file data-000002CB76452020 doesn't match image F:\2d hebraya game master\Hevraya 2d\ProjectSettings\Hevraya 2d\Library\ScriptAssemblies\UnityEngine.UI.dll
Symbol file LoadedFromMemory is not a mono symbol file
Symbol file data-000002CB99162010 doesn't match image F:\2d hebraya game master\Hevraya 2d\ProjectSettings\Hevraya 2d\Library\ScriptAssemblies\Unity.Mathematics.dll
Symbol file LoadedFromMemory is not a mono symbol file
Symbol file data-000002CB782BB350 doesn't match image F:\2d hebraya game master\Hevraya 2d\ProjectSettings\Hevraya 2d\Library\ScriptAssemblies\Unity.2D.IK.Runtime.dll
Symbol file LoadedFromMemory is not a mono symbol file
Symbol file data-000002CB76452020 doesn't match image F:\2d hebraya game master\Hevraya 2d\ProjectSettings\Hevraya 2d\Library\ScriptAssemblies\Unity.2D.Animation.Triangle.Runtime.dll
Symbol file LoadedFromMemory is not a mono symbol file
Symbol file data-000002CB711B4780 doesn't match image F:\2d hebraya game master\Hevraya 2d\ProjectSettings\Hevraya 2d\Library\ScriptAssemblies\Unity.2D.Animation.Runtime.dll
Symbol file LoadedFromMemory is not a mono symbol file
Symbol file data-000002CB993F66E0 doesn't match image F:\2d hebraya game master\Hevraya 2d\ProjectSettings\Hevraya 2d\Library\ScriptAssemblies\Unity.2D.PixelPerfect.Editor.dll
Symbol file LoadedFromMemory is not a mono symbol file
Symbol file data-000002CB70DB8D90 doesn't match image F:\2d hebraya game master\Hevraya 2d\ProjectSettings\Hevraya 2d\Library\ScriptAssemblies\Unity.Timeline.Editor.dll
Symbol file LoadedFromMemory is not a mono symbol file
Symbol file data-000002CB70DAB680 doesn't match image F:\2d hebraya game master\Hevraya 2d\ProjectSettings\Hevraya 2d\Library\ScriptAssemblies\Unity.CollabProxy.Editor.dll
Symbol file LoadedFromMemory is not a mono symbol file
Symbol file data-000002CB7139D5A0 doesn't match image F:\2d hebraya game master\Hevraya 2d\ProjectSettings\Hevraya 2d\Library\ScriptAssemblies\Unity.Mathematics.Editor.dll
Symbol file LoadedFromMemory is not a mono symbol file
Symbol file data-000002CB782F58F0 doesn't match image F:\2d hebraya game master\Hevraya 2d\ProjectSettings\Hevraya 2d\Library\ScriptAssemblies\Unity.2D.Common.Runtime.dll
Symbol file LoadedFromMemory is not a mono symbol file
Symbol file data-000002CB75D4C040 doesn't match image F:\2d hebraya game master\Hevraya 2d\ProjectSettings\Hevraya 2d\Library\ScriptAssemblies\Unity.2D.SpriteShape.Editor.dll
Symbol file LoadedFromMemory is not a mono symbol file
Symbol file data-000002CB70C21C00 doesn't match image F:\2d hebraya game master\Hevraya 2d\ProjectSettings\Hevraya 2d\Library\ScriptAssemblies\Unity.2D.Common.Editor.dll
Symbol file LoadedFromMemory is not a mono symbol file
Symbol file data-000002CB76BEA010 doesn't match image F:\2d hebraya game master\Hevraya 2d\ProjectSettings\Hevraya 2d\Library\ScriptAssemblies\Unity.2D.SpriteShape.Runtime.dll
Symbol file LoadedFromMemory is not a mono symbol file
Native extension for WindowsStandalone target not found
Refreshing native plugins compatible for Editor in 0.43 ms, found 1 plugins.
Preloading 0 native plugins for Editor in 0.00 ms.
Invoked RoslynAnalysisRunner static constructor.
RoslynAnalysisRunner will not be running.
RoslynAnalysisRunner has terminated.
Mono: successfully reloaded assembly
- Completed reload, in  0.654 seconds
Platform modules already initialized, skipping
Refreshing native plugins compatible for Editor in 0.34 ms, found 1 plugins.
Preloading 0 native plugins for Editor in 0.00 ms.
Unloading 1810 Unused Serialized files (Serialized files now loaded: 0)
System memory in use before: 88.1 MB.
System memory in use after: 88.1 MB.

Unloading 12 unused Assets to reduce memory usage. Loaded Objects now: 2279.
Total: 1.858500 ms (FindLiveObjects: 0.210500 ms CreateObjectMapping: 0.037500 ms MarkObjects: 1.500600 ms  DeleteObjects: 0.108800 ms)

========================================================================
Received Prepare
Registering precompiled user dll's ...
Registered in 0.000822 seconds.
Begin MonoManager ReloadAssembly
Symbol file data-000002CB70D0EFF0 doesn't match image F:\2d hebraya game master\Hevraya 2d\ProjectSettings\Hevraya 2d\Library\ScriptAssemblies\Unity.2D.Animation.Editor.dll
Symbol file LoadedFromMemory is not a mono symbol file
Symbol file data-000002CB78012AE0 doesn't match image F:\2d hebraya game master\Hevraya 2d\ProjectSettings\Hevraya 2d\Library\ScriptAssemblies\Unity.InternalAPIEngineBridge.001.dll
Symbol file LoadedFromMemory is not a mono symbol file
Symbol file data-000002CB782BB350 doesn't match image F:\2d hebraya game master\Hevraya 2d\ProjectSettings\Hevraya 2d\Library\ScriptAssemblies\Unity.VSCode.Editor.dll
Symbol file LoadedFromMemory is not a mono symbol file
Symbol file data-000002CB7133BA80 doesn't match image F:\2d hebraya game master\Hevraya 2d\ProjectSettings\Hevraya 2d\Library\ScriptAssemblies\Unity.2D.PixelPerfect.dll
Symbol file LoadedFromMemory is not a mono symbol file
Symbol file data-000002CB76D35020 doesn't match image F:\2d hebraya game master\Hevraya 2d\ProjectSettings\Hevraya 2d\Library\ScriptAssemblies\Unity.2D.Tilemap.Editor.dll
Symbol file LoadedFromMemory is not a mono symbol file
Symbol file data-000002CB992E8190 doesn't match image F:\2d hebraya game master\Hevraya 2d\ProjectSettings\Hevraya 2d\Library\ScriptAssemblies\PsdPlugin.dll
Symbol file LoadedFromMemory is not a mono symbol file
Symbol file data-000002CB7651D020 doesn't match image F:\2d hebraya game master\Hevraya 2d\ProjectSettings\Hevraya 2d\Library\ScriptAssemblies\Unity.TextMeshPro.Editor.dll
Symbol file LoadedFromMemory is not a mono symbol file
Symbol file data-000002CB70CCA260 doesn't match image F:\2d hebraya game master\Hevraya 2d\ProjectSettings\Hevraya 2d\Library\ScriptAssemblies\Unity.VisualStudio.Editor.dll
Symbol file LoadedFromMemory is not a mono symbol file
Symbol file data-000002CB766EC020 doesn't match image F:\2d hebraya game master\Hevraya 2d\ProjectSettings\Hevraya 2d\Library\ScriptAssemblies\UnityEngine.TestRunner.dll
Symbol file LoadedFromMemory is not a mono symbol file
Symbol file data-000002CB76D35020 doesn't match image F:\2d hebraya game master\Hevraya 2d\ProjectSettings\Hevraya 2d\Library\ScriptAssemblies\Unity.Timeline.dll
Symbol file LoadedFromMemory is not a mono symbol file
Symbol file data-000002CB75456010 doesn't match image F:\2d hebraya game master\Hevraya 2d\ProjectSettings\Hevraya 2d\Library\ScriptAssemblies\Unity.TextMeshPro.dll
Symbol file LoadedFromMemory is not a mono symbol file
Symbol file data-000002CB7102B030 doesn't match image F:\2d hebraya game master\Hevraya 2d\ProjectSettings\Hevraya 2d\Library\ScriptAssemblies\UnityEditor.TestRunner.dll
Symbol file LoadedFromMemory is not a mono symbol file
Symbol file data-000002CB782BB350 doesn't match image F:\2d hebraya game master\Hevraya 2d\ProjectSettings\Hevraya 2d\Library\ScriptAssemblies\Unity.2D.IK.Editor.dll
Symbol file LoadedFromMemory is not a mono symbol file
Symbol file data-000002CB7651D020 doesn't match image F:\2d hebraya game master\Hevraya 2d\ProjectSettings\Hevraya 2d\Library\ScriptAssemblies\Unity.2D.Sprite.Editor.dll
Symbol file LoadedFromMemory is not a mono symbol file
Symbol file data-000002CB70CAD010 doesn't match image F:\2d hebraya game master\Hevraya 2d\ProjectSettings\Hevraya 2d\Library\ScriptAssemblies\Unity.2D.Psdimporter.Editor.dll
Symbol file LoadedFromMemory is not a mono symbol file
Symbol file data-000002CB77E9E010 doesn't match image F:\2d hebraya game master\Hevraya 2d\ProjectSettings\Hevraya 2d\Library\ScriptAssemblies\Unity.2D.Path.Editor.dll
Symbol file LoadedFromMemory is not a mono symbol file
Symbol file data-000002CB75D56030 doesn't match image F:\2d hebraya game master\Hevraya 2d\ProjectSettings\Hevraya 2d\Library\ScriptAssemblies\Unity.InternalAPIEditorBridge.001.dll
Symbol file LoadedFromMemory is not a mono symbol file
Symbol file data-000002CB70CAD010 doesn't match image F:\2d hebraya game master\Hevraya 2d\ProjectSettings\Hevraya 2d\Library\ScriptAssemblies\UnityEditor.UI.dll
Symbol file LoadedFromMemory is not a mono symbol file
Symbol file data-000002CB993F1010 doesn't match image F:\2d hebraya game master\Hevraya 2d\ProjectSettings\Hevraya 2d\Library\ScriptAssemblies\Unity.Rider.Editor.dll
Symbol file LoadedFromMemory is not a mono symbol file
Symbol file data-000002CB76452020 doesn't match image F:\2d hebraya game master\Hevraya 2d\ProjectSettings\Hevraya 2d\Library\ScriptAssemblies\UnityEngine.UI.dll
Symbol file LoadedFromMemory is not a mono symbol file
Symbol file data-000002CB99162010 doesn't match image F:\2d hebraya game master\Hevraya 2d\ProjectSettings\Hevraya 2d\Library\ScriptAssemblies\Unity.Mathematics.dll
Symbol file LoadedFromMemory is not a mono symbol file
Symbol file data-000002CB7547D020 doesn't match image F:\2d hebraya game master\Hevraya 2d\ProjectSettings\Hevraya 2d\Library\ScriptAssemblies\Unity.2D.IK.Runtime.dll
Symbol file LoadedFromMemory is not a mono symbol file
Symbol file data-000002CB769BBE80 doesn't match image F:\2d hebraya game master\Hevraya 2d\ProjectSettings\Hevraya 2d\Library\ScriptAssemblies\Unity.2D.Animation.Triangle.Runtime.dll
Symbol file LoadedFromMemory is not a mono symbol file
Symbol file data-000002CB711B4780 doesn't match image F:\2d hebraya game master\Hevraya 2d\ProjectSettings\Hevraya 2d\Library\ScriptAssemblies\Unity.2D.Animation.Runtime.dll
Symbol file LoadedFromMemory is not a mono symbol file
Symbol file data-000002CB775E76A0 doesn't match image F:\2d hebraya game master\Hevraya 2d\ProjectSettings\Hevraya 2d\Library\ScriptAssemblies\Unity.2D.PixelPerfect.Editor.dll
Symbol file LoadedFromMemory is not a mono symbol file
Symbol file data-000002CB70DB8D90 doesn't match image F:\2d hebraya game master\Hevraya 2d\ProjectSettings\Hevraya 2d\Library\ScriptAssemblies\Unity.Timeline.Editor.dll
Symbol file LoadedFromMemory is not a mono symbol file
Symbol file data-000002CB76BEA010 doesn't match image F:\2d hebraya game master\Hevraya 2d\ProjectSettings\Hevraya 2d\Library\ScriptAssemblies\Unity.CollabProxy.Editor.dll
Symbol file LoadedFromMemory is not a mono symbol file
Symbol file data-000002CB75D56030 doesn't match image F:\2d hebraya game master\Hevraya 2d\ProjectSettings\Hevraya 2d\Library\ScriptAssemblies\Unity.Mathematics.Editor.dll
Symbol file LoadedFromMemory is not a mono symbol file
Symbol file data-000002CB77261570 doesn't match image F:\2d hebraya game master\Hevraya 2d\ProjectSettings\Hevraya 2d\Library\ScriptAssemblies\Unity.2D.Common.Runtime.dll
Symbol file LoadedFromMemory is not a mono symbol file
Symbol file data-000002CB70CAD010 doesn't match image F:\2d hebraya game master\Hevraya 2d\ProjectSettings\Hevraya 2d\Library\ScriptAssemblies\Unity.2D.SpriteShape.Editor.dll
Symbol file LoadedFromMemory is not a mono symbol file
Symbol file data-000002CB70F38510 doesn't match image F:\2d hebraya game master\Hevraya 2d\ProjectSettings\Hevraya 2d\Library\ScriptAssemblies\Unity.2D.Common.Editor.dll
Symbol file LoadedFromMemory is not a mono symbol file
Symbol file data-000002CB76BEA010 doesn't match image F:\2d hebraya game master\Hevraya 2d\ProjectSettings\Hevraya 2d\Library\ScriptAssemblies\Unity.2D.SpriteShape.Runtime.dll
Symbol file LoadedFromMemory is not a mono symbol file
Native extension for WindowsStandalone target not found
Refreshing native plugins compatible for Editor in 0.34 ms, found 1 plugins.
Preloading 0 native plugins for Editor in 0.00 ms.
Invoked RoslynAnalysisRunner static constructor.
RoslynAnalysisRunner will not be running.
RoslynAnalysisRunner has terminated.
Mono: successfully reloaded assembly
- Completed reload, in  0.659 seconds
Platform modules already initialized, skipping
Refreshing native plugins compatible for Editor in 0.36 ms, found 1 plugins.
Preloading 0 native plugins for Editor in 0.00 ms.
Unloading 1810 Unused Serialized files (Serialized files now loaded: 0)
System memory in use before: 88.2 MB.
System memory in use after: 88.1 MB.

Unloading 12 unused Assets to reduce memory usage. Loaded Objects now: 2283.
Total: 1.726500 ms (FindLiveObjects: 0.204700 ms CreateObjectMapping: 0.039600 ms MarkObjects: 1.385900 ms  DeleteObjects: 0.095300 ms)

========================================================================
Received Import Request.
  Time since last request: 488.960975 seconds.
  path: Assets/Scripts/Player_movement.cs
  artifactKey: Guid(5e219ce25bbe4124ba115d964d174799) Importer(815301076,1909f56bfc062723c751e8b465ee728b)
Start importing Assets/Scripts/Player_movement.cs using Guid(5e219ce25bbe4124ba115d964d174799) Importer(815301076,1909f56bfc062723c751e8b465ee728b)  -> (artifact id: '10b7471d62a500fea6a125e60e639b1a') in 0.012481 seconds
  Import took 0.015198 seconds .

========================================================================
Received Import Request.
  Time since last request: 0.015851 seconds.
  path: Assets/Scripts/Player_movement.cs
  artifactKey: Guid(5e219ce25bbe4124ba115d964d174799) Importer(815301076,1909f56bfc062723c751e8b465ee728b)
Start importing Assets/Scripts/Player_movement.cs using Guid(5e219ce25bbe4124ba115d964d174799) Importer(815301076,1909f56bfc062723c751e8b465ee728b)  -> (artifact id: '10b7471d62a500fea6a125e60e639b1a') in 0.001513 seconds
  Import took 0.003676 seconds .

========================================================================
Received Import Request.
  Time since last request: 15.617161 seconds.
  path: Assets/Sprites/Knight_up_walk 1.png
  artifactKey: Guid(4a28add82a08d4a4182bd70c4cd891ee) Importer(815301076,1909f56bfc062723c751e8b465ee728b)
Start importing Assets/Sprites/Knight_up_walk 1.png using Guid(4a28add82a08d4a4182bd70c4cd891ee) Importer(815301076,1909f56bfc062723c751e8b465ee728b)  -> (artifact id: '34b44e8b35cd4f09b5e0a6c9a7f9b476') in 0.041330 seconds
  Import took 0.043923 seconds .

========================================================================
Received Prepare
Registering precompiled user dll's ...
Registered in 0.000813 seconds.
Begin MonoManager ReloadAssembly
Symbol file data-000002CB70E10ED0 doesn't match image F:\2d hebraya game master\Hevraya 2d\ProjectSettings\Hevraya 2d\Library\ScriptAssemblies\Unity.2D.Animation.Editor.dll
Symbol file LoadedFromMemory is not a mono symbol file
Symbol file data-000002CB78012AE0 doesn't match image F:\2d hebraya game master\Hevraya 2d\ProjectSettings\Hevraya 2d\Library\ScriptAssemblies\Unity.InternalAPIEngineBridge.001.dll
Symbol file LoadedFromMemory is not a mono symbol file
Symbol file data-000002CB782BB350 doesn't match image F:\2d hebraya game master\Hevraya 2d\ProjectSettings\Hevraya 2d\Library\ScriptAssemblies\Unity.VSCode.Editor.dll
Symbol file LoadedFromMemory is not a mono symbol file
Symbol file data-000002CB7133C790 doesn't match image F:\2d hebraya game master\Hevraya 2d\ProjectSettings\Hevraya 2d\Library\ScriptAssemblies\Unity.2D.PixelPerfect.dll
Symbol file LoadedFromMemory is not a mono symbol file
Symbol file data-000002CB77D3F030 doesn't match image F:\2d hebraya game master\Hevraya 2d\ProjectSettings\Hevraya 2d\Library\ScriptAssemblies\Unity.2D.Tilemap.Editor.dll
Symbol file LoadedFromMemory is not a mono symbol file
Symbol file data-000002CB992E8190 doesn't match image F:\2d hebraya game master\Hevraya 2d\ProjectSettings\Hevraya 2d\Library\ScriptAssemblies\PsdPlugin.dll
Symbol file LoadedFromMemory is not a mono symbol file
Symbol file data-000002CB99212010 doesn't match image F:\2d hebraya game master\Hevraya 2d\ProjectSettings\Hevraya 2d\Library\ScriptAssemblies\Unity.TextMeshPro.Editor.dll
Symbol file LoadedFromMemory is not a mono symbol file
Symbol file data-000002CB71333FE0 doesn't match image F:\2d hebraya game master\Hevraya 2d\ProjectSettings\Hevraya 2d\Library\ScriptAssemblies\Unity.VisualStudio.Editor.dll
Symbol file LoadedFromMemory is not a mono symbol file
Symbol file data-000002CB7579F020 doesn't match image F:\2d hebraya game master\Hevraya 2d\ProjectSettings\Hevraya 2d\Library\ScriptAssemblies\UnityEngine.TestRunner.dll
Symbol file LoadedFromMemory is not a mono symbol file
Symbol file data-000002CB77D3F030 doesn't match image F:\2d hebraya game master\Hevraya 2d\ProjectSettings\Hevraya 2d\Library\ScriptAssemblies\Unity.Timeline.dll
Symbol file LoadedFromMemory is not a mono symbol file
Symbol file data-000002CB76882020 doesn't match image F:\2d hebraya game master\Hevraya 2d\ProjectSettings\Hevraya 2d\Library\ScriptAssemblies\Unity.TextMeshPro.dll
Symbol file LoadedFromMemory is not a mono symbol file
Symbol file data-000002CB75AF0020 doesn't match image F:\2d hebraya game master\Hevraya 2d\ProjectSettings\Hevraya 2d\Library\ScriptAssemblies\UnityEditor.TestRunner.dll
Symbol file LoadedFromMemory is not a mono symbol file
Symbol file data-000002CB782BB350 doesn't match image F:\2d hebraya game master\Hevraya 2d\ProjectSettings\Hevraya 2d\Library\ScriptAssemblies\Unity.2D.IK.Editor.dll
Symbol file LoadedFromMemory is not a mono symbol file
Symbol file data-000002CB76BEA010 doesn't match image F:\2d hebraya game master\Hevraya 2d\ProjectSettings\Hevraya 2d\Library\ScriptAssemblies\Unity.2D.Sprite.Editor.dll
Symbol file LoadedFromMemory is not a mono symbol file
Symbol file data-000002CB70CAD010 doesn't match image F:\2d hebraya game master\Hevraya 2d\ProjectSettings\Hevraya 2d\Library\ScriptAssemblies\Unity.2D.Psdimporter.Editor.dll
Symbol file LoadedFromMemory is not a mono symbol file
Symbol file data-000002CB7567A010 doesn't match image F:\2d hebraya game master\Hevraya 2d\ProjectSettings\Hevraya 2d\Library\ScriptAssemblies\Unity.2D.Path.Editor.dll
Symbol file LoadedFromMemory is not a mono symbol file
Symbol file data-000002CB75758030 doesn't match image F:\2d hebraya game master\Hevraya 2d\ProjectSettings\Hevraya 2d\Library\ScriptAssemblies\Unity.InternalAPIEditorBridge.001.dll
Symbol file LoadedFromMemory is not a mono symbol file
Symbol file data-000002CB70CAD010 doesn't match image F:\2d hebraya game master\Hevraya 2d\ProjectSettings\Hevraya 2d\Library\ScriptAssemblies\UnityEditor.UI.dll
Symbol file LoadedFromMemory is not a mono symbol file
Symbol file data-000002CB70DA3630 doesn't match image F:\2d hebraya game master\Hevraya 2d\ProjectSettings\Hevraya 2d\Library\ScriptAssemblies\Unity.Rider.Editor.dll
Symbol file LoadedFromMemory is not a mono symbol file
Symbol file data-000002CB76452020 doesn't match image F:\2d hebraya game master\Hevraya 2d\ProjectSettings\Hevraya 2d\Library\ScriptAssemblies\UnityEngine.UI.dll
Symbol file LoadedFromMemory is not a mono symbol file
Symbol file data-000002CB99162010 doesn't match image F:\2d hebraya game master\Hevraya 2d\ProjectSettings\Hevraya 2d\Library\ScriptAssemblies\Unity.Mathematics.dll
Symbol file LoadedFromMemory is not a mono symbol file
Symbol file data-000002CB782BB350 doesn't match image F:\2d hebraya game master\Hevraya 2d\ProjectSettings\Hevraya 2d\Library\ScriptAssemblies\Unity.2D.IK.Runtime.dll
Symbol file LoadedFromMemory is not a mono symbol file
Symbol file data-000002CB70CD28C0 doesn't match image F:\2d hebraya game master\Hevraya 2d\ProjectSettings\Hevraya 2d\Library\ScriptAssemblies\Unity.2D.Animation.Triangle.Runtime.dll
Symbol file LoadedFromMemory is not a mono symbol file
Symbol file data-000002CB711B4780 doesn't match image F:\2d hebraya game master\Hevraya 2d\ProjectSettings\Hevraya 2d\Library\ScriptAssemblies\Unity.2D.Animation.Runtime.dll
Symbol file LoadedFromMemory is not a mono symbol file
Symbol file data-000002CB70DA9D10 doesn't match image F:\2d hebraya game master\Hevraya 2d\ProjectSettings\Hevraya 2d\Library\ScriptAssemblies\Unity.2D.PixelPerfect.Editor.dll
Symbol file LoadedFromMemory is not a mono symbol file
Symbol file data-000002CB752EC020 doesn't match image F:\2d hebraya game master\Hevraya 2d\ProjectSettings\Hevraya 2d\Library\ScriptAssemblies\Unity.Timeline.Editor.dll
Symbol file LoadedFromMemory is not a mono symbol file
Symbol file data-000002CB77FAFB70 doesn't match image F:\2d hebraya game master\Hevraya 2d\ProjectSettings\Hevraya 2d\Library\ScriptAssemblies\Unity.CollabProxy.Editor.dll
Symbol file LoadedFromMemory is not a mono symbol file
Symbol file data-000002CB70D91A40 doesn't match image F:\2d hebraya game master\Hevraya 2d\ProjectSettings\Hevraya 2d\Library\ScriptAssemblies\Unity.Mathematics.Editor.dll
Symbol file LoadedFromMemory is not a mono symbol file
Symbol file data-000002CB77644260 doesn't match image F:\2d hebraya game master\Hevraya 2d\ProjectSettings\Hevraya 2d\Library\ScriptAssemblies\Unity.2D.Common.Runtime.dll
Symbol file LoadedFromMemory is not a mono symbol file
Symbol file data-000002CB70CAD010 doesn't match image F:\2d hebraya game master\Hevraya 2d\ProjectSettings\Hevraya 2d\Library\ScriptAssemblies\Unity.2D.SpriteShape.Editor.dll
Symbol file LoadedFromMemory is not a mono symbol file
Symbol file data-000002CB76A38020 doesn't match image F:\2d hebraya game master\Hevraya 2d\ProjectSettings\Hevraya 2d\Library\ScriptAssemblies\Unity.2D.Common.Editor.dll
Symbol file LoadedFromMemory is not a mono symbol file
Symbol file data-000002CB77FAFB70 doesn't match image F:\2d hebraya game master\Hevraya 2d\ProjectSettings\Hevraya 2d\Library\ScriptAssemblies\Unity.2D.SpriteShape.Runtime.dll
Symbol file LoadedFromMemory is not a mono symbol file
Native extension for WindowsStandalone target not found
Refreshing native plugins compatible for Editor in 0.39 ms, found 1 plugins.
Preloading 0 native plugins for Editor in 0.00 ms.
Invoked RoslynAnalysisRunner static constructor.
RoslynAnalysisRunner will not be running.
RoslynAnalysisRunner has terminated.
Mono: successfully reloaded assembly
- Completed reload, in  0.700 seconds
Platform modules already initialized, skipping
Refreshing native plugins compatible for Editor in 0.35 ms, found 1 plugins.
Preloading 0 native plugins for Editor in 0.00 ms.
Unloading 1810 Unused Serialized files (Serialized files now loaded: 0)
System memory in use before: 88.2 MB.
System memory in use after: 88.2 MB.

Unloading 12 unused Assets to reduce memory usage. Loaded Objects now: 2288.
Total: 1.773800 ms (FindLiveObjects: 0.216400 ms CreateObjectMapping: 0.040100 ms MarkObjects: 1.415600 ms  DeleteObjects: 0.100500 ms)

========================================================================
Received Prepare
Registering precompiled user dll's ...
Registered in 0.000841 seconds.
Begin MonoManager ReloadAssembly
Symbol file data-000002CB752FE010 doesn't match image F:\2d hebraya game master\Hevraya 2d\ProjectSettings\Hevraya 2d\Library\ScriptAssemblies\Unity.2D.Animation.Editor.dll
Symbol file LoadedFromMemory is not a mono symbol file
Symbol file data-000002CB78012AE0 doesn't match image F:\2d hebraya game master\Hevraya 2d\ProjectSettings\Hevraya 2d\Library\ScriptAssemblies\Unity.InternalAPIEngineBridge.001.dll
Symbol file LoadedFromMemory is not a mono symbol file
Symbol file data-000002CB70F38510 doesn't match image F:\2d hebraya game master\Hevraya 2d\ProjectSettings\Hevraya 2d\Library\ScriptAssemblies\Unity.VSCode.Editor.dll
Symbol file LoadedFromMemory is not a mono symbol file
Symbol file data-000002CB992161B0 doesn't match image F:\2d hebraya game master\Hevraya 2d\ProjectSettings\Hevraya 2d\Library\ScriptAssemblies\Unity.2D.PixelPerfect.dll
Symbol file LoadedFromMemory is not a mono symbol file
Symbol file data-000002CB75202030 doesn't match image F:\2d hebraya game master\Hevraya 2d\ProjectSettings\Hevraya 2d\Library\ScriptAssemblies\Unity.2D.Tilemap.Editor.dll
Symbol file LoadedFromMemory is not a mono symbol file
Symbol file data-000002CB992E8190 doesn't match image F:\2d hebraya game master\Hevraya 2d\ProjectSettings\Hevraya 2d\Library\ScriptAssemblies\PsdPlugin.dll
Symbol file LoadedFromMemory is not a mono symbol file
Symbol file data-000002CB71085590 doesn't match image F:\2d hebraya game master\Hevraya 2d\ProjectSettings\Hevraya 2d\Library\ScriptAssemblies\Unity.TextMeshPro.Editor.dll
Symbol file LoadedFromMemory is not a mono symbol file
Symbol file data-000002CB782EFDB0 doesn't match image F:\2d hebraya game master\Hevraya 2d\ProjectSettings\Hevraya 2d\Library\ScriptAssemblies\Unity.VisualStudio.Editor.dll
Symbol file LoadedFromMemory is not a mono symbol file
Symbol file data-000002CB77D3F030 doesn't match image F:\2d hebraya game master\Hevraya 2d\ProjectSettings\Hevraya 2d\Library\ScriptAssemblies\UnityEngine.TestRunner.dll
Symbol file LoadedFromMemory is not a mono symbol file
Symbol file data-000002CB75202030 doesn't match image F:\2d hebraya game master\Hevraya 2d\ProjectSettings\Hevraya 2d\Library\ScriptAssemblies\Unity.Timeline.dll
Symbol file LoadedFromMemory is not a mono symbol file
Symbol file data-000002CB76882020 doesn't match image F:\2d hebraya game master\Hevraya 2d\ProjectSettings\Hevraya 2d\Library\ScriptAssemblies\Unity.TextMeshPro.dll
Symbol file LoadedFromMemory is not a mono symbol file
Symbol file data-000002CB75AF0020 doesn't match image F:\2d hebraya game master\Hevraya 2d\ProjectSettings\Hevraya 2d\Library\ScriptAssemblies\UnityEditor.TestRunner.dll
Symbol file LoadedFromMemory is not a mono symbol file
Symbol file data-000002CB70F38510 doesn't match image F:\2d hebraya game master\Hevraya 2d\ProjectSettings\Hevraya 2d\Library\ScriptAssemblies\Unity.2D.IK.Editor.dll
Symbol file LoadedFromMemory is not a mono symbol file
Symbol file data-000002CB71085590 doesn't match image F:\2d hebraya game master\Hevraya 2d\ProjectSettings\Hevraya 2d\Library\ScriptAssemblies\Unity.2D.Sprite.Editor.dll
Symbol file LoadedFromMemory is not a mono symbol file
Symbol file data-000002CB77FB3B80 doesn't match image F:\2d hebraya game master\Hevraya 2d\ProjectSettings\Hevraya 2d\Library\ScriptAssemblies\Unity.2D.Psdimporter.Editor.dll
Symbol file LoadedFromMemory is not a mono symbol file
Symbol file data-000002CB99536030 doesn't match image F:\2d hebraya game master\Hevraya 2d\ProjectSettings\Hevraya 2d\Library\ScriptAssemblies\Unity.2D.Path.Editor.dll
Symbol file LoadedFromMemory is not a mono symbol file
Symbol file data-000002CB77FAF050 doesn't match image F:\2d hebraya game master\Hevraya 2d\ProjectSettings\Hevraya 2d\Library\ScriptAssemblies\Unity.InternalAPIEditorBridge.001.dll
Symbol file LoadedFromMemory is not a mono symbol file
Symbol file data-000002CB77FB3B80 doesn't match image F:\2d hebraya game master\Hevraya 2d\ProjectSettings\Hevraya 2d\Library\ScriptAssemblies\UnityEditor.UI.dll
Symbol file LoadedFromMemory is not a mono symbol file
Symbol file data-000002CB75B43040 doesn't match image F:\2d hebraya game master\Hevraya 2d\ProjectSettings\Hevraya 2d\Library\ScriptAssemblies\Unity.Rider.Editor.dll
Symbol file LoadedFromMemory is not a mono symbol file
Symbol file data-000002CB76452020 doesn't match image F:\2d hebraya game master\Hevraya 2d\ProjectSettings\Hevraya 2d\Library\ScriptAssemblies\UnityEngine.UI.dll
Symbol file LoadedFromMemory is not a mono symbol file
Symbol file data-000002CB75222020 doesn't match image F:\2d hebraya game master\Hevraya 2d\ProjectSettings\Hevraya 2d\Library\ScriptAssemblies\Unity.Mathematics.dll
Symbol file LoadedFromMemory is not a mono symbol file
Symbol file data-000002CB70F38510 doesn't match image F:\2d hebraya game master\Hevraya 2d\ProjectSettings\Hevraya 2d\Library\ScriptAssemblies\Unity.2D.IK.Runtime.dll
Symbol file LoadedFromMemory is not a mono symbol file
Symbol file data-000002CB70CD28C0 doesn't match image F:\2d hebraya game master\Hevraya 2d\ProjectSettings\Hevraya 2d\Library\ScriptAssemblies\Unity.2D.Animation.Triangle.Runtime.dll
Symbol file LoadedFromMemory is not a mono symbol file
Symbol file data-000002CB775E4050 doesn't match image F:\2d hebraya game master\Hevraya 2d\ProjectSettings\Hevraya 2d\Library\ScriptAssemblies\Unity.2D.Animation.Runtime.dll
Symbol file LoadedFromMemory is not a mono symbol file
Symbol file data-000002CB70DA9D10 doesn't match image F:\2d hebraya game master\Hevraya 2d\ProjectSettings\Hevraya 2d\Library\ScriptAssemblies\Unity.2D.PixelPerfect.Editor.dll
Symbol file LoadedFromMemory is not a mono symbol file
Symbol file data-000002CB71351020 doesn't match image F:\2d hebraya game master\Hevraya 2d\ProjectSettings\Hevraya 2d\Library\ScriptAssemblies\Unity.Timeline.Editor.dll
Symbol file LoadedFromMemory is not a mono symbol file
Symbol file data-000002CB77D3F030 doesn't match image F:\2d hebraya game master\Hevraya 2d\ProjectSettings\Hevraya 2d\Library\ScriptAssemblies\Unity.CollabProxy.Editor.dll
Symbol file LoadedFromMemory is not a mono symbol file
Symbol file data-000002CB7830BD90 doesn't match image F:\2d hebraya game master\Hevraya 2d\ProjectSettings\Hevraya 2d\Library\ScriptAssemblies\Unity.Mathematics.Editor.dll
Symbol file LoadedFromMemory is not a mono symbol file
Symbol file data-000002CB77F328A0 doesn't match image F:\2d hebraya game master\Hevraya 2d\ProjectSettings\Hevraya 2d\Library\ScriptAssemblies\Unity.2D.Common.Runtime.dll
Symbol file LoadedFromMemory is not a mono symbol file
Symbol file data-000002CB77FB3B80 doesn't match image F:\2d hebraya game master\Hevraya 2d\ProjectSettings\Hevraya 2d\Library\ScriptAssemblies\Unity.2D.SpriteShape.Editor.dll
Symbol file LoadedFromMemory is not a mono symbol file
Symbol file data-000002CB70F38510 doesn't match image F:\2d hebraya game master\Hevraya 2d\ProjectSettings\Hevraya 2d\Library\ScriptAssemblies\Unity.2D.Common.Editor.dll
Symbol file LoadedFromMemory is not a mono symbol file
Symbol file data-000002CB77D3F030 doesn't match image F:\2d hebraya game master\Hevraya 2d\ProjectSettings\Hevraya 2d\Library\ScriptAssemblies\Unity.2D.SpriteShape.Runtime.dll
Symbol file LoadedFromMemory is not a mono symbol file
Native extension for WindowsStandalone target not found
Refreshing native plugins compatible for Editor in 0.36 ms, found 1 plugins.
Preloading 0 native plugins for Editor in 0.00 ms.
Invoked RoslynAnalysisRunner static constructor.
RoslynAnalysisRunner will not be running.
RoslynAnalysisRunner has terminated.
Mono: successfully reloaded assembly
- Completed reload, in  0.682 seconds
Platform modules already initialized, skipping
Refreshing native plugins compatible for Editor in 0.35 ms, found 1 plugins.
Preloading 0 native plugins for Editor in 0.00 ms.
Unloading 1810 Unused Serialized files (Serialized files now loaded: 0)
System memory in use before: 88.2 MB.
System memory in use after: 88.2 MB.

Unloading 12 unused Assets to reduce memory usage. Loaded Objects now: 2292.
Total: 1.704500 ms (FindLiveObjects: 0.196000 ms CreateObjectMapping: 0.039900 ms MarkObjects: 1.364800 ms  DeleteObjects: 0.102800 ms)

========================================================================
Received Prepare
Registering precompiled user dll's ...
Registered in 0.000799 seconds.
Begin MonoManager ReloadAssembly
Symbol file data-000002CB752FE010 doesn't match image F:\2d hebraya game master\Hevraya 2d\ProjectSettings\Hevraya 2d\Library\ScriptAssemblies\Unity.2D.Animation.Editor.dll
Symbol file LoadedFromMemory is not a mono symbol file
Symbol file data-000002CB78012E80 doesn't match image F:\2d hebraya game master\Hevraya 2d\ProjectSettings\Hevraya 2d\Library\ScriptAssemblies\Unity.InternalAPIEngineBridge.001.dll
Symbol file LoadedFromMemory is not a mono symbol file
Symbol file data-000002CB70D9DE30 doesn't match image F:\2d hebraya game master\Hevraya 2d\ProjectSettings\Hevraya 2d\Library\ScriptAssemblies\Unity.VSCode.Editor.dll
Symbol file LoadedFromMemory is not a mono symbol file
Symbol file data-000002CB99CE8D80 doesn't match image F:\2d hebraya game master\Hevraya 2d\ProjectSettings\Hevraya 2d\Library\ScriptAssemblies\Unity.2D.PixelPerfect.dll
Symbol file LoadedFromMemory is not a mono symbol file
Symbol file data-000002CB75202030 doesn't match image F:\2d hebraya game master\Hevraya 2d\ProjectSettings\Hevraya 2d\Library\ScriptAssemblies\Unity.2D.Tilemap.Editor.dll
Symbol file LoadedFromMemory is not a mono symbol file
Symbol file data-000002CB992E8190 doesn't match image F:\2d hebraya game master\Hevraya 2d\ProjectSettings\Hevraya 2d\Library\ScriptAssemblies\PsdPlugin.dll
Symbol file LoadedFromMemory is not a mono symbol file
Symbol file data-000002CB9952E020 doesn't match image F:\2d hebraya game master\Hevraya 2d\ProjectSettings\Hevraya 2d\Library\ScriptAssemblies\Unity.TextMeshPro.Editor.dll
Symbol file LoadedFromMemory is not a mono symbol file
Symbol file data-000002CB711E5030 doesn't match image F:\2d hebraya game master\Hevraya 2d\ProjectSettings\Hevraya 2d\Library\ScriptAssemblies\Unity.VisualStudio.Editor.dll
Symbol file LoadedFromMemory is not a mono symbol file
Symbol file data-000002CB782EBDA0 doesn't match image F:\2d hebraya game master\Hevraya 2d\ProjectSettings\Hevraya 2d\Library\ScriptAssemblies\UnityEngine.TestRunner.dll
Symbol file LoadedFromMemory is not a mono symbol file
Symbol file data-000002CB75202030 doesn't match image F:\2d hebraya game master\Hevraya 2d\ProjectSettings\Hevraya 2d\Library\ScriptAssemblies\Unity.Timeline.dll
Symbol file LoadedFromMemory is not a mono symbol file
Symbol file data-000002CB76882020 doesn't match image F:\2d hebraya game master\Hevraya 2d\ProjectSettings\Hevraya 2d\Library\ScriptAssemblies\Unity.TextMeshPro.dll
Symbol file LoadedFromMemory is not a mono symbol file
Symbol file data-000002CB75AF0020 doesn't match image F:\2d hebraya game master\Hevraya 2d\ProjectSettings\Hevraya 2d\Library\ScriptAssemblies\UnityEditor.TestRunner.dll
Symbol file LoadedFromMemory is not a mono symbol file
Symbol file data-000002CB70D9DE30 doesn't match image F:\2d hebraya game master\Hevraya 2d\ProjectSettings\Hevraya 2d\Library\ScriptAssemblies\Unity.2D.IK.Editor.dll
Symbol file LoadedFromMemory is not a mono symbol file
Symbol file data-000002CB9952E020 doesn't match image F:\2d hebraya game master\Hevraya 2d\ProjectSettings\Hevraya 2d\Library\ScriptAssemblies\Unity.2D.Sprite.Editor.dll
Symbol file LoadedFromMemory is not a mono symbol file
Symbol file data-000002CB99344020 doesn't match image F:\2d hebraya game master\Hevraya 2d\ProjectSettings\Hevraya 2d\Library\ScriptAssemblies\Unity.2D.Psdimporter.Editor.dll
Symbol file LoadedFromMemory is not a mono symbol file
Symbol file data-000002CB77255510 doesn't match image F:\2d hebraya game master\Hevraya 2d\ProjectSettings\Hevraya 2d\Library\ScriptAssemblies\Unity.2D.Path.Editor.dll
Symbol file LoadedFromMemory is not a mono symbol file
Symbol file data-000002CB75758030 doesn't match image F:\2d hebraya game master\Hevraya 2d\ProjectSettings\Hevraya 2d\Library\ScriptAssemblies\Unity.InternalAPIEditorBridge.001.dll
Symbol file LoadedFromMemory is not a mono symbol file
Symbol file data-000002CB99344020 doesn't match image F:\2d hebraya game master\Hevraya 2d\ProjectSettings\Hevraya 2d\Library\ScriptAssemblies\UnityEditor.UI.dll
Symbol file LoadedFromMemory is not a mono symbol file
Symbol file data-000002CB776CD060 doesn't match image F:\2d hebraya game master\Hevraya 2d\ProjectSettings\Hevraya 2d\Library\ScriptAssemblies\Unity.Rider.Editor.dll
Symbol file LoadedFromMemory is not a mono symbol file
Symbol file data-000002CB76452020 doesn't match image F:\2d hebraya game master\Hevraya 2d\ProjectSettings\Hevraya 2d\Library\ScriptAssemblies\UnityEngine.UI.dll
Symbol file LoadedFromMemory is not a mono symbol file
Symbol file data-000002CB99B22010 doesn't match image F:\2d hebraya game master\Hevraya 2d\ProjectSettings\Hevraya 2d\Library\ScriptAssemblies\Unity.Mathematics.dll
Symbol file LoadedFromMemory is not a mono symbol file
Symbol file data-000002CB70D9DE30 doesn't match image F:\2d hebraya game master\Hevraya 2d\ProjectSettings\Hevraya 2d\Library\ScriptAssemblies\Unity.2D.IK.Runtime.dll
Symbol file LoadedFromMemory is not a mono symbol file
Symbol file data-000002CB76452020 doesn't match image F:\2d hebraya game master\Hevraya 2d\ProjectSettings\Hevraya 2d\Library\ScriptAssemblies\Unity.2D.Animation.Triangle.Runtime.dll
Symbol file LoadedFromMemory is not a mono symbol file
Symbol file data-000002CB711B4780 doesn't match image F:\2d hebraya game master\Hevraya 2d\ProjectSettings\Hevraya 2d\Library\ScriptAssemblies\Unity.2D.Animation.Runtime.dll
Symbol file LoadedFromMemory is not a mono symbol file
Symbol file data-000002CB70DA9D10 doesn't match image F:\2d hebraya game master\Hevraya 2d\ProjectSettings\Hevraya 2d\Library\ScriptAssemblies\Unity.2D.PixelPerfect.Editor.dll
Symbol file LoadedFromMemory is not a mono symbol file
Symbol file data-000002CB77023020 doesn't match image F:\2d hebraya game master\Hevraya 2d\ProjectSettings\Hevraya 2d\Library\ScriptAssemblies\Unity.Timeline.Editor.dll
Symbol file LoadedFromMemory is not a mono symbol file
Symbol file data-000002CB77FAFB30 doesn't match image F:\2d hebraya game master\Hevraya 2d\ProjectSettings\Hevraya 2d\Library\ScriptAssemblies\Unity.CollabProxy.Editor.dll
Symbol file LoadedFromMemory is not a mono symbol file
Symbol file data-000002CB71397020 doesn't match image F:\2d hebraya game master\Hevraya 2d\ProjectSettings\Hevraya 2d\Library\ScriptAssemblies\Unity.Mathematics.Editor.dll
Symbol file LoadedFromMemory is not a mono symbol file
Symbol file data-000002C9C932DA20 doesn't match image F:\2d hebraya game master\Hevraya 2d\ProjectSettings\Hevraya 2d\Library\ScriptAssemblies\Unity.2D.Common.Runtime.dll
Symbol file LoadedFromMemory is not a mono symbol file
Symbol file data-000002CB99344020 doesn't match image F:\2d hebraya game master\Hevraya 2d\ProjectSettings\Hevraya 2d\Library\ScriptAssemblies\Unity.2D.SpriteShape.Editor.dll
Symbol file LoadedFromMemory is not a mono symbol file
Symbol file data-000002CB70D9DE30 doesn't match image F:\2d hebraya game master\Hevraya 2d\ProjectSettings\Hevraya 2d\Library\ScriptAssemblies\Unity.2D.Common.Editor.dll
Symbol file LoadedFromMemory is not a mono symbol file
Symbol file data-000002CB77FAFB30 doesn't match image F:\2d hebraya game master\Hevraya 2d\ProjectSettings\Hevraya 2d\Library\ScriptAssemblies\Unity.2D.SpriteShape.Runtime.dll
Symbol file LoadedFromMemory is not a mono symbol file
Native extension for WindowsStandalone target not found
Refreshing native plugins compatible for Editor in 0.34 ms, found 1 plugins.
Preloading 0 native plugins for Editor in 0.00 ms.
Invoked RoslynAnalysisRunner static constructor.
RoslynAnalysisRunner will not be running.
RoslynAnalysisRunner has terminated.
Mono: successfully reloaded assembly
- Completed reload, in  0.670 seconds
Platform modules already initialized, skipping
Refreshing native plugins compatible for Editor in 0.38 ms, found 1 plugins.
Preloading 0 native plugins for Editor in 0.00 ms.
Unloading 1810 Unused Serialized files (Serialized files now loaded: 0)
System memory in use before: 88.2 MB.
System memory in use after: 88.2 MB.

Unloading 12 unused Assets to reduce memory usage. Loaded Objects now: 2296.
Total: 1.851500 ms (FindLiveObjects: 0.208200 ms CreateObjectMapping: 0.039500 ms MarkObjects: 1.480500 ms  DeleteObjects: 0.122500 ms)

========================================================================
Received Prepare
Registering precompiled user dll's ...
Registered in 0.000774 seconds.
Begin MonoManager ReloadAssembly
Symbol file data-000002CB7507C020 doesn't match image F:\2d hebraya game master\Hevraya 2d\ProjectSettings\Hevraya 2d\Library\ScriptAssemblies\Unity.2D.Animation.Editor.dll
Symbol file LoadedFromMemory is not a mono symbol file
Symbol file data-000002CB78012E80 doesn't match image F:\2d hebraya game master\Hevraya 2d\ProjectSettings\Hevraya 2d\Library\ScriptAssemblies\Unity.InternalAPIEngineBridge.001.dll
Symbol file LoadedFromMemory is not a mono symbol file
Symbol file data-000002CB750C5FE0 doesn't match image F:\2d hebraya game master\Hevraya 2d\ProjectSettings\Hevraya 2d\Library\ScriptAssemblies\Unity.VSCode.Editor.dll
Symbol file LoadedFromMemory is not a mono symbol file
Symbol file data-000002CB99CEC1C0 doesn't match image F:\2d hebraya game master\Hevraya 2d\ProjectSettings\Hevraya 2d\Library\ScriptAssemblies\Unity.2D.PixelPerfect.dll
Symbol file LoadedFromMemory is not a mono symbol file
Symbol file data-000002CB75202030 doesn't match image F:\2d hebraya game master\Hevraya 2d\ProjectSettings\Hevraya 2d\Library\ScriptAssemblies\Unity.2D.Tilemap.Editor.dll
Symbol file LoadedFromMemory is not a mono symbol file
Symbol file data-000002CB992E8190 doesn't match image F:\2d hebraya game master\Hevraya 2d\ProjectSettings\Hevraya 2d\Library\ScriptAssemblies\PsdPlugin.dll
Symbol file LoadedFromMemory is not a mono symbol file
Symbol file data-000002CB9952E020 doesn't match image F:\2d hebraya game master\Hevraya 2d\ProjectSettings\Hevraya 2d\Library\ScriptAssemblies\Unity.TextMeshPro.Editor.dll
Symbol file LoadedFromMemory is not a mono symbol file
Symbol file data-000002CB76A34010 doesn't match image F:\2d hebraya game master\Hevraya 2d\ProjectSettings\Hevraya 2d\Library\ScriptAssemblies\Unity.VisualStudio.Editor.dll
Symbol file LoadedFromMemory is not a mono symbol file
Symbol file data-000002CB991A4020 doesn't match image F:\2d hebraya game master\Hevraya 2d\ProjectSettings\Hevraya 2d\Library\ScriptAssemblies\UnityEngine.TestRunner.dll
Symbol file LoadedFromMemory is not a mono symbol file
Symbol file data-000002CB75202030 doesn't match image F:\2d hebraya game master\Hevraya 2d\ProjectSettings\Hevraya 2d\Library\ScriptAssemblies\Unity.Timeline.dll
Symbol file LoadedFromMemory is not a mono symbol file
Symbol file data-000002CB76882020 doesn't match image F:\2d hebraya game master\Hevraya 2d\ProjectSettings\Hevraya 2d\Library\ScriptAssemblies\Unity.TextMeshPro.dll
Symbol file LoadedFromMemory is not a mono symbol file
Symbol file data-000002CB75AF0020 doesn't match image F:\2d hebraya game master\Hevraya 2d\ProjectSettings\Hevraya 2d\Library\ScriptAssemblies\UnityEditor.TestRunner.dll
Symbol file LoadedFromMemory is not a mono symbol file
Symbol file data-000002CB750C5FE0 doesn't match image F:\2d hebraya game master\Hevraya 2d\ProjectSettings\Hevraya 2d\Library\ScriptAssemblies\Unity.2D.IK.Editor.dll
Symbol file LoadedFromMemory is not a mono symbol file
Symbol file data-000002CB75264010 doesn't match image F:\2d hebraya game master\Hevraya 2d\ProjectSettings\Hevraya 2d\Library\ScriptAssemblies\Unity.2D.Sprite.Editor.dll
Symbol file LoadedFromMemory is not a mono symbol file
Symbol file data-000002CB99344020 doesn't match image F:\2d hebraya game master\Hevraya 2d\ProjectSettings\Hevraya 2d\Library\ScriptAssemblies\Unity.2D.Psdimporter.Editor.dll
Symbol file LoadedFromMemory is not a mono symbol file
Symbol file data-000002CB77255510 doesn't match image F:\2d hebraya game master\Hevraya 2d\ProjectSettings\Hevraya 2d\Library\ScriptAssemblies\Unity.2D.Path.Editor.dll
Symbol file LoadedFromMemory is not a mono symbol file
Symbol file data-000002CB75EDB080 doesn't match image F:\2d hebraya game master\Hevraya 2d\ProjectSettings\Hevraya 2d\Library\ScriptAssemblies\Unity.InternalAPIEditorBridge.001.dll
Symbol file LoadedFromMemory is not a mono symbol file
Symbol file data-000002CB99344020 doesn't match image F:\2d hebraya game master\Hevraya 2d\ProjectSettings\Hevraya 2d\Library\ScriptAssemblies\UnityEditor.UI.dll
Symbol file LoadedFromMemory is not a mono symbol file
Symbol file data-000002CB71392C90 doesn't match image F:\2d hebraya game master\Hevraya 2d\ProjectSettings\Hevraya 2d\Library\ScriptAssemblies\Unity.Rider.Editor.dll
Symbol file LoadedFromMemory is not a mono symbol file
Symbol file data-000002CB76452020 doesn't match image F:\2d hebraya game master\Hevraya 2d\ProjectSettings\Hevraya 2d\Library\ScriptAssemblies\UnityEngine.UI.dll
Symbol file LoadedFromMemory is not a mono symbol file
Symbol file data-000002CB99B22010 doesn't match image F:\2d hebraya game master\Hevraya 2d\ProjectSettings\Hevraya 2d\Library\ScriptAssemblies\Unity.Mathematics.dll
Symbol file LoadedFromMemory is not a mono symbol file
Symbol file data-000002CB750C5FE0 doesn't match image F:\2d hebraya game master\Hevraya 2d\ProjectSettings\Hevraya 2d\Library\ScriptAssemblies\Unity.2D.IK.Runtime.dll
Symbol file LoadedFromMemory is not a mono symbol file
Symbol file data-000002CB76452020 doesn't match image F:\2d hebraya game master\Hevraya 2d\ProjectSettings\Hevraya 2d\Library\ScriptAssemblies\Unity.2D.Animation.Triangle.Runtime.dll
Symbol file LoadedFromMemory is not a mono symbol file
Symbol file data-000002CB711B4780 doesn't match image F:\2d hebraya game master\Hevraya 2d\ProjectSettings\Hevraya 2d\Library\ScriptAssemblies\Unity.2D.Animation.Runtime.dll
Symbol file LoadedFromMemory is not a mono symbol file
Symbol file data-000002CB70DA9D10 doesn't match image F:\2d hebraya game master\Hevraya 2d\ProjectSettings\Hevraya 2d\Library\ScriptAssemblies\Unity.2D.PixelPerfect.Editor.dll
Symbol file LoadedFromMemory is not a mono symbol file
Symbol file data-000002CB77530080 doesn't match image F:\2d hebraya game master\Hevraya 2d\ProjectSettings\Hevraya 2d\Library\ScriptAssemblies\Unity.Timeline.Editor.dll
Symbol file LoadedFromMemory is not a mono symbol file
Symbol file data-000002CB7579F020 doesn't match image F:\2d hebraya game master\Hevraya 2d\ProjectSettings\Hevraya 2d\Library\ScriptAssemblies\Unity.CollabProxy.Editor.dll
Symbol file LoadedFromMemory is not a mono symbol file
Symbol file data-000002CB77F32300 doesn't match image F:\2d hebraya game master\Hevraya 2d\ProjectSettings\Hevraya 2d\Library\ScriptAssemblies\Unity.Mathematics.Editor.dll
Symbol file LoadedFromMemory is not a mono symbol file
Symbol file data-000002CB70DF9370 doesn't match image F:\2d hebraya game master\Hevraya 2d\ProjectSettings\Hevraya 2d\Library\ScriptAssemblies\Unity.2D.Common.Runtime.dll
Symbol file LoadedFromMemory is not a mono symbol file
Symbol file data-000002CB99344020 doesn't match image F:\2d hebraya game master\Hevraya 2d\ProjectSettings\Hevraya 2d\Library\ScriptAssemblies\Unity.2D.SpriteShape.Editor.dll
Symbol file LoadedFromMemory is not a mono symbol file
Symbol file data-000002CB750C5FE0 doesn't match image F:\2d hebraya game master\Hevraya 2d\ProjectSettings\Hevraya 2d\Library\ScriptAssemblies\Unity.2D.Common.Editor.dll
Symbol file LoadedFromMemory is not a mono symbol file
Symbol file data-000002CB992BBEB0 doesn't match image F:\2d hebraya game master\Hevraya 2d\ProjectSettings\Hevraya 2d\Library\ScriptAssemblies\Unity.2D.SpriteShape.Runtime.dll
Symbol file LoadedFromMemory is not a mono symbol file
Native extension for WindowsStandalone target not found
Refreshing native plugins compatible for Editor in 0.38 ms, found 1 plugins.
Preloading 0 native plugins for Editor in 0.00 ms.
Invoked RoslynAnalysisRunner static constructor.
RoslynAnalysisRunner will not be running.
RoslynAnalysisRunner has terminated.
Mono: successfully reloaded assembly
- Completed reload, in  0.670 seconds
Platform modules already initialized, skipping
Refreshing native plugins compatible for Editor in 0.34 ms, found 1 plugins.
Preloading 0 native plugins for Editor in 0.00 ms.
Unloading 1810 Unused Serialized files (Serialized files now loaded: 0)
System memory in use before: 88.2 MB.
System memory in use after: 88.2 MB.

Unloading 12 unused Assets to reduce memory usage. Loaded Objects now: 2300.
Total: 1.880600 ms (FindLiveObjects: 0.225600 ms CreateObjectMapping: 0.039400 ms MarkObjects: 1.492800 ms  DeleteObjects: 0.121600 ms)

========================================================================
Received Prepare
Registering precompiled user dll's ...
Registered in 0.000757 seconds.
Begin MonoManager ReloadAssembly
Symbol file data-000002CB752FE010 doesn't match image F:\2d hebraya game master\Hevraya 2d\ProjectSettings\Hevraya 2d\Library\ScriptAssemblies\Unity.2D.Animation.Editor.dll
Symbol file LoadedFromMemory is not a mono symbol file
Symbol file data-000002CB78012E80 doesn't match image F:\2d hebraya game master\Hevraya 2d\ProjectSettings\Hevraya 2d\Library\ScriptAssemblies\Unity.InternalAPIEngineBridge.001.dll
Symbol file LoadedFromMemory is not a mono symbol file
Symbol file data-000002CB750C5FE0 doesn't match image F:\2d hebraya game master\Hevraya 2d\ProjectSettings\Hevraya 2d\Library\ScriptAssemblies\Unity.VSCode.Editor.dll
Symbol file LoadedFromMemory is not a mono symbol file
Symbol file data-000002CB99CEB4B0 doesn't match image F:\2d hebraya game master\Hevraya 2d\ProjectSettings\Hevraya 2d\Library\ScriptAssemblies\Unity.2D.PixelPerfect.dll
Symbol file LoadedFromMemory is not a mono symbol file
Symbol file data-000002CB75202030 doesn't match image F:\2d hebraya game master\Hevraya 2d\ProjectSettings\Hevraya 2d\Library\ScriptAssemblies\Unity.2D.Tilemap.Editor.dll
Symbol file LoadedFromMemory is not a mono symbol file
Symbol file data-000002CB992E8190 doesn't match image F:\2d hebraya game master\Hevraya 2d\ProjectSettings\Hevraya 2d\Library\ScriptAssemblies\PsdPlugin.dll
Symbol file LoadedFromMemory is not a mono symbol file
Symbol file data-000002CB777E0010 doesn't match image F:\2d hebraya game master\Hevraya 2d\ProjectSettings\Hevraya 2d\Library\ScriptAssemblies\Unity.TextMeshPro.Editor.dll
Symbol file LoadedFromMemory is not a mono symbol file
Symbol file data-000002CB9A021040 doesn't match image F:\2d hebraya game master\Hevraya 2d\ProjectSettings\Hevraya 2d\Library\ScriptAssemblies\Unity.VisualStudio.Editor.dll
Symbol file LoadedFromMemory is not a mono symbol file
Symbol file data-000002CB7579F020 doesn't match image F:\2d hebraya game master\Hevraya 2d\ProjectSettings\Hevraya 2d\Library\ScriptAssemblies\UnityEngine.TestRunner.dll
Symbol file LoadedFromMemory is not a mono symbol file
Symbol file data-000002CB75202030 doesn't match image F:\2d hebraya game master\Hevraya 2d\ProjectSettings\Hevraya 2d\Library\ScriptAssemblies\Unity.Timeline.dll
Symbol file LoadedFromMemory is not a mono symbol file
Symbol file data-000002CB76882020 doesn't match image F:\2d hebraya game master\Hevraya 2d\ProjectSettings\Hevraya 2d\Library\ScriptAssemblies\Unity.TextMeshPro.dll
Symbol file LoadedFromMemory is not a mono symbol file
Symbol file data-000002CB75AF0020 doesn't match image F:\2d hebraya game master\Hevraya 2d\ProjectSettings\Hevraya 2d\Library\ScriptAssemblies\UnityEditor.TestRunner.dll
Symbol file LoadedFromMemory is not a mono symbol file
Symbol file data-000002CB750C5FE0 doesn't match image F:\2d hebraya game master\Hevraya 2d\ProjectSettings\Hevraya 2d\Library\ScriptAssemblies\Unity.2D.IK.Editor.dll
Symbol file LoadedFromMemory is not a mono symbol file
Symbol file data-000002CB77FAD040 doesn't match image F:\2d hebraya game master\Hevraya 2d\ProjectSettings\Hevraya 2d\Library\ScriptAssemblies\Unity.2D.Sprite.Editor.dll
Symbol file LoadedFromMemory is not a mono symbol file
Symbol file data-000002CB99344020 doesn't match image F:\2d hebraya game master\Hevraya 2d\ProjectSettings\Hevraya 2d\Library\ScriptAssemblies\Unity.2D.Psdimporter.Editor.dll
Symbol file LoadedFromMemory is not a mono symbol file
Symbol file data-000002CB77255510 doesn't match image F:\2d hebraya game master\Hevraya 2d\ProjectSettings\Hevraya 2d\Library\ScriptAssemblies\Unity.2D.Path.Editor.dll
Symbol file LoadedFromMemory is not a mono symbol file
Symbol file data-000002CB75758030 doesn't match image F:\2d hebraya game master\Hevraya 2d\ProjectSettings\Hevraya 2d\Library\ScriptAssemblies\Unity.InternalAPIEditorBridge.001.dll
Symbol file LoadedFromMemory is not a mono symbol file
Symbol file data-000002CB99344020 doesn't match image F:\2d hebraya game master\Hevraya 2d\ProjectSettings\Hevraya 2d\Library\ScriptAssemblies\UnityEditor.UI.dll
Symbol file LoadedFromMemory is not a mono symbol file
Symbol file data-000002CB6B957660 doesn't match image F:\2d hebraya game master\Hevraya 2d\ProjectSettings\Hevraya 2d\Library\ScriptAssemblies\Unity.Rider.Editor.dll
Symbol file LoadedFromMemory is not a mono symbol file
Symbol file data-000002CB76452020 doesn't match image F:\2d hebraya game master\Hevraya 2d\ProjectSettings\Hevraya 2d\Library\ScriptAssemblies\UnityEngine.UI.dll
Symbol file LoadedFromMemory is not a mono symbol file
Symbol file data-000002CB99B22010 doesn't match image F:\2d hebraya game master\Hevraya 2d\ProjectSettings\Hevraya 2d\Library\ScriptAssemblies\Unity.Mathematics.dll
Symbol file LoadedFromMemory is not a mono symbol file
Symbol file data-000002CB750C5FE0 doesn't match image F:\2d hebraya game master\Hevraya 2d\ProjectSettings\Hevraya 2d\Library\ScriptAssemblies\Unity.2D.IK.Runtime.dll
Symbol file LoadedFromMemory is not a mono symbol file
Symbol file data-000002CB76452020 doesn't match image F:\2d hebraya game master\Hevraya 2d\ProjectSettings\Hevraya 2d\Library\ScriptAssemblies\Unity.2D.Animation.Triangle.Runtime.dll
Symbol file LoadedFromMemory is not a mono symbol file
Symbol file data-000002CB711B4780 doesn't match image F:\2d hebraya game master\Hevraya 2d\ProjectSettings\Hevraya 2d\Library\ScriptAssemblies\Unity.2D.Animation.Runtime.dll
Symbol file LoadedFromMemory is not a mono symbol file
Symbol file data-000002CB754E7F80 doesn't match image F:\2d hebraya game master\Hevraya 2d\ProjectSettings\Hevraya 2d\Library\ScriptAssemblies\Unity.2D.PixelPerfect.Editor.dll
Symbol file LoadedFromMemory is not a mono symbol file
Symbol file data-000002CB99EB10C0 doesn't match image F:\2d hebraya game master\Hevraya 2d\ProjectSettings\Hevraya 2d\Library\ScriptAssemblies\Unity.Timeline.Editor.dll
Symbol file LoadedFromMemory is not a mono symbol file
Symbol file data-000002CB7579F020 doesn't match image F:\2d hebraya game master\Hevraya 2d\ProjectSettings\Hevraya 2d\Library\ScriptAssemblies\Unity.CollabProxy.Editor.dll
Symbol file LoadedFromMemory is not a mono symbol file
Symbol file data-000002CB77F32300 doesn't match image F:\2d hebraya game master\Hevraya 2d\ProjectSettings\Hevraya 2d\Library\ScriptAssemblies\Unity.Mathematics.Editor.dll
Symbol file LoadedFromMemory is not a mono symbol file
Symbol file data-000002CB70AC5DB0 doesn't match image F:\2d hebraya game master\Hevraya 2d\ProjectSettings\Hevraya 2d\Library\ScriptAssemblies\Unity.2D.Common.Runtime.dll
Symbol file LoadedFromMemory is not a mono symbol file
Symbol file data-000002CB99344020 doesn't match image F:\2d hebraya game master\Hevraya 2d\ProjectSettings\Hevraya 2d\Library\ScriptAssemblies\Unity.2D.SpriteShape.Editor.dll
Symbol file LoadedFromMemory is not a mono symbol file
Symbol file data-000002CB750C5FE0 doesn't match image F:\2d hebraya game master\Hevraya 2d\ProjectSettings\Hevraya 2d\Library\ScriptAssemblies\Unity.2D.Common.Editor.dll
Symbol file LoadedFromMemory is not a mono symbol file
Symbol file data-000002CB77D3F030 doesn't match image F:\2d hebraya game master\Hevraya 2d\ProjectSettings\Hevraya 2d\Library\ScriptAssemblies\Unity.2D.SpriteShape.Runtime.dll
Symbol file LoadedFromMemory is not a mono symbol file
Native extension for WindowsStandalone target not found
Refreshing native plugins compatible for Editor in 0.35 ms, found 1 plugins.
Preloading 0 native plugins for Editor in 0.00 ms.
Invoked RoslynAnalysisRunner static constructor.
RoslynAnalysisRunner will not be running.
RoslynAnalysisRunner has terminated.
Mono: successfully reloaded assembly
- Completed reload, in  0.667 seconds
Platform modules already initialized, skipping
Refreshing native plugins compatible for Editor in 0.34 ms, found 1 plugins.
Preloading 0 native plugins for Editor in 0.00 ms.
Unloading 1810 Unused Serialized files (Serialized files now loaded: 0)
System memory in use before: 88.2 MB.
System memory in use after: 88.2 MB.

Unloading 12 unused Assets to reduce memory usage. Loaded Objects now: 2304.
Total: 1.980500 ms (FindLiveObjects: 0.271400 ms CreateObjectMapping: 0.045900 ms MarkObjects: 1.551500 ms  DeleteObjects: 0.110600 ms)

